<?xml version="1.0" encoding="UTF-8"?>
<!-- Generated by org.testng.reporters.JUnitXMLReporter -->
<testsuite ignored="0" hostname="WorkBook" failures="0" tests="15" name="Default test" time="99.594" errors="0" timestamp="2026-04-23T13:34:57 IST">
  <testcase classname="com.tests.AboutUsTest" name="verifyAboutUsModalOpensWhenUserClicksNavbarLink" time="1.495"/>
  <testcase classname="com.tests.AboutUsTest" name="verifyAboutUsModalTitleIsCorrect" time="0.968"/>
  <testcase classname="com.tests.AboutUsTest" name="verifyBigPlayButtonIsVisible" time="0.941"/>
  <testcase classname="com.tests.AboutUsTest" name="verifyCloseButtonAndXButtonAreVisible" time="1.019"/>
  <testcase classname="com.tests.AboutUsTest" name="verifyModalClosesWhenCloseButtonIsClicked" time="1.719"/>
  <testcase classname="com.tests.AboutUsTest" name="verifyModalClosesWhenXButtonIsClicked" time="1.62"/>
  <testcase classname="com.tests.AboutUsTest" name="verifyModalContainsVideoPlayerContainer" time="0.967"/>
  <testcase classname="com.tests.AboutUsTest" name="verifyUserCanAdjustVolumeLevel" time="6.614"/>
  <testcase classname="com.tests.AboutUsTest" name="verifyVideoCanBeMutedAndUnmuted" time="1.773"/>
  <testcase classname="com.tests.AboutUsTest" name="verifyVideoCanBePausedAndResumed" time="1.965"/>
  <testcase classname="com.tests.AboutUsTest" name="verifyVideoCanEnterAndExitFullscreen" time="5.417"/>
  <testcase classname="com.tests.AboutUsTest" name="verifyVideoIsPausedInitially" time="2.078"/>
  <testcase classname="com.tests.AboutUsTest" name="verifyVideoPausesAfterPlay" time="1.622"/>
  <testcase classname="com.tests.AboutUsTest" name="verifyVideoSeeksToSpecificTime" time="2.114"/>
  <testcase classname="com.tests.AboutUsTest" name="verifyVideoStartsPlayingWhenPlayButtonIsClicked" time="1.212"/>
</testsuite> <!-- Default test -->
