<?xml version="1.0" encoding="UTF-8"?>
<!-- Generated by org.testng.reporters.JUnitXMLReporter -->
<testsuite ignored="0" hostname="WorkBook" failures="40" tests="169" name="Demoblaze Tests" time="1659.844" errors="0" timestamp="2026-04-23T14:47:01 IST">
  <testcase classname="com.tests.LoginTest" name="verifyAlertMessageTextDisplayedCorrectly" time="1.219"/>
  <testcase classname="com.tests.LoginTest" name="verifyClickingLoginLinkOpensLoginModal" time="1.008"/>
  <testcase classname="com.tests.LoginTest" name="verifyFieldsClearedAfterCloseAndReopen" time="2.854">
    <failure type="java.lang.AssertionError" message="Username field retained old value after reopening. expected [true] but found [false]">
      <![CDATA[java.lang.AssertionError: Username field retained old value after reopening. expected [true] but found [false]
at com.tests.LoginTest.verifyFieldsClearedAfterCloseAndReopen(LoginTest.java:238)
at java.base/java.util.ArrayList.forEach(ArrayList.java:1596)
at java.base/java.util.concurrent.FutureTask.run(FutureTask.java:317)
at java.base/java.util.concurrent.ThreadPoolExecutor.runWorker(ThreadPoolExecutor.java:1144)
at java.base/java.util.concurrent.ThreadPoolExecutor$Worker.run(ThreadPoolExecutor.java:642)
at java.base/java.lang.Thread.run(Thread.java:1583)
... Removed 18 stack frames]]>
    </failure>
  </testcase> <!-- verifyFieldsClearedAfterCloseAndReopen -->
  <testcase classname="com.tests.LoginTest" name="verifyForgotPasswordOptionAvailable" time="0.866">
    <failure type="java.lang.AssertionError" message="Forgot Password option is missing. expected [true] but found [false]">
      <![CDATA[java.lang.AssertionError: Forgot Password option is missing. expected [true] but found [false]
at com.tests.LoginTest.verifyForgotPasswordOptionAvailable(LoginTest.java:286)
at java.base/java.util.ArrayList.forEach(ArrayList.java:1596)
at java.base/java.util.concurrent.FutureTask.run(FutureTask.java:317)
at java.base/java.util.concurrent.ThreadPoolExecutor.runWorker(ThreadPoolExecutor.java:1144)
at java.base/java.util.concurrent.ThreadPoolExecutor$Worker.run(ThreadPoolExecutor.java:642)
at java.base/java.lang.Thread.run(Thread.java:1583)
... Removed 18 stack frames]]>
    </failure>
  </testcase> <!-- verifyForgotPasswordOptionAvailable -->
  <testcase classname="com.tests.LoginTest" name="verifyLoggedInUserCanAccessProfileViewOption" time="3.699">
    <failure type="java.lang.AssertionError" message="Profile view option is missing. expected [true] but found [false]">
      <![CDATA[java.lang.AssertionError: Profile view option is missing. expected [true] but found [false]
at com.tests.LoginTest.verifyLoggedInUserCanAccessProfileViewOption(LoginTest.java:314)
at java.base/java.util.ArrayList.forEach(ArrayList.java:1596)
at java.base/java.util.concurrent.FutureTask.run(FutureTask.java:317)
at java.base/java.util.concurrent.ThreadPoolExecutor.runWorker(ThreadPoolExecutor.java:1144)
at java.base/java.util.concurrent.ThreadPoolExecutor$Worker.run(ThreadPoolExecutor.java:642)
at java.base/java.lang.Thread.run(Thread.java:1583)
... Removed 18 stack frames]]>
    </failure>
  </testcase> <!-- verifyLoggedInUserCanAccessProfileViewOption -->
  <testcase classname="com.tests.LoginTest" name="verifyLoggedInUserCanChangePassword" time="3.855">
    <failure type="java.lang.AssertionError" message="Change password option is missing. expected [true] but found [false]">
      <![CDATA[java.lang.AssertionError: Change password option is missing. expected [true] but found [false]
at com.tests.LoginTest.verifyLoggedInUserCanChangePassword(LoginTest.java:344)
at java.base/java.util.ArrayList.forEach(ArrayList.java:1596)
at java.base/java.util.concurrent.FutureTask.run(FutureTask.java:317)
at java.base/java.util.concurrent.ThreadPoolExecutor.runWorker(ThreadPoolExecutor.java:1144)
at java.base/java.util.concurrent.ThreadPoolExecutor$Worker.run(ThreadPoolExecutor.java:642)
at java.base/java.lang.Thread.run(Thread.java:1583)
... Removed 18 stack frames]]>
    </failure>
  </testcase> <!-- verifyLoggedInUserCanChangePassword -->
  <testcase classname="com.tests.LoginTest" name="verifyLoggedInUserCanViewOrderOrPurchaseHistory" time="3.348">
    <failure type="java.lang.AssertionError" message="Order or purchase history option is missing. expected [true] but found [false]">
      <![CDATA[java.lang.AssertionError: Order or purchase history option is missing. expected [true] but found [false]
at com.tests.LoginTest.verifyLoggedInUserCanViewOrderOrPurchaseHistory(LoginTest.java:374)
at java.base/java.util.ArrayList.forEach(ArrayList.java:1596)
at java.base/java.util.concurrent.FutureTask.run(FutureTask.java:317)
at java.base/java.util.concurrent.ThreadPoolExecutor.runWorker(ThreadPoolExecutor.java:1144)
at java.base/java.util.concurrent.ThreadPoolExecutor$Worker.run(ThreadPoolExecutor.java:642)
at java.base/java.lang.Thread.run(Thread.java:1583)
... Removed 18 stack frames]]>
    </failure>
  </testcase> <!-- verifyLoggedInUserCanViewOrderOrPurchaseHistory -->
  <testcase classname="com.tests.LoginTest" name="verifyLoggedInUserCanViewSavedPaymentOrBillingDetails" time="3.899">
    <failure type="java.lang.AssertionError" message="Saved payment or billing details option is missing. expected [true] but found [false]">
      <![CDATA[java.lang.AssertionError: Saved payment or billing details option is missing. expected [true] but found [false]
at com.tests.LoginTest.verifyLoggedInUserCanViewSavedPaymentOrBillingDetails(LoginTest.java:405)
at java.base/java.util.ArrayList.forEach(ArrayList.java:1596)
at java.base/java.util.concurrent.FutureTask.run(FutureTask.java:317)
at java.base/java.util.concurrent.ThreadPoolExecutor.runWorker(ThreadPoolExecutor.java:1144)
at java.base/java.util.concurrent.ThreadPoolExecutor$Worker.run(ThreadPoolExecutor.java:642)
at java.base/java.lang.Thread.run(Thread.java:1583)
... Removed 18 stack frames]]>
    </failure>
  </testcase> <!-- verifyLoggedInUserCanViewSavedPaymentOrBillingDetails -->
  <testcase classname="com.tests.LoginTest" name="verifyLoginLinkIsDisplayedOnNavbar" time="0.07"/>
  <testcase classname="com.tests.LoginTest" name="verifyLoginModalContainsButtons" time="1.266"/>
  <testcase classname="com.tests.LoginTest" name="verifyLoginModalContainsUsernameAndPasswordFields" time="1.06"/>
  <testcase classname="com.tests.LoginTest" name="verifyLoginModalHeaderText" time="0.922"/>
  <testcase classname="com.tests.LoginTest" name="verifyLoginSucceedsForEachValidUsernameAndPassword" time="4.648"/>
  <testcase classname="com.tests.LoginTest" name="verifyPasswordFieldProvidesShowHideOption" time="0.877">
    <failure type="java.lang.AssertionError" message="Show/Hide password option is missing. expected [true] but found [false]">
      <![CDATA[java.lang.AssertionError: Show/Hide password option is missing. expected [true] but found [false]
at com.tests.LoginTest.verifyPasswordFieldProvidesShowHideOption(LoginTest.java:423)
at java.base/java.util.ArrayList.forEach(ArrayList.java:1596)
at java.base/java.util.concurrent.FutureTask.run(FutureTask.java:317)
at java.base/java.util.concurrent.ThreadPoolExecutor.runWorker(ThreadPoolExecutor.java:1144)
at java.base/java.util.concurrent.ThreadPoolExecutor$Worker.run(ThreadPoolExecutor.java:642)
at java.base/java.lang.Thread.run(Thread.java:1583)
... Removed 18 stack frames]]>
    </failure>
  </testcase> <!-- verifyPasswordFieldProvidesShowHideOption -->
  <testcase classname="com.tests.LoginTest" name="verifyUsernameAndPasswordLabels" time="1.028"/>
  <testcase classname="com.tests.LoginTest" name="verifyValidationWhenPasswordBlank" time="1.248"/>
  <testcase classname="com.tests.LoginTest" name="verifyValidationWhenUsernameBlank" time="1.221"/>
  <testcase classname="com.tests.SignupTest" name="verifyButtonsAreVisibleInSignupModal" time="0.995"/>
  <testcase classname="com.tests.SignupTest" name="verifyClickingSignUpOpensSignupModal" time="0.898"/>
  <testcase classname="com.tests.SignupTest" name="verifyDataIsClearedAfterClosingAndReopeningSignupModal" time="2.987">
    <failure type="java.lang.AssertionError" message="Username field retained old value after reopening. expected [true] but found [false]">
      <![CDATA[java.lang.AssertionError: Username field retained old value after reopening. expected [true] but found [false]
at com.tests.SignupTest.verifyDataIsClearedAfterClosingAndReopeningSignupModal(SignupTest.java:277)
at java.base/java.util.ArrayList.forEach(ArrayList.java:1596)
at java.base/java.util.concurrent.FutureTask.run(FutureTask.java:317)
at java.base/java.util.concurrent.ThreadPoolExecutor.runWorker(ThreadPoolExecutor.java:1144)
at java.base/java.util.concurrent.ThreadPoolExecutor$Worker.run(ThreadPoolExecutor.java:642)
at java.base/java.lang.Thread.run(Thread.java:1583)
... Removed 18 stack frames]]>
    </failure>
  </testcase> <!-- verifyDataIsClearedAfterClosingAndReopeningSignupModal -->
  <testcase classname="com.tests.SignupTest" name="verifyPasswordFieldLabel" time="0.981"/>
  <testcase classname="com.tests.SignupTest" name="verifyPasswordFieldProvidesShowHideToggleOption" time="0.878">
    <failure type="java.lang.AssertionError" message="Show/hide toggle option is missing in Password field. expected [true] but found [false]">
      <![CDATA[java.lang.AssertionError: Show/hide toggle option is missing in Password field. expected [true] but found [false]
at com.tests.SignupTest.verifyPasswordFieldProvidesShowHideToggleOption(SignupTest.java:334)
at java.base/java.util.ArrayList.forEach(ArrayList.java:1596)
at java.base/java.util.concurrent.FutureTask.run(FutureTask.java:317)
at java.base/java.util.concurrent.ThreadPoolExecutor.runWorker(ThreadPoolExecutor.java:1144)
at java.base/java.util.concurrent.ThreadPoolExecutor$Worker.run(ThreadPoolExecutor.java:642)
at java.base/java.lang.Thread.run(Thread.java:1583)
... Removed 18 stack frames]]>
    </failure>
  </testcase> <!-- verifyPasswordFieldProvidesShowHideToggleOption -->
  <testcase classname="com.tests.SignupTest" name="verifySignUpLinkIsVisibleInNavbar" time="0.065"/>
  <testcase classname="com.tests.SignupTest" name="verifySignupFormContainsEmailField" time="0.881"/>
  <testcase classname="com.tests.SignupTest" name="verifySignupModalDoesNotIncludeConfirmPasswordField" time="0.809">
    <failure type="java.lang.AssertionError" message="Confirm Password field is missing in signup modal. expected [true] but found [false]">
      <![CDATA[java.lang.AssertionError: Confirm Password field is missing in signup modal. expected [true] but found [false]
at com.tests.SignupTest.verifySignupModalDoesNotIncludeConfirmPasswordField(SignupTest.java:318)
at java.base/java.util.ArrayList.forEach(ArrayList.java:1596)
at java.base/java.util.concurrent.FutureTask.run(FutureTask.java:317)
at java.base/java.util.concurrent.ThreadPoolExecutor.runWorker(ThreadPoolExecutor.java:1144)
at java.base/java.util.concurrent.ThreadPoolExecutor$Worker.run(ThreadPoolExecutor.java:642)
at java.base/java.lang.Thread.run(Thread.java:1583)
... Removed 18 stack frames]]>
    </failure>
  </testcase> <!-- verifySignupModalDoesNotIncludeConfirmPasswordField -->
  <testcase classname="com.tests.SignupTest" name="verifySignupModalTitle" time="1.779"/>
  <testcase classname="com.tests.SignupTest" name="verifySignupWithExistingUser" time="2.51"/>
  <testcase classname="com.tests.SignupTest" name="verifySignupWithValidNewUser" time="0.0">
    <failure type="java.lang.RuntimeException" message="java.lang.RuntimeException: Failed to read Excel file: Sheet &amp;apos;signup&amp;apos; not found in src/test/resources/TestData.xlsx">
      <![CDATA[java.lang.RuntimeException: java.lang.RuntimeException: Failed to read Excel file: Sheet 'signup' not found in src/test/resources/TestData.xlsx
at java.base/java.util.ArrayList.forEach(ArrayList.java:1596)
at java.base/java.util.concurrent.FutureTask.run(FutureTask.java:317)
at java.base/java.util.concurrent.ThreadPoolExecutor.runWorker(ThreadPoolExecutor.java:1144)
at java.base/java.util.concurrent.ThreadPoolExecutor$Worker.run(ThreadPoolExecutor.java:642)
at java.base/java.lang.Thread.run(Thread.java:1583)
Caused by: java.lang.RuntimeException: Failed to read Excel file: Sheet 'signup' not found in src/test/resources/TestData.xlsx
at com.utils.ExcelUtil.getSheetData(ExcelUtil.java:48)
at com.tests.SignupTest.validSignupData(SignupTest.java:15)
... 19 more
Caused by: java.lang.RuntimeException: Sheet 'signup' not found in src/test/resources/TestData.xlsx
at com.utils.ExcelUtil.getSheetData(ExcelUtil.java:26)
... 25 more
... Removed 20 stack frames]]>
    </failure>
  </testcase> <!-- verifySignupWithValidNewUser -->
  <testcase classname="com.tests.SignupTest" name="verifySubmissionWithEmptyPassword" time="1.318"/>
  <testcase classname="com.tests.SignupTest" name="verifySubmissionWithEmptyUsername" time="1.263"/>
  <testcase classname="com.tests.SignupTest" name="verifyUsernameAndPasswordFieldsArePresent" time="1.035"/>
  <testcase classname="com.tests.SignupTest" name="verifyUsernameFieldLabel" time="0.874"/>
  <testcase classname="com.tests.SignupTest" name="verifyWeakCredentialsAreRejected" time="2.5">
    <failure type="java.lang.AssertionError" message="Weak credentials were not rejected properly. Alert was: This user already exist. expected [true] but found [false]">
      <![CDATA[java.lang.AssertionError: Weak credentials were not rejected properly. Alert was: This user already exist. expected [true] but found [false]
at com.tests.SignupTest.verifyWeakCredentialsAreRejected(SignupTest.java:247)
at java.base/java.util.ArrayList.forEach(ArrayList.java:1596)
at java.base/java.util.concurrent.FutureTask.run(FutureTask.java:317)
at java.base/java.util.concurrent.ThreadPoolExecutor.runWorker(ThreadPoolExecutor.java:1144)
at java.base/java.util.concurrent.ThreadPoolExecutor$Worker.run(ThreadPoolExecutor.java:642)
at java.base/java.lang.Thread.run(Thread.java:1583)
... Removed 18 stack frames]]>
    </failure>
  </testcase> <!-- verifyWeakCredentialsAreRejected -->
  <testcase classname="com.tests.SignupTest" name="verifyWeakCredentialsAreRejected" time="2.468">
    <failure type="java.lang.AssertionError" message="Weak credentials were not rejected properly. Alert was: This user already exist. expected [true] but found [false]">
      <![CDATA[java.lang.AssertionError: Weak credentials were not rejected properly. Alert was: This user already exist. expected [true] but found [false]
at com.tests.SignupTest.verifyWeakCredentialsAreRejected(SignupTest.java:247)
at java.base/java.util.ArrayList.forEach(ArrayList.java:1596)
at java.base/java.util.concurrent.FutureTask.run(FutureTask.java:317)
at java.base/java.util.concurrent.ThreadPoolExecutor.runWorker(ThreadPoolExecutor.java:1144)
at java.base/java.util.concurrent.ThreadPoolExecutor$Worker.run(ThreadPoolExecutor.java:642)
at java.base/java.lang.Thread.run(Thread.java:1583)
... Removed 18 stack frames]]>
    </failure>
  </testcase> <!-- verifyWeakCredentialsAreRejected -->
  <testcase classname="com.tests.SignupTest" name="verifyWeakCredentialsAreRejected" time="2.368">
    <failure type="java.lang.AssertionError" message="Weak credentials were not rejected properly. Alert was: This user already exist. expected [true] but found [false]">
      <![CDATA[java.lang.AssertionError: Weak credentials were not rejected properly. Alert was: This user already exist. expected [true] but found [false]
at com.tests.SignupTest.verifyWeakCredentialsAreRejected(SignupTest.java:247)
at java.base/java.util.ArrayList.forEach(ArrayList.java:1596)
at java.base/java.util.concurrent.FutureTask.run(FutureTask.java:317)
at java.base/java.util.concurrent.ThreadPoolExecutor.runWorker(ThreadPoolExecutor.java:1144)
at java.base/java.util.concurrent.ThreadPoolExecutor$Worker.run(ThreadPoolExecutor.java:642)
at java.base/java.lang.Thread.run(Thread.java:1583)
... Removed 18 stack frames]]>
    </failure>
  </testcase> <!-- verifyWeakCredentialsAreRejected -->
  <testcase classname="com.tests.HomeTest" name="verifyAboutModalOpens" time="0.877"/>
  <testcase classname="com.tests.HomeTest" name="verifyAllProductCategoryLinksVisible" time="0.246"/>
  <testcase classname="com.tests.HomeTest" name="verifyBrandLogoText" time="0.069"/>
  <testcase classname="com.tests.HomeTest" name="verifyCarouselContainsExactlyThreeSlides" time="0.064"/>
  <testcase classname="com.tests.HomeTest" name="verifyCarouselNextButtonChangesSlide" time="31.534"/>
  <testcase classname="com.tests.HomeTest" name="verifyCarouselPreviousButtonChangesSlideBack" time="62.144"/>
  <testcase classname="com.tests.HomeTest" name="verifyCarouselVisibleOnPageLoad" time="0.071"/>
  <testcase classname="com.tests.HomeTest" name="verifyCartNavigation" time="1.032"/>
  <testcase classname="com.tests.HomeTest" name="verifyClickingHomeKeepsUserOnHomePage" time="2.58"/>
  <testcase classname="com.tests.HomeTest" name="verifyContactModalOpens" time="0.858"/>
  <testcase classname="com.tests.HomeTest" name="verifyEachCategoryFilterReturnsProducts" time="1.923"/>
  <testcase classname="com.tests.HomeTest" name="verifyLaptopsCategoryDisplaysProducts" time="0.921"/>
  <testcase classname="com.tests.HomeTest" name="verifyLogoutLinkNotVisibleBeforeLogin" time="15.515"/>
  <testcase classname="com.tests.HomeTest" name="verifyMainNavigationBarLinksVisible" time="0.353"/>
  <testcase classname="com.tests.HomeTest" name="verifyMonitorsCategoryDisplaysProducts" time="0.899"/>
  <testcase classname="com.tests.HomeTest" name="verifyPageTitleContainsStore" time="0.018"/>
  <testcase classname="com.tests.HomeTest" name="verifyPhonesCategoryDisplaysProducts" time="0.317"/>
  <testcase classname="com.tests.HomeTest" name="verifyProductCardsLoadedInitially" time="0.585"/>
  <testcase classname="com.tests.ProductCategoryTest" name="verifyAllCategoryLinksAreVisible" time="0.207"/>
  <testcase classname="com.tests.ProductCategoryTest" name="verifyClickingNextChangesProductList" time="1.522"/>
  <testcase classname="com.tests.ProductCategoryTest" name="verifyEachCategoryReturnsAtLeastOneProduct" time="16.41"/>
  <testcase classname="com.tests.ProductCategoryTest" name="verifyLaptopsCategoryDisplaysProducts" time="2.18"/>
  <testcase classname="com.tests.ProductCategoryTest" name="verifyLaptopsCategoryShowsRelevantProducts" time="2.262"/>
  <testcase classname="com.tests.ProductCategoryTest" name="verifyMonitorsCategoryDisplaysProducts" time="1.659"/>
  <testcase classname="com.tests.ProductCategoryTest" name="verifyMonitorsCategoryShowsRelevantProducts" time="1.676"/>
  <testcase classname="com.tests.ProductCategoryTest" name="verifyNextButtonIsVisible" time="0.118"/>
  <testcase classname="com.tests.ProductCategoryTest" name="verifyPhonesCategoryDisplaysProducts" time="13.854"/>
  <testcase classname="com.tests.ProductCategoryTest" name="verifyPhonesCategoryShowsRelevantProducts" time="13.936"/>
  <testcase classname="com.tests.ProductCategoryTest" name="verifyPreviousWorksAfterClickingNext" time="2.963"/>
  <testcase classname="com.tests.ProductCategoryTest" name="verifyProductCardsVisibleOnInitialLoad" time="0.636"/>
  <testcase classname="com.tests.ProductCategoryTest" name="verifyProductCategorySectionIsVisible" time="0.071"/>
  <testcase classname="com.tests.ProductCategoryTest" name="verifySwitchingBetweenCategoriesUpdatesProductList" time="15.817"/>
  <testcase classname="com.tests.ProductDetailsTest" name="verifyAddToCartButtonDisplayedOnDetailsPage" time="5.161"/>
  <testcase classname="com.tests.ProductDetailsTest" name="verifyAddToCartShowsSuccessAlert" time="3.722"/>
  <testcase classname="com.tests.ProductDetailsTest" name="verifyClickedProductMatchesDetailsPage" time="2.865"/>
  <testcase classname="com.tests.ProductDetailsTest" name="verifyLaptopsCategoryProductDetailsOpen" time="5.681"/>
  <testcase classname="com.tests.ProductDetailsTest" name="verifyMonitorsCategoryProductDetailsOpen" time="3.967"/>
  <testcase classname="com.tests.ProductDetailsTest" name="verifyPhonesCategoryProductDetailsOpen" time="16.027"/>
  <testcase classname="com.tests.ProductDetailsTest" name="verifyProductDescriptionDisplayedOnDetailsPage" time="2.52"/>
  <testcase classname="com.tests.ProductDetailsTest" name="verifyProductDetailsPageUrlIsCorrect" time="2.579"/>
  <testcase classname="com.tests.ProductDetailsTest" name="verifyProductImageDisplayedOnDetailsPage" time="2.516"/>
  <testcase classname="com.tests.ProductDetailsTest" name="verifyProductNameDisplayedOnDetailsPage" time="7.681"/>
  <testcase classname="com.tests.ProductDetailsTest" name="verifyProductPriceDisplayedOnDetailsPage" time="3.82"/>
  <testcase classname="com.tests.ProductDetailsTest" name="verifyUserCanOpenProductDetailsPage" time="4.272"/>
  <testcase classname="com.tests.CartTest" name="verifyCartContainsAddedProductWithCorrectTitle" time="6.777"/>
  <testcase classname="com.tests.CartTest" name="verifyCartItemOrderAppearInSameOrderTheyWereAdded" time="47.686">
    <failure type="org.openqa.selenium.TimeoutException" message="Expected condition failed: waiting for visibility of element located by By.cssSelector: #tbodyid .card-title a (tried for 15 second(s) with 500 milliseconds interval)
Build info: version: &amp;apos;4.21.0&amp;apos;, revision: &amp;apos;79ed462ef4&amp;apos;
System info: os.name: &amp;apos;Windows 10&amp;apos;, os.arch: &amp;apos;amd64&amp;apos;, os.version: &amp;apos;10.0&amp;apos;, java.version: &amp;apos;21.0.10&amp;apos;
Driver info: org.openqa.selenium.chrome.ChromeDriver
Capabilities {acceptInsecureCerts: false, browserName: chrome, browserVersion: 147.0.7727.102, chrome: {chromedriverVersion: 147.0.7727.117 (474cc805edd..., userDataDir: C:\Users\User\AppData\Local...}, fedcm:accounts: true, goog:chromeOptions: {debuggerAddress: localhost:60375}, goog:processID: 56940, networkConnectionEnabled: false, pageLoadStrategy: normal, platformName: windows, proxy: Proxy(), se:cdp: ws://localhost:60375/devtoo..., se:cdpVersion: 147.0.7727.102, setWindowRect: true, strictFileInteractability: false, timeouts: {implicit: 0, pageLoad: 300000, script: 30000}, unhandledPromptBehavior: dismiss and notify, webauthn:extension:credBlob: true, webauthn:extension:largeBlob: true, webauthn:extension:minPinLength: true, webauthn:extension:prf: true, webauthn:virtualAuthenticators: true}
Session ID: f125d2a0f2c4bb622aff2270ce2ddb72">
      <![CDATA[org.openqa.selenium.TimeoutException: Expected condition failed: waiting for visibility of element located by By.cssSelector: #tbodyid .card-title a (tried for 15 second(s) with 500 milliseconds interval)
Build info: version: '4.21.0', revision: '79ed462ef4'
System info: os.name: 'Windows 10', os.arch: 'amd64', os.version: '10.0', java.version: '21.0.10'
Driver info: org.openqa.selenium.chrome.ChromeDriver
Capabilities {acceptInsecureCerts: false, browserName: chrome, browserVersion: 147.0.7727.102, chrome: {chromedriverVersion: 147.0.7727.117 (474cc805edd..., userDataDir: C:\Users\User\AppData\Local...}, fedcm:accounts: true, goog:chromeOptions: {debuggerAddress: localhost:60375}, goog:processID: 56940, networkConnectionEnabled: false, pageLoadStrategy: normal, platformName: windows, proxy: Proxy(), se:cdp: ws://localhost:60375/devtoo..., se:cdpVersion: 147.0.7727.102, setWindowRect: true, strictFileInteractability: false, timeouts: {implicit: 0, pageLoad: 300000, script: 30000}, unhandledPromptBehavior: dismiss and notify, webauthn:extension:credBlob: true, webauthn:extension:largeBlob: true, webauthn:extension:minPinLength: true, webauthn:extension:prf: true, webauthn:virtualAuthenticators: true}
Session ID: f125d2a0f2c4bb622aff2270ce2ddb72
at org.openqa.selenium.support.ui.WebDriverWait.timeoutException(WebDriverWait.java:84)
at org.openqa.selenium.support.ui.FluentWait.until(FluentWait.java:228)
at com.pages.CartPage.getFirstProductNameOnHomePage(CartPage.java:50)
at com.tests.CartTest.verifyCartItemOrderAppearInSameOrderTheyWereAdded(CartTest.java:293)
at java.base/java.util.ArrayList.forEach(ArrayList.java:1596)
at java.base/java.util.concurrent.FutureTask.run(FutureTask.java:317)
at java.base/java.util.concurrent.ThreadPoolExecutor.runWorker(ThreadPoolExecutor.java:1144)
at java.base/java.util.concurrent.ThreadPoolExecutor$Worker.run(ThreadPoolExecutor.java:642)
at java.base/java.lang.Thread.run(Thread.java:1583)
... Removed 15 stack frames]]>
    </failure>
  </testcase> <!-- verifyCartItemOrderAppearInSameOrderTheyWereAdded -->
  <testcase classname="com.tests.CartTest" name="verifyCartTableIsDisplayedOnCartPage" time="1.147"/>
  <testcase classname="com.tests.CartTest" name="verifyCartTotalAfterAddingMultipleProducts" time="9.615"/>
  <testcase classname="com.tests.CartTest" name="verifyCartTotalIsDisplayedAfterProductIsAdded" time="6.079"/>
  <testcase classname="com.tests.CartTest" name="verifyDuplicateProductUpdatesQuantityInsteadOfAddingNewRow" time="13.743">
    <failure type="java.lang.AssertionError" message="DEFECT: Duplicate product should update quantity instead of adding new row. Row count found: 2 expected [true] but found [false]">
      <![CDATA[java.lang.AssertionError: DEFECT: Duplicate product should update quantity instead of adding new row. Row count found: 2 expected [true] but found [false]
at com.tests.CartTest.verifyDuplicateProductUpdatesQuantityInsteadOfAddingNewRow(CartTest.java:282)
at java.base/java.util.ArrayList.forEach(ArrayList.java:1596)
at java.base/java.util.concurrent.FutureTask.run(FutureTask.java:317)
at java.base/java.util.concurrent.ThreadPoolExecutor.runWorker(ThreadPoolExecutor.java:1144)
at java.base/java.util.concurrent.ThreadPoolExecutor$Worker.run(ThreadPoolExecutor.java:642)
at java.base/java.lang.Thread.run(Thread.java:1583)
... Removed 18 stack frames]]>
    </failure>
  </testcase> <!-- verifyDuplicateProductUpdatesQuantityInsteadOfAddingNewRow -->
  <testcase classname="com.tests.CartTest" name="verifyPlaceOrderButtonIsDisplayedOnCartPage" time="2.77"/>
  <testcase classname="com.tests.CartTest" name="verifyPlaceOrderModalOpensFromCartPage" time="1.796"/>
  <testcase classname="com.tests.CartTest" name="verifyProductCanBeAddedToCartSuccessfully" time="6.56"/>
  <testcase classname="com.tests.CartTest" name="verifyUserCanDeleteProductFromCart" time="24.054"/>
  <testcase classname="com.tests.CartTest" name="verifyUserCanNavigateToCartPageFromNavbar" time="3.506"/>
  <testcase classname="com.tests.CartTest" name="verifyUserCannotPurchaseWithoutProductsInCart" time="48.223">
    <failure type="java.lang.AssertionError" message="User should not be able to proceed with purchase flow when cart is empty. expected [false] but found [true]">
      <![CDATA[java.lang.AssertionError: User should not be able to proceed with purchase flow when cart is empty. expected [false] but found [true]
at com.tests.CartTest.verifyUserCannotPurchaseWithoutProductsInCart(CartTest.java:250)
at java.base/java.util.ArrayList.forEach(ArrayList.java:1596)
at java.base/java.util.concurrent.FutureTask.run(FutureTask.java:317)
at java.base/java.util.concurrent.ThreadPoolExecutor.runWorker(ThreadPoolExecutor.java:1144)
at java.base/java.util.concurrent.ThreadPoolExecutor$Worker.run(ThreadPoolExecutor.java:642)
at java.base/java.lang.Thread.run(Thread.java:1583)
... Removed 18 stack frames]]>
    </failure>
  </testcase> <!-- verifyUserCannotPurchaseWithoutProductsInCart -->
  <testcase classname="com.tests.PlaceOrderTest" name="verifyAllInputFieldsAreDisplayedInPlaceOrderModal" time="1.119"/>
  <testcase classname="com.tests.PlaceOrderTest" name="verifyCardDisplayed" time="2.375"/>
  <testcase classname="com.tests.PlaceOrderTest" name="verifyCartIsClearedAfterSuccessfulPurchase" time="2.733"/>
  <testcase classname="com.tests.PlaceOrderTest" name="verifyClickingPlaceOrderOpensTheOrderModal" time="0.784"/>
  <testcase classname="com.tests.PlaceOrderTest" name="verifyCloseAndPurchaseButtonsAreVisible" time="16.006">
    <failure type="java.lang.AssertionError" message="Close and Purchase buttons should be visible. expected [true] but found [false]">
      <![CDATA[java.lang.AssertionError: Close and Purchase buttons should be visible. expected [true] but found [false]
at com.tests.PlaceOrderTest.verifyCloseAndPurchaseButtonsAreVisible(PlaceOrderTest.java:113)
at java.base/java.util.ArrayList.forEach(ArrayList.java:1596)
at java.base/java.util.concurrent.FutureTask.run(FutureTask.java:317)
at java.base/java.util.concurrent.ThreadPoolExecutor.runWorker(ThreadPoolExecutor.java:1144)
at java.base/java.util.concurrent.ThreadPoolExecutor$Worker.run(ThreadPoolExecutor.java:642)
at java.base/java.lang.Thread.run(Thread.java:1583)
... Removed 18 stack frames]]>
    </failure>
  </testcase> <!-- verifyCloseAndPurchaseButtonsAreVisible -->
  <testcase classname="com.tests.PlaceOrderTest" name="verifyConfirmationPopupContainsPurchaseDetails" time="3.15"/>
  <testcase classname="com.tests.PlaceOrderTest" name="verifyConfirmationPopupShowsSuccessMessageAfterValidPurchase" time="2.617"/>
  <testcase classname="com.tests.PlaceOrderTest" name="verifyDateDisplayed" time="2.437"/>
  <testcase classname="com.tests.PlaceOrderTest" name="verifyDetailsNotEmpty" time="2.655"/>
  <testcase classname="com.tests.PlaceOrderTest" name="verifyModalClosesUsingCloseButton" time="16.113">
    <failure type="org.openqa.selenium.TimeoutException" message="Expected condition failed: waiting for element to be clickable: By.xpath: //button[text()=&amp;apos;Close&amp;apos;] (tried for 15 second(s) with 500 milliseconds interval)
Build info: version: &amp;apos;4.21.0&amp;apos;, revision: &amp;apos;79ed462ef4&amp;apos;
System info: os.name: &amp;apos;Windows 10&amp;apos;, os.arch: &amp;apos;amd64&amp;apos;, os.version: &amp;apos;10.0&amp;apos;, java.version: &amp;apos;21.0.10&amp;apos;
Driver info: org.openqa.selenium.chrome.ChromeDriver
Capabilities {acceptInsecureCerts: false, browserName: chrome, browserVersion: 147.0.7727.102, chrome: {chromedriverVersion: 147.0.7727.117 (474cc805edd..., userDataDir: C:\Users\User\AppData\Local...}, fedcm:accounts: true, goog:chromeOptions: {debuggerAddress: localhost:60964}, goog:processID: 55592, networkConnectionEnabled: false, pageLoadStrategy: normal, platformName: windows, proxy: Proxy(), se:cdp: ws://localhost:60964/devtoo..., se:cdpVersion: 147.0.7727.102, setWindowRect: true, strictFileInteractability: false, timeouts: {implicit: 0, pageLoad: 300000, script: 30000}, unhandledPromptBehavior: dismiss and notify, webauthn:extension:credBlob: true, webauthn:extension:largeBlob: true, webauthn:extension:minPinLength: true, webauthn:extension:prf: true, webauthn:virtualAuthenticators: true}
Session ID: 137bf1871e7b39653a68cc4764d1d3ad">
      <![CDATA[org.openqa.selenium.TimeoutException: Expected condition failed: waiting for element to be clickable: By.xpath: //button[text()='Close'] (tried for 15 second(s) with 500 milliseconds interval)
Build info: version: '4.21.0', revision: '79ed462ef4'
System info: os.name: 'Windows 10', os.arch: 'amd64', os.version: '10.0', java.version: '21.0.10'
Driver info: org.openqa.selenium.chrome.ChromeDriver
Capabilities {acceptInsecureCerts: false, browserName: chrome, browserVersion: 147.0.7727.102, chrome: {chromedriverVersion: 147.0.7727.117 (474cc805edd..., userDataDir: C:\Users\User\AppData\Local...}, fedcm:accounts: true, goog:chromeOptions: {debuggerAddress: localhost:60964}, goog:processID: 55592, networkConnectionEnabled: false, pageLoadStrategy: normal, platformName: windows, proxy: Proxy(), se:cdp: ws://localhost:60964/devtoo..., se:cdpVersion: 147.0.7727.102, setWindowRect: true, strictFileInteractability: false, timeouts: {implicit: 0, pageLoad: 300000, script: 30000}, unhandledPromptBehavior: dismiss and notify, webauthn:extension:credBlob: true, webauthn:extension:largeBlob: true, webauthn:extension:minPinLength: true, webauthn:extension:prf: true, webauthn:virtualAuthenticators: true}
Session ID: 137bf1871e7b39653a68cc4764d1d3ad
at org.openqa.selenium.support.ui.WebDriverWait.timeoutException(WebDriverWait.java:84)
at org.openqa.selenium.support.ui.FluentWait.until(FluentWait.java:228)
at com.pages.PlaceOrderPage.clickCloseButton(PlaceOrderPage.java:157)
at com.tests.PlaceOrderTest.verifyModalClosesUsingCloseButton(PlaceOrderTest.java:137)
at java.base/java.util.ArrayList.forEach(ArrayList.java:1596)
at java.base/java.util.concurrent.FutureTask.run(FutureTask.java:317)
at java.base/java.util.concurrent.ThreadPoolExecutor.runWorker(ThreadPoolExecutor.java:1144)
at java.base/java.util.concurrent.ThreadPoolExecutor$Worker.run(ThreadPoolExecutor.java:642)
at java.base/java.lang.Thread.run(Thread.java:1583)
... Removed 15 stack frames]]>
    </failure>
  </testcase> <!-- verifyModalClosesUsingCloseButton -->
  <testcase classname="com.tests.PlaceOrderTest" name="verifyModalClosesUsingXIcon" time="0.983">
    <failure type="java.lang.AssertionError" message="Place Order modal should close using X icon. expected [true] but found [false]">
      <![CDATA[java.lang.AssertionError: Place Order modal should close using X icon. expected [true] but found [false]
at com.tests.PlaceOrderTest.verifyModalClosesUsingXIcon(PlaceOrderTest.java:161)
at java.base/java.util.ArrayList.forEach(ArrayList.java:1596)
at java.base/java.util.concurrent.FutureTask.run(FutureTask.java:317)
at java.base/java.util.concurrent.ThreadPoolExecutor.runWorker(ThreadPoolExecutor.java:1144)
at java.base/java.util.concurrent.ThreadPoolExecutor$Worker.run(ThreadPoolExecutor.java:642)
at java.base/java.lang.Thread.run(Thread.java:1583)
... Removed 18 stack frames]]>
    </failure>
  </testcase> <!-- verifyModalClosesUsingXIcon -->
  <testcase classname="com.tests.PlaceOrderTest" name="verifyModalTitleIsPlaceOrder" time="1.367"/>
  <testcase classname="com.tests.PlaceOrderTest" name="verifyMonthFieldAcceptsNumericInput" time="0.912"/>
  <testcase classname="com.tests.PlaceOrderTest" name="verifyNameDisplayed" time="2.59"/>
  <testcase classname="com.tests.PlaceOrderTest" name="verifyOkButtonInConfirmationPopupClosesThePopup" time="17.747"/>
  <testcase classname="com.tests.PlaceOrderTest" name="verifyOkButtonVisible" time="3.698"/>
  <testcase classname="com.tests.PlaceOrderTest" name="verifyPlaceOrderButtonIsVisibleOnCartPage" time="0.115"/>
  <testcase classname="com.tests.PlaceOrderTest" name="verifyPopupContainsAmount" time="16.111">
    <failure type="org.openqa.selenium.TimeoutException" message="Expected condition failed: waiting for visibility of element located by By.id: orderModal (tried for 15 second(s) with 500 milliseconds interval)
Build info: version: &amp;apos;4.21.0&amp;apos;, revision: &amp;apos;79ed462ef4&amp;apos;
System info: os.name: &amp;apos;Windows 10&amp;apos;, os.arch: &amp;apos;amd64&amp;apos;, os.version: &amp;apos;10.0&amp;apos;, java.version: &amp;apos;21.0.10&amp;apos;
Driver info: org.openqa.selenium.chrome.ChromeDriver
Capabilities {acceptInsecureCerts: false, browserName: chrome, browserVersion: 147.0.7727.102, chrome: {chromedriverVersion: 147.0.7727.117 (474cc805edd..., userDataDir: C:\Users\User\AppData\Local...}, fedcm:accounts: true, goog:chromeOptions: {debuggerAddress: localhost:61184}, goog:processID: 58800, networkConnectionEnabled: false, pageLoadStrategy: normal, platformName: windows, proxy: Proxy(), se:cdp: ws://localhost:61184/devtoo..., se:cdpVersion: 147.0.7727.102, setWindowRect: true, strictFileInteractability: false, timeouts: {implicit: 0, pageLoad: 300000, script: 30000}, unhandledPromptBehavior: dismiss and notify, webauthn:extension:credBlob: true, webauthn:extension:largeBlob: true, webauthn:extension:minPinLength: true, webauthn:extension:prf: true, webauthn:virtualAuthenticators: true}
Session ID: 71c785b06e3dcff3a079eb5fea3f4e0a">
      <![CDATA[org.openqa.selenium.TimeoutException: Expected condition failed: waiting for visibility of element located by By.id: orderModal (tried for 15 second(s) with 500 milliseconds interval)
Build info: version: '4.21.0', revision: '79ed462ef4'
System info: os.name: 'Windows 10', os.arch: 'amd64', os.version: '10.0', java.version: '21.0.10'
Driver info: org.openqa.selenium.chrome.ChromeDriver
Capabilities {acceptInsecureCerts: false, browserName: chrome, browserVersion: 147.0.7727.102, chrome: {chromedriverVersion: 147.0.7727.117 (474cc805edd..., userDataDir: C:\Users\User\AppData\Local...}, fedcm:accounts: true, goog:chromeOptions: {debuggerAddress: localhost:61184}, goog:processID: 58800, networkConnectionEnabled: false, pageLoadStrategy: normal, platformName: windows, proxy: Proxy(), se:cdp: ws://localhost:61184/devtoo..., se:cdpVersion: 147.0.7727.102, setWindowRect: true, strictFileInteractability: false, timeouts: {implicit: 0, pageLoad: 300000, script: 30000}, unhandledPromptBehavior: dismiss and notify, webauthn:extension:credBlob: true, webauthn:extension:largeBlob: true, webauthn:extension:minPinLength: true, webauthn:extension:prf: true, webauthn:virtualAuthenticators: true}
Session ID: 71c785b06e3dcff3a079eb5fea3f4e0a
at org.openqa.selenium.support.ui.WebDriverWait.timeoutException(WebDriverWait.java:84)
at org.openqa.selenium.support.ui.FluentWait.until(FluentWait.java:228)
at com.pages.PlaceOrderPage.clickPlaceOrder(PlaceOrderPage.java:127)
at com.tests.PlaceOrderTest.verifyPopupContainsAmount(PlaceOrderTest.java:616)
at java.base/java.util.ArrayList.forEach(ArrayList.java:1596)
at java.base/java.util.concurrent.FutureTask.run(FutureTask.java:317)
at java.base/java.util.concurrent.ThreadPoolExecutor.runWorker(ThreadPoolExecutor.java:1144)
at java.base/java.util.concurrent.ThreadPoolExecutor$Worker.run(ThreadPoolExecutor.java:642)
at java.base/java.lang.Thread.run(Thread.java:1583)
... Removed 15 stack frames]]>
    </failure>
  </testcase> <!-- verifyPopupContainsAmount -->
  <testcase classname="com.tests.PlaceOrderTest" name="verifyPopupContainsDate" time="3.441"/>
  <testcase classname="com.tests.PlaceOrderTest" name="verifyPopupContainsId" time="3.306"/>
  <testcase classname="com.tests.PlaceOrderTest" name="verifyPopupOnlyAfterSuccess" time="2.875"/>
  <testcase classname="com.tests.PlaceOrderTest" name="verifyPurchaseAmountCorrect" time="3.966"/>
  <testcase classname="com.tests.PlaceOrderTest" name="verifyPurchaseConfirmationPopupDisplayed" time="4.352"/>
  <testcase classname="com.tests.PlaceOrderTest" name="verifyPurchaseDetailsPresent" time="4.77"/>
  <testcase classname="com.tests.PlaceOrderTest" name="verifyPurchaseSucceedsWhenAllValidDetailsAreEntered" time="2.636"/>
  <testcase classname="com.tests.PlaceOrderTest" name="verifyPurchaseSuccessTitle" time="2.632"/>
  <testcase classname="com.tests.PlaceOrderTest" name="verifyPurchaseWithAllFieldsBlank" time="1.745"/>
  <testcase classname="com.tests.PlaceOrderTest" name="verifyPurchaseWithAlphabeticCreditCardValue" time="2.823">
    <failure type="java.lang.AssertionError" message="Purchase should not be allowed with alphabetic credit card value. expected [false] but found [true]">
      <![CDATA[java.lang.AssertionError: Purchase should not be allowed with alphabetic credit card value. expected [false] but found [true]
at com.tests.PlaceOrderTest.verifyPurchaseWithAlphabeticCreditCardValue(PlaceOrderTest.java:327)
at java.base/java.util.ArrayList.forEach(ArrayList.java:1596)
at java.base/java.util.concurrent.FutureTask.run(FutureTask.java:317)
at java.base/java.util.concurrent.ThreadPoolExecutor.runWorker(ThreadPoolExecutor.java:1144)
at java.base/java.util.concurrent.ThreadPoolExecutor$Worker.run(ThreadPoolExecutor.java:642)
at java.base/java.lang.Thread.run(Thread.java:1583)
... Removed 18 stack frames]]>
    </failure>
  </testcase> <!-- verifyPurchaseWithAlphabeticCreditCardValue -->
  <testcase classname="com.tests.PlaceOrderTest" name="verifyPurchaseWithInvalidCreditCardFormat" time="2.665">
    <failure type="java.lang.AssertionError" message="Purchase should not be allowed with invalid credit card format. expected [false] but found [true]">
      <![CDATA[java.lang.AssertionError: Purchase should not be allowed with invalid credit card format. expected [false] but found [true]
at com.tests.PlaceOrderTest.verifyPurchaseWithInvalidCreditCardFormat(PlaceOrderTest.java:313)
at java.base/java.util.ArrayList.forEach(ArrayList.java:1596)
at java.base/java.util.concurrent.FutureTask.run(FutureTask.java:317)
at java.base/java.util.concurrent.ThreadPoolExecutor.runWorker(ThreadPoolExecutor.java:1144)
at java.base/java.util.concurrent.ThreadPoolExecutor$Worker.run(ThreadPoolExecutor.java:642)
at java.base/java.lang.Thread.run(Thread.java:1583)
... Removed 18 stack frames]]>
    </failure>
  </testcase> <!-- verifyPurchaseWithInvalidCreditCardFormat -->
  <testcase classname="com.tests.PlaceOrderTest" name="verifyPurchaseWithLongInputValuesInAllFields" time="8.427">
    <failure type="java.lang.AssertionError" message="Purchase should not be allowed with overly long input values. expected [false] but found [true]">
      <![CDATA[java.lang.AssertionError: Purchase should not be allowed with overly long input values. expected [false] but found [true]
at com.tests.PlaceOrderTest.verifyPurchaseWithLongInputValuesInAllFields(PlaceOrderTest.java:357)
at java.base/java.util.ArrayList.forEach(ArrayList.java:1596)
at java.base/java.util.concurrent.FutureTask.run(FutureTask.java:317)
at java.base/java.util.concurrent.ThreadPoolExecutor.runWorker(ThreadPoolExecutor.java:1144)
at java.base/java.util.concurrent.ThreadPoolExecutor$Worker.run(ThreadPoolExecutor.java:642)
at java.base/java.lang.Thread.run(Thread.java:1583)
... Removed 18 stack frames]]>
    </failure>
  </testcase> <!-- verifyPurchaseWithLongInputValuesInAllFields -->
  <testcase classname="com.tests.PlaceOrderTest" name="verifyPurchaseWithNameAndCardOnly" time="2.364">
    <failure type="java.lang.AssertionError" message="Purchase should not be allowed with Name and Card only. expected [false] but found [true]">
      <![CDATA[java.lang.AssertionError: Purchase should not be allowed with Name and Card only. expected [false] but found [true]
at com.tests.PlaceOrderTest.verifyPurchaseWithNameAndCardOnly(PlaceOrderTest.java:299)
at java.base/java.util.ArrayList.forEach(ArrayList.java:1596)
at java.base/java.util.concurrent.FutureTask.run(FutureTask.java:317)
at java.base/java.util.concurrent.ThreadPoolExecutor.runWorker(ThreadPoolExecutor.java:1144)
at java.base/java.util.concurrent.ThreadPoolExecutor$Worker.run(ThreadPoolExecutor.java:642)
at java.base/java.lang.Thread.run(Thread.java:1583)
... Removed 18 stack frames]]>
    </failure>
  </testcase> <!-- verifyPurchaseWithNameAndCardOnly -->
  <testcase classname="com.tests.PlaceOrderTest" name="verifyPurchaseWithOnlyNameFilled" time="1.795"/>
  <testcase classname="com.tests.PlaceOrderTest" name="verifyPurchaseWithSpecialCharactersInNameField" time="2.405">
    <failure type="java.lang.AssertionError" message="Purchase should not be allowed with special characters in Name field. expected [false] but found [true]">
      <![CDATA[java.lang.AssertionError: Purchase should not be allowed with special characters in Name field. expected [false] but found [true]
at com.tests.PlaceOrderTest.verifyPurchaseWithSpecialCharactersInNameField(PlaceOrderTest.java:341)
at java.base/java.util.ArrayList.forEach(ArrayList.java:1596)
at java.base/java.util.concurrent.FutureTask.run(FutureTask.java:317)
at java.base/java.util.concurrent.ThreadPoolExecutor.runWorker(ThreadPoolExecutor.java:1144)
at java.base/java.util.concurrent.ThreadPoolExecutor$Worker.run(ThreadPoolExecutor.java:642)
at java.base/java.lang.Thread.run(Thread.java:1583)
... Removed 18 stack frames]]>
    </failure>
  </testcase> <!-- verifyPurchaseWithSpecialCharactersInNameField -->
  <testcase classname="com.tests.PlaceOrderTest" name="verifyPurchaseWithoutCartItems" time="15.13">
    <failure type="java.lang.AssertionError" message="Cart could not be cleared. expected [true] but found [false]">
      <![CDATA[java.lang.AssertionError: Cart could not be cleared. expected [true] but found [false]
at com.tests.PlaceOrderTest.verifyPurchaseWithoutCartItems(PlaceOrderTest.java:586)
at java.base/java.util.ArrayList.forEach(ArrayList.java:1596)
at java.base/java.util.concurrent.FutureTask.run(FutureTask.java:317)
at java.base/java.util.concurrent.ThreadPoolExecutor.runWorker(ThreadPoolExecutor.java:1144)
at java.base/java.util.concurrent.ThreadPoolExecutor$Worker.run(ThreadPoolExecutor.java:642)
at java.base/java.lang.Thread.run(Thread.java:1583)
... Removed 18 stack frames]]>
    </failure>
  </testcase> <!-- verifyPurchaseWithoutCartItems -->
  <testcase classname="com.tests.PlaceOrderTest" name="verifyTotalLabelIsDisplayedInPlaceOrderModal" time="1.388"/>
  <testcase classname="com.tests.PlaceOrderTest" name="verifyUniqueOrderId" time="9.588"/>
  <testcase classname="com.tests.PlaceOrderTest" name="verifyUserCanTypeIntoAllPlaceOrderFields" time="1.882"/>
  <testcase classname="com.tests.PlaceOrderTest" name="verifyYearFieldAcceptsNumericInput" time="0.924"/>
  <testcase classname="com.tests.ContactTest" name="validateAlertTextForInvalidSubmission" time="1.408">
    <failure type="java.lang.AssertionError" message="Proper validation alert message should be displayed for invalid Contact form submission. expected [true] but found [false]">
      <![CDATA[java.lang.AssertionError: Proper validation alert message should be displayed for invalid Contact form submission. expected [true] but found [false]
at com.tests.ContactTest.validateAlertTextForInvalidSubmission(ContactTest.java:232)
at java.base/java.util.ArrayList.forEach(ArrayList.java:1596)
at java.base/java.util.concurrent.FutureTask.run(FutureTask.java:317)
at java.base/java.util.concurrent.ThreadPoolExecutor.runWorker(ThreadPoolExecutor.java:1144)
at java.base/java.util.concurrent.ThreadPoolExecutor$Worker.run(ThreadPoolExecutor.java:642)
at java.base/java.lang.Thread.run(Thread.java:1583)
... Removed 18 stack frames]]>
    </failure>
  </testcase> <!-- validateAlertTextForInvalidSubmission -->
  <testcase classname="com.tests.ContactTest" name="validateContactModalTitle" time="0.917">
    <failure type="java.lang.AssertionError" message="Modal title should be &amp;apos;Contact us&amp;apos;. expected [Contact us] but found [New message]">
      <![CDATA[java.lang.AssertionError: Modal title should be 'Contact us'. expected [Contact us] but found [New message]
at com.tests.ContactTest.validateContactModalTitle(ContactTest.java:58)
at java.base/java.util.ArrayList.forEach(ArrayList.java:1596)
at java.base/java.util.concurrent.FutureTask.run(FutureTask.java:317)
at java.base/java.util.concurrent.ThreadPoolExecutor.runWorker(ThreadPoolExecutor.java:1144)
at java.base/java.util.concurrent.ThreadPoolExecutor$Worker.run(ThreadPoolExecutor.java:642)
at java.base/java.lang.Thread.run(Thread.java:1583)
... Removed 20 stack frames]]>
    </failure>
  </testcase> <!-- validateContactModalTitle -->
  <testcase classname="com.tests.ContactTest" name="validatePartialFormSubmission" time="1.412">
    <failure type="java.lang.AssertionError" message="Blank form should not be submitted. System should prevent submission or show validation. expected [null] but found [Thanks for the message!!]">
      <![CDATA[java.lang.AssertionError: Blank form should not be submitted. System should prevent submission or show validation. expected [null] but found [Thanks for the message!!]
at com.tests.ContactTest.validatePartialFormSubmission(ContactTest.java:123)
at java.base/java.util.ArrayList.forEach(ArrayList.java:1596)
at java.base/java.util.concurrent.FutureTask.run(FutureTask.java:317)
at java.base/java.util.concurrent.ThreadPoolExecutor.runWorker(ThreadPoolExecutor.java:1144)
at java.base/java.util.concurrent.ThreadPoolExecutor$Worker.run(ThreadPoolExecutor.java:642)
at java.base/java.lang.Thread.run(Thread.java:1583)
... Removed 18 stack frames]]>
    </failure>
  </testcase> <!-- validatePartialFormSubmission -->
  <testcase classname="com.tests.ContactTest" name="validatePartialFormSubmission" time="1.357">
    <failure type="java.lang.AssertionError" message="Only email should not be submitted. System should prevent submission or show validation. expected [null] but found [Thanks for the message!!]">
      <![CDATA[java.lang.AssertionError: Only email should not be submitted. System should prevent submission or show validation. expected [null] but found [Thanks for the message!!]
at com.tests.ContactTest.validatePartialFormSubmission(ContactTest.java:123)
at java.base/java.util.ArrayList.forEach(ArrayList.java:1596)
at java.base/java.util.concurrent.FutureTask.run(FutureTask.java:317)
at java.base/java.util.concurrent.ThreadPoolExecutor.runWorker(ThreadPoolExecutor.java:1144)
at java.base/java.util.concurrent.ThreadPoolExecutor$Worker.run(ThreadPoolExecutor.java:642)
at java.base/java.lang.Thread.run(Thread.java:1583)
... Removed 18 stack frames]]>
    </failure>
  </testcase> <!-- validatePartialFormSubmission -->
  <testcase classname="com.tests.ContactTest" name="validatePartialFormSubmission" time="1.471">
    <failure type="java.lang.AssertionError" message="Only name should not be submitted. System should prevent submission or show validation. expected [null] but found [Thanks for the message!!]">
      <![CDATA[java.lang.AssertionError: Only name should not be submitted. System should prevent submission or show validation. expected [null] but found [Thanks for the message!!]
at com.tests.ContactTest.validatePartialFormSubmission(ContactTest.java:123)
at java.base/java.util.ArrayList.forEach(ArrayList.java:1596)
at java.base/java.util.concurrent.FutureTask.run(FutureTask.java:317)
at java.base/java.util.concurrent.ThreadPoolExecutor.runWorker(ThreadPoolExecutor.java:1144)
at java.base/java.util.concurrent.ThreadPoolExecutor$Worker.run(ThreadPoolExecutor.java:642)
at java.base/java.lang.Thread.run(Thread.java:1583)
... Removed 18 stack frames]]>
    </failure>
  </testcase> <!-- validatePartialFormSubmission -->
  <testcase classname="com.tests.ContactTest" name="validatePartialFormSubmission" time="1.408">
    <failure type="java.lang.AssertionError" message="Only message should not be submitted. System should prevent submission or show validation. expected [null] but found [Thanks for the message!!]">
      <![CDATA[java.lang.AssertionError: Only message should not be submitted. System should prevent submission or show validation. expected [null] but found [Thanks for the message!!]
at com.tests.ContactTest.validatePartialFormSubmission(ContactTest.java:123)
at java.base/java.util.ArrayList.forEach(ArrayList.java:1596)
at java.base/java.util.concurrent.FutureTask.run(FutureTask.java:317)
at java.base/java.util.concurrent.ThreadPoolExecutor.runWorker(ThreadPoolExecutor.java:1144)
at java.base/java.util.concurrent.ThreadPoolExecutor$Worker.run(ThreadPoolExecutor.java:642)
at java.base/java.lang.Thread.run(Thread.java:1583)
... Removed 18 stack frames]]>
    </failure>
  </testcase> <!-- validatePartialFormSubmission -->
  <testcase classname="com.tests.ContactTest" name="validatePartialFormSubmission" time="1.631">
    <failure type="java.lang.AssertionError" message="Email and name only should not be submitted. System should prevent submission or show validation. expected [null] but found [Thanks for the message!!]">
      <![CDATA[java.lang.AssertionError: Email and name only should not be submitted. System should prevent submission or show validation. expected [null] but found [Thanks for the message!!]
at com.tests.ContactTest.validatePartialFormSubmission(ContactTest.java:123)
at java.base/java.util.ArrayList.forEach(ArrayList.java:1596)
at java.base/java.util.concurrent.FutureTask.run(FutureTask.java:317)
at java.base/java.util.concurrent.ThreadPoolExecutor.runWorker(ThreadPoolExecutor.java:1144)
at java.base/java.util.concurrent.ThreadPoolExecutor$Worker.run(ThreadPoolExecutor.java:642)
at java.base/java.lang.Thread.run(Thread.java:1583)
... Removed 18 stack frames]]>
    </failure>
  </testcase> <!-- validatePartialFormSubmission -->
  <testcase classname="com.tests.ContactTest" name="validatePartialFormSubmission" time="1.441">
    <failure type="java.lang.AssertionError" message="Email and message only should not be submitted. System should prevent submission or show validation. expected [null] but found [Thanks for the message!!]">
      <![CDATA[java.lang.AssertionError: Email and message only should not be submitted. System should prevent submission or show validation. expected [null] but found [Thanks for the message!!]
at com.tests.ContactTest.validatePartialFormSubmission(ContactTest.java:123)
at java.base/java.util.ArrayList.forEach(ArrayList.java:1596)
at java.base/java.util.concurrent.FutureTask.run(FutureTask.java:317)
at java.base/java.util.concurrent.ThreadPoolExecutor.runWorker(ThreadPoolExecutor.java:1144)
at java.base/java.util.concurrent.ThreadPoolExecutor$Worker.run(ThreadPoolExecutor.java:642)
at java.base/java.lang.Thread.run(Thread.java:1583)
... Removed 18 stack frames]]>
    </failure>
  </testcase> <!-- validatePartialFormSubmission -->
  <testcase classname="com.tests.ContactTest" name="validatePartialFormSubmission" time="1.576">
    <failure type="java.lang.AssertionError" message="Name and message only should not be submitted. System should prevent submission or show validation. expected [null] but found [Thanks for the message!!]">
      <![CDATA[java.lang.AssertionError: Name and message only should not be submitted. System should prevent submission or show validation. expected [null] but found [Thanks for the message!!]
at com.tests.ContactTest.validatePartialFormSubmission(ContactTest.java:123)
at java.base/java.util.ArrayList.forEach(ArrayList.java:1596)
at java.base/java.util.concurrent.FutureTask.run(FutureTask.java:317)
at java.base/java.util.concurrent.ThreadPoolExecutor.runWorker(ThreadPoolExecutor.java:1144)
at java.base/java.util.concurrent.ThreadPoolExecutor$Worker.run(ThreadPoolExecutor.java:642)
at java.base/java.lang.Thread.run(Thread.java:1583)
... Removed 18 stack frames]]>
    </failure>
  </testcase> <!-- validatePartialFormSubmission -->
  <testcase classname="com.tests.ContactTest" name="verifyAllFieldsAndButtonsVisible" time="1.052"/>
  <testcase classname="com.tests.ContactTest" name="verifyContactModalOpens" time="1.0"/>
  <testcase classname="com.tests.ContactTest" name="verifyEmptyFormSubmissionNotAllowed" time="1.254">
    <failure type="java.lang.AssertionError" message="System should block empty form submission or show validation instead of success alert. expected [null] but found [Thanks for the message!!]">
      <![CDATA[java.lang.AssertionError: System should block empty form submission or show validation instead of success alert. expected [null] but found [Thanks for the message!!]
at com.tests.ContactTest.verifyEmptyFormSubmissionNotAllowed(ContactTest.java:103)
at java.base/java.util.ArrayList.forEach(ArrayList.java:1596)
at java.base/java.util.concurrent.FutureTask.run(FutureTask.java:317)
at java.base/java.util.concurrent.ThreadPoolExecutor.runWorker(ThreadPoolExecutor.java:1144)
at java.base/java.util.concurrent.ThreadPoolExecutor$Worker.run(ThreadPoolExecutor.java:642)
at java.base/java.lang.Thread.run(Thread.java:1583)
... Removed 18 stack frames]]>
    </failure>
  </testcase> <!-- verifyEmptyFormSubmissionNotAllowed -->
  <testcase classname="com.tests.ContactTest" name="verifyFieldsClearedAfterReopen" time="2.798">
    <failure type="java.lang.AssertionError" message="All fields should be empty after closing and reopening the Contact modal. expected [true] but found [false]">
      <![CDATA[java.lang.AssertionError: All fields should be empty after closing and reopening the Contact modal. expected [true] but found [false]
at com.tests.ContactTest.verifyFieldsClearedAfterReopen(ContactTest.java:210)
at java.base/java.util.ArrayList.forEach(ArrayList.java:1596)
at java.base/java.util.concurrent.FutureTask.run(FutureTask.java:317)
at java.base/java.util.concurrent.ThreadPoolExecutor.runWorker(ThreadPoolExecutor.java:1144)
at java.base/java.util.concurrent.ThreadPoolExecutor$Worker.run(ThreadPoolExecutor.java:642)
at java.base/java.lang.Thread.run(Thread.java:1583)
... Removed 18 stack frames]]>
    </failure>
  </testcase> <!-- verifyFieldsClearedAfterReopen -->
  <testcase classname="com.tests.ContactTest" name="verifyInvalidEmailFormatRejected" time="1.479">
    <failure type="java.lang.AssertionError" message="System should reject invalid email format. expected [null] but found [Thanks for the message!!]">
      <![CDATA[java.lang.AssertionError: System should reject invalid email format. expected [null] but found [Thanks for the message!!]
at com.tests.ContactTest.verifyInvalidEmailFormatRejected(ContactTest.java:142)
at java.base/java.util.ArrayList.forEach(ArrayList.java:1596)
at java.base/java.util.concurrent.FutureTask.run(FutureTask.java:317)
at java.base/java.util.concurrent.ThreadPoolExecutor.runWorker(ThreadPoolExecutor.java:1144)
at java.base/java.util.concurrent.ThreadPoolExecutor$Worker.run(ThreadPoolExecutor.java:642)
at java.base/java.lang.Thread.run(Thread.java:1583)
... Removed 18 stack frames]]>
    </failure>
  </testcase> <!-- verifyInvalidEmailFormatRejected -->
  <testcase classname="com.tests.ContactTest" name="verifyOverlengthMessageNotAccepted" time="3.306">
    <failure type="java.lang.AssertionError" message="System should restrict message length or block submission when message exceeds allowed length. expected [null] but found [Thanks for the message!!]">
      <![CDATA[java.lang.AssertionError: System should restrict message length or block submission when message exceeds allowed length. expected [null] but found [Thanks for the message!!]
at com.tests.ContactTest.verifyOverlengthMessageNotAccepted(ContactTest.java:163)
at java.base/java.util.ArrayList.forEach(ArrayList.java:1596)
at java.base/java.util.concurrent.FutureTask.run(FutureTask.java:317)
at java.base/java.util.concurrent.ThreadPoolExecutor.runWorker(ThreadPoolExecutor.java:1144)
at java.base/java.util.concurrent.ThreadPoolExecutor$Worker.run(ThreadPoolExecutor.java:642)
at java.base/java.lang.Thread.run(Thread.java:1583)
... Removed 18 stack frames]]>
    </failure>
  </testcase> <!-- verifyOverlengthMessageNotAccepted -->
  <testcase classname="com.tests.ContactTest" name="verifyValidContactFormSubmission" time="1.551"/>
  <testcase classname="com.tests.AboutUsTest" name="verifyAboutUsModalOpensWhenUserClicksNavbarLink" time="0.905"/>
  <testcase classname="com.tests.AboutUsTest" name="verifyAboutUsModalTitleIsCorrect" time="0.812"/>
  <testcase classname="com.tests.AboutUsTest" name="verifyBigPlayButtonIsVisible" time="0.863"/>
  <testcase classname="com.tests.AboutUsTest" name="verifyCloseButtonAndXButtonAreVisible" time="0.987"/>
  <testcase classname="com.tests.AboutUsTest" name="verifyModalClosesWhenCloseButtonIsClicked" time="1.533"/>
  <testcase classname="com.tests.AboutUsTest" name="verifyModalClosesWhenXButtonIsClicked" time="1.745"/>
  <testcase classname="com.tests.AboutUsTest" name="verifyModalContainsVideoPlayerContainer" time="0.95"/>
  <testcase classname="com.tests.AboutUsTest" name="verifyUserCanAdjustVolumeLevel" time="5.968"/>
  <testcase classname="com.tests.AboutUsTest" name="verifyVideoCanBeMutedAndUnmuted" time="1.649"/>
  <testcase classname="com.tests.AboutUsTest" name="verifyVideoCanBePausedAndResumed" time="1.767"/>
  <testcase classname="com.tests.AboutUsTest" name="verifyVideoCanEnterAndExitFullscreen" time="5.252"/>
  <testcase classname="com.tests.AboutUsTest" name="verifyVideoIsPausedInitially" time="0.832"/>
  <testcase classname="com.tests.AboutUsTest" name="verifyVideoPausesAfterPlay" time="1.794"/>
  <testcase classname="com.tests.AboutUsTest" name="verifyVideoSeeksToSpecificTime" time="3.397"/>
  <testcase classname="com.tests.AboutUsTest" name="verifyVideoStartsPlayingWhenPlayButtonIsClicked" time="1.2"/>
  <testcase classname="com.tests.LogoutTest" name="verifyBackNavigationAfterLogout" time="34.436"/>
  <testcase classname="com.tests.LogoutTest" name="verifyLoginLinkVisibilityAfterLogout" time="4.215"/>
  <testcase classname="com.tests.LogoutTest" name="verifyLogoutFunctionWithMultipleUsers" time="3.854"/>
  <testcase classname="com.tests.LogoutTest" name="verifyLogoutLinkBecomesInvisibleAfterLogout" time="18.95"/>
  <testcase classname="com.tests.LogoutTest" name="verifyLogoutLinkNotVisibleBeforeLogin" time="15.414"/>
  <testcase classname="com.tests.LogoutTest" name="verifyLogoutLinkVisibilityAfterLogin" time="3.83"/>
  <testcase classname="com.tests.LogoutTest" name="verifySessionIsClearedAfterLogout" time="4.159"/>
  <testcase classname="com.tests.LogoutTest" name="verifySuccessfulLogoutFunctionality" time="4.713"/>
  <testcase classname="com.tests.LogoutTest" name="verifyWelcomeTextDisappearsAfterLogout" time="19.043"/>
</testsuite> <!-- Demoblaze Tests -->
