<?xml version="1.0" encoding="UTF-8"?>
<testng-results ignored="0" total="169" passed="129" failed="40" skipped="0">
  <reporter-output>
    <line>
      <![CDATA[PASS: Alert message text is displayed correctly: Please fill out Username and Password.]]>
    </line>
    <line>
      <![CDATA[PASS: Clicking the Login link opens the Login modal.]]>
    </line>
    <line>
      <![CDATA[DEFECT: Username field retained old value after reopening Login modal: priyankapriya]]>
    </line>
    <line>
      <![CDATA[DEFECT: Password field retained old value after reopening Login modal: priya@123]]>
    </line>
    <line>
      <![CDATA[DEFECT: Forgot Password option is not available for credential recovery.]]>
    </line>
    <line>
      <![CDATA[DEFECT: Profile view option is not available for logged-in user.]]>
    </line>
    <line>
      <![CDATA[DEFECT: Change password option is not available for logged-in user.]]>
    </line>
    <line>
      <![CDATA[DEFECT: Order or purchase history option is not available for logged-in user.]]>
    </line>
    <line>
      <![CDATA[DEFECT: Saved payment or billing details are not available for logged-in user.]]>
    </line>
    <line>
      <![CDATA[PASS: Login link is displayed on the navigation bar.]]>
    </line>
    <line>
      <![CDATA[PASS: Close button is displayed in Login modal.]]>
    </line>
    <line>
      <![CDATA[PASS: Close icon is displayed in Login modal.]]>
    </line>
    <line>
      <![CDATA[PASS: Log in button is displayed in Login modal.]]>
    </line>
    <line>
      <![CDATA[PASS: Username input field is displayed in Login modal.]]>
    </line>
    <line>
      <![CDATA[PASS: Password input field is displayed in Login modal.]]>
    </line>
    <line>
      <![CDATA[PASS: Login modal header text is correct: Log in]]>
    </line>
    <line>
      <![CDATA[PASS: Login succeeded for valid credentials. Username: priyankapriya]]>
    </line>
    <line>
      <![CDATA[PASS: Welcome text is displayed correctly after login for user: priyankapriya]]>
    </line>
    <line>
      <![CDATA[INFO: Logged out successfully.]]>
    </line>
    <line>
      <![CDATA[DEFECT: Show/Hide password option is not available in the Password field.]]>
    </line>
    <line>
      <![CDATA[PASS: Username label is displayed correctly: Username:]]>
    </line>
    <line>
      <![CDATA[PASS: Password label is displayed correctly: Password:]]>
    </line>
    <line>
      <![CDATA[PASS: Correct validation alert displayed when Password is blank: Please fill out Username and Password.]]>
    </line>
    <line>
      <![CDATA[PASS: Correct validation alert displayed when Username is blank: Please fill out Username and Password.]]>
    </line>
    <line>
      <![CDATA[PASS: Close button is visible in signup modal.]]>
    </line>
    <line>
      <![CDATA[PASS: Close icon is visible in signup modal.]]>
    </line>
    <line>
      <![CDATA[PASS: Sign up button is visible in signup modal.]]>
    </line>
    <line>
      <![CDATA[PASS: Clicking Sign up opens signup modal.]]>
    </line>
    <line>
      <![CDATA[DEFECT: Username field retained old value after reopening signup modal: priyankapriya]]>
    </line>
    <line>
      <![CDATA[DEFECT: Password field retained old value after reopening signup modal: priya@123]]>
    </line>
    <line>
      <![CDATA[PASS: Password field label is correct: Password:]]>
    </line>
    <line>
      <![CDATA[DEFECT: Password field does not provide show/hide toggle option.]]>
    </line>
    <line>
      <![CDATA[PASS: Sign up link is visible in navbar.]]>
    </line>
    <line>
      <![CDATA[PASS: Signup form contains email field.]]>
    </line>
    <line>
      <![CDATA[DEFECT: Signup modal does not include a Confirm Password field.]]>
    </line>
    <line>
      <![CDATA[PASS: Signup modal title is correct: Sign up]]>
    </line>
    <line>
      <![CDATA[PASS: Existing user signup was correctly rejected for user: priyankapriya. Alert: This user already exist.]]>
    </line>
    <line>
      <![CDATA[PASS: Correct validation alert displayed when password is empty: Please fill out Username and Password.]]>
    </line>
    <line>
      <![CDATA[PASS: Correct validation alert displayed when username is empty: Please fill out Username and Password.]]>
    </line>
    <line>
      <![CDATA[PASS: Username field is present in signup modal.]]>
    </line>
    <line>
      <![CDATA[PASS: Password field is present in signup modal.]]>
    </line>
    <line>
      <![CDATA[PASS: Username field label is correct: Username:]]>
    </line>
    <line>
      <![CDATA[DEFECT: Weak credentials were accepted or not properly rejected. Username: a, Password: 1, Alert: This user already exist.]]>
    </line>
    <line>
      <![CDATA[DEFECT: Weak credentials were accepted or not properly rejected. Username: ab, Password: 12, Alert: This user already exist.]]>
    </line>
    <line>
      <![CDATA[DEFECT: Weak credentials were accepted or not properly rejected. Username: test, Password: 123, Alert: This user already exist.]]>
    </line>
    <line>
      <![CDATA[PASS: About modal opens successfully.]]>
    </line>
    <line>
      <![CDATA[PASS: All product category links are visible.]]>
    </line>
    <line>
      <![CDATA[PASS: Brand logo text is displayed correctly: PRODUCT STORE]]>
    </line>
    <line>
      <![CDATA[PASS: Carousel contains exactly 3 slides.]]>
    </line>
    <line>
      <![CDATA[PASS: Carousel Next button changes the active slide.]]>
    </line>
    <line>
      <![CDATA[PASS: Carousel Previous button changes the active slide back.]]>
    </line>
    <line>
      <![CDATA[PASS: Homepage carousel is visible on page load.]]>
    </line>
    <line>
      <![CDATA[PASS: Clicking Cart navigates user to the cart page.]]>
    </line>
    <line>
      <![CDATA[PASS: Clicking Home keeps user on home page and products are displayed.]]>
    </line>
    <line>
      <![CDATA[PASS: Contact modal opens successfully.]]>
    </line>
    <line>
      <![CDATA[PASS: Each category filter returns at least one product.]]>
    </line>
    <line>
      <![CDATA[PASS: Laptops category displays products. Product count: 6]]>
    </line>
    <line>
      <![CDATA[PASS: Logout link is not visible before login.]]>
    </line>
    <line>
      <![CDATA[PASS: All main navigation bar links are visible on page load.]]>
    </line>
    <line>
      <![CDATA[PASS: Monitors category displays products. Product count: 2]]>
    </line>
    <line>
      <![CDATA[PASS: Page title contains STORE. Actual title: STORE]]>
    </line>
    <line>
      <![CDATA[PASS: Phones category displays products. Product count: 9]]>
    </line>
    <line>
      <![CDATA[PASS: Product cards are loaded and visible on the home page initially.]]>
    </line>
    <line>
      <![CDATA[PASS: Phones, Laptops and Monitors category links are visible.]]>
    </line>
    <line>
      <![CDATA[PASS: Clicking Next changes the product list.]]>
    </line>
    <line>
      <![CDATA[PASS: Each category returns at least one product.]]>
    </line>
    <line>
      <![CDATA[PASS: Laptops category displays products. Count: 6]]>
    </line>
    <line>
      <![CDATA[PASS: Laptops category shows relevant laptop products.]]>
    </line>
    <line>
      <![CDATA[PASS: Monitors category displays products. Count: 2]]>
    </line>
    <line>
      <![CDATA[PASS: Monitors category shows relevant monitor products.]]>
    </line>
    <line>
      <![CDATA[PASS: Next pagination button is visible.]]>
    </line>
    <line>
      <![CDATA[PASS: Phones category displays products. Count: 7]]>
    </line>
    <line>
      <![CDATA[PASS: Phones category shows relevant phone products.]]>
    </line>
    <line>
      <![CDATA[PASS: Clicking Previous changes the product list after navigating Next.]]>
    </line>
    <line>
      <![CDATA[PASS: Product cards are visible on initial load.]]>
    </line>
    <line>
      <![CDATA[PASS: Product category section is visible.]]>
    </line>
    <line>
      <![CDATA[PASS: Switching between categories updates the product list.]]>
    </line>
    <line>
      <![CDATA[PASS: Add to cart button is displayed on product details page.]]>
    </line>
    <line>
      <![CDATA[PASS: Add to cart success alert displayed: Product added]]>
    </line>
    <line>
      <![CDATA[PASS: Clicked product matches details page product name: Samsung galaxy s6]]>
    </line>
    <line>
      <![CDATA[PASS: Laptops category product details page opened successfully.]]>
    </line>
    <line>
      <![CDATA[PASS: Monitors category product details page opened successfully.]]>
    </line>
    <line>
      <![CDATA[PASS: Phones category product details page opened successfully.]]>
    </line>
    <line>
      <![CDATA[PASS: Product description is displayed on product details page.]]>
    </line>
    <line>
      <![CDATA[PASS: Product details page URL is correct: https://demoblaze.com/prod.html?idp_=1]]>
    </line>
    <line>
      <![CDATA[PASS: Product image is displayed on product details page.]]>
    </line>
    <line>
      <![CDATA[PASS: Product name is displayed on product details page.]]>
    </line>
    <line>
      <![CDATA[PASS: Product price is displayed on product details page. Price: $360 *includes tax]]>
    </line>
    <line>
      <![CDATA[PASS: Product details page opened successfully for product: Samsung galaxy s6]]>
    </line>
    <line>
      <![CDATA[PASS: Cart contains the added product with correct title: Samsung galaxy s6]]>
    </line>
    <line>
      <![CDATA[PASS: Cart table is displayed on cart page.]]>
    </line>
    <line>
      <![CDATA[INFO: First product: Samsung galaxy s6 | Price: 360]]>
    </line>
    <line>
      <![CDATA[INFO: Second product: Nokia lumia 1520 | Price: 820]]>
    </line>
    <line>
      <![CDATA[INFO: Expected total: 1180]]>
    </line>
    <line>
      <![CDATA[INFO: Actual total: 1180]]>
    </line>
    <line>
      <![CDATA[PASS: Cart total is correct after adding multiple products.]]>
    </line>
    <line>
      <![CDATA[PASS: Cart total is displayed after product is added. Total: 360]]>
    </line>
    <line>
      <![CDATA[INFO: Product: Samsung galaxy s6]]>
    </line>
    <line>
      <![CDATA[INFO: Same product row count in cart: 2]]>
    </line>
    <line>
      <![CDATA[DEFECT: Duplicate product created multiple rows instead of updating quantity. Row count found: 2]]>
    </line>
    <line>
      <![CDATA[PASS: Place Order button is displayed on cart page.]]>
    </line>
    <line>
      <![CDATA[PASS: Place Order modal opens successfully.]]>
    </line>
    <line>
      <![CDATA[PASS: Product added to cart successfully: Samsung galaxy s6]]>
    </line>
    <line>
      <![CDATA[PASS: User deleted product from cart successfully.]]>
    </line>
    <line>
      <![CDATA[PASS: User navigated to cart page successfully.]]>
    </line>
    <line>
      <![CDATA[DEFECT: User can still open purchase flow without products in cart.]]>
    </line>
    <line>
      <![CDATA[PASS: Precondition passed: product added to cart and cart page opened.]]>
    </line>
    <line>
      <![CDATA[PASS: All Place Order input fields are displayed.]]>
    </line>
    <line>
      <![CDATA[PASS: Precondition passed: product added to cart and cart page opened.]]>
    </line>
    <line>
      <![CDATA[PASS: Card number label/details are displayed.]]>
    </line>
    <line>
      <![CDATA[PASS: Precondition passed: product added to cart and cart page opened.]]>
    </line>
    <line>
      <![CDATA[PASS: Cart is cleared after successful purchase.]]>
    </line>
    <line>
      <![CDATA[PASS: Precondition passed: product added to cart and cart page opened.]]>
    </line>
    <line>
      <![CDATA[PASS: Place Order modal opened successfully.]]>
    </line>
    <line>
      <![CDATA[PASS: Precondition passed: product added to cart and cart page opened.]]>
    </line>
    <line>
      <![CDATA[DEFECT: Close or Purchase button is not visible.]]>
    </line>
    <line>
      <![CDATA[PASS: Precondition passed: product added to cart and cart page opened.]]>
    </line>
    <line>
      <![CDATA[PASS: Confirmation popup contains purchase details.]]>
    </line>
    <line>
      <![CDATA[PASS: Precondition passed: product added to cart and cart page opened.]]>
    </line>
    <line>
      <![CDATA[PASS: Confirmation popup shows success details.]]>
    </line>
    <line>
      <![CDATA[PASS: Precondition passed: product added to cart and cart page opened.]]>
    </line>
    <line>
      <![CDATA[PASS: Date is displayed in confirmation popup.]]>
    </line>
    <line>
      <![CDATA[PASS: Precondition passed: product added to cart and cart page opened.]]>
    </line>
    <line>
      <![CDATA[PASS: Purchase details are not empty.]]>
    </line>
    <line>
      <![CDATA[PASS: Precondition passed: product added to cart and cart page opened.]]>
    </line>
    <line>
      <![CDATA[PASS: Precondition passed: product added to cart and cart page opened.]]>
    </line>
    <line>
      <![CDATA[DEFECT: Place Order modal did not close using X icon.]]>
    </line>
    <line>
      <![CDATA[PASS: Precondition passed: product added to cart and cart page opened.]]>
    </line>
    <line>
      <![CDATA[PASS: Place Order modal title is correct.]]>
    </line>
    <line>
      <![CDATA[PASS: Precondition passed: product added to cart and cart page opened.]]>
    </line>
    <line>
      <![CDATA[PASS: Month field accepts numeric input.]]>
    </line>
    <line>
      <![CDATA[PASS: Precondition passed: product added to cart and cart page opened.]]>
    </line>
    <line>
      <![CDATA[PASS: User name is displayed correctly.]]>
    </line>
    <line>
      <![CDATA[PASS: Precondition passed: product added to cart and cart page opened.]]>
    </line>
    <line>
      <![CDATA[PASS: OK button is visible in confirmation popup.]]>
    </line>
    <line>
      <![CDATA[PASS: OK button closes confirmation popup.]]>
    </line>
    <line>
      <![CDATA[PASS: Precondition passed: product added to cart and cart page opened.]]>
    </line>
    <line>
      <![CDATA[PASS: OK button is visible.]]>
    </line>
    <line>
      <![CDATA[PASS: Precondition passed: product added to cart and cart page opened.]]>
    </line>
    <line>
      <![CDATA[PASS: Place Order button is visible on Cart page.]]>
    </line>
    <line>
      <![CDATA[PASS: Precondition passed: product added to cart and cart page opened.]]>
    </line>
    <line>
      <![CDATA[PASS: Precondition passed: product added to cart and cart page opened.]]>
    </line>
    <line>
      <![CDATA[PASS: Popup contains Date.]]>
    </line>
    <line>
      <![CDATA[PASS: Precondition passed: product added to cart and cart page opened.]]>
    </line>
    <line>
      <![CDATA[PASS: Popup contains Id.]]>
    </line>
    <line>
      <![CDATA[PASS: Precondition passed: product added to cart and cart page opened.]]>
    </line>
    <line>
      <![CDATA[PASS: Popup appears after successful purchase.]]>
    </line>
    <line>
      <![CDATA[PASS: Precondition passed: product added to cart and cart page opened.]]>
    </line>
    <line>
      <![CDATA[PASS: Purchase amount matches cart total.]]>
    </line>
    <line>
      <![CDATA[PASS: Precondition passed: product added to cart and cart page opened.]]>
    </line>
    <line>
      <![CDATA[PASS: Purchase confirmation popup is displayed.]]>
    </line>
    <line>
      <![CDATA[PASS: Precondition passed: product added to cart and cart page opened.]]>
    </line>
    <line>
      <![CDATA[PASS: Purchase details are present in confirmation popup.]]>
    </line>
    <line>
      <![CDATA[PASS: Precondition passed: product added to cart and cart page opened.]]>
    </line>
    <line>
      <![CDATA[PASS: Purchase succeeds with valid details.]]>
    </line>
    <line>
      <![CDATA[PASS: Precondition passed: product added to cart and cart page opened.]]>
    </line>
    <line>
      <![CDATA[PASS: Purchase success title is correct.]]>
    </line>
    <line>
      <![CDATA[PASS: Precondition passed: product added to cart and cart page opened.]]>
    </line>
    <line>
      <![CDATA[PASS: Purchase is blocked with all fields blank.]]>
    </line>
    <line>
      <![CDATA[PASS: Precondition passed: product added to cart and cart page opened.]]>
    </line>
    <line>
      <![CDATA[DEFECT: Purchase is allowed with alphabetic credit card value.]]>
    </line>
    <line>
      <![CDATA[PASS: Precondition passed: product added to cart and cart page opened.]]>
    </line>
    <line>
      <![CDATA[DEFECT: Purchase is allowed with invalid credit card format.]]>
    </line>
    <line>
      <![CDATA[PASS: Precondition passed: product added to cart and cart page opened.]]>
    </line>
    <line>
      <![CDATA[DEFECT: Purchase is allowed with very long input values.]]>
    </line>
    <line>
      <![CDATA[PASS: Precondition passed: product added to cart and cart page opened.]]>
    </line>
    <line>
      <![CDATA[DEFECT: Purchase is allowed with Name and Card only.]]>
    </line>
    <line>
      <![CDATA[PASS: Precondition passed: product added to cart and cart page opened.]]>
    </line>
    <line>
      <![CDATA[PASS: Purchase is blocked with only Name filled.]]>
    </line>
    <line>
      <![CDATA[PASS: Precondition passed: product added to cart and cart page opened.]]>
    </line>
    <line>
      <![CDATA[DEFECT: Purchase is allowed with special characters in Name field.]]>
    </line>
    <line>
      <![CDATA[PASS: Precondition passed: product added to cart and cart page opened.]]>
    </line>
    <line>
      <![CDATA[PASS: Precondition passed: product added to cart and cart page opened.]]>
    </line>
    <line>
      <![CDATA[PASS: Total label/value is displayed in Place Order modal. Total: 360]]>
    </line>
    <line>
      <![CDATA[PASS: Precondition passed: product added to cart and cart page opened.]]>
    </line>
    <line>
      <![CDATA[PASS: Unique order ID/content generated for separate purchases.]]>
    </line>
    <line>
      <![CDATA[PASS: Precondition passed: product added to cart and cart page opened.]]>
    </line>
    <line>
      <![CDATA[PASS: User can type into all Place Order fields.]]>
    </line>
    <line>
      <![CDATA[PASS: Precondition passed: product added to cart and cart page opened.]]>
    </line>
    <line>
      <![CDATA[PASS: Year field accepts numeric input.]]>
    </line>
    <line>
      <![CDATA[DEFECT: Proper validation alert not displayed for invalid submission. Actual alert: Thanks for the message!!]]>
    </line>
    <line>
      <![CDATA[DEFECT: Modal title mismatch. Expected: Contact us, Actual: New message]]>
    </line>
    <line>
      <![CDATA[DEFECT: Blank form submitted unexpectedly. Alert text: Thanks for the message!!]]>
    </line>
    <line>
      <![CDATA[DEFECT: Only email submitted unexpectedly. Alert text: Thanks for the message!!]]>
    </line>
    <line>
      <![CDATA[DEFECT: Only name submitted unexpectedly. Alert text: Thanks for the message!!]]>
    </line>
    <line>
      <![CDATA[DEFECT: Only message submitted unexpectedly. Alert text: Thanks for the message!!]]>
    </line>
    <line>
      <![CDATA[DEFECT: Email and name only submitted unexpectedly. Alert text: Thanks for the message!!]]>
    </line>
    <line>
      <![CDATA[DEFECT: Email and message only submitted unexpectedly. Alert text: Thanks for the message!!]]>
    </line>
    <line>
      <![CDATA[DEFECT: Name and message only submitted unexpectedly. Alert text: Thanks for the message!!]]>
    </line>
    <line>
      <![CDATA[PASS: All fields and action buttons are visible.]]>
    </line>
    <line>
      <![CDATA[PASS: Contact modal opens successfully.]]>
    </line>
    <line>
      <![CDATA[DEFECT: Empty form submitted. Alert text: Thanks for the message!!]]>
    </line>
    <line>
      <![CDATA[DEFECT: Fields are not cleared after reopening modal. Email='priyanka@gmail.com', Name='Priyanka', Message='Field clear test']]>
    </line>
    <line>
      <![CDATA[DEFECT: Invalid email format submitted unexpectedly. Alert text: Thanks for the message!!]]>
    </line>
    <line>
      <![CDATA[DEFECT: Overlength message submitted unexpectedly. Alert text: Thanks for the message!!]]>
    </line>
    <line>
      <![CDATA[PASS: Valid Contact form submitted successfully. Alert: Thanks for the message!!]]>
    </line>
    <line>
      <![CDATA[PASS: About Us modal opened when navbar link was clicked.]]>
    </line>
    <line>
      <![CDATA[PASS: About Us modal title is correct.]]>
    </line>
    <line>
      <![CDATA[PASS: Big play button is visible.]]>
    </line>
    <line>
      <![CDATA[PASS: Close button and X button are visible.]]>
    </line>
    <line>
      <![CDATA[PASS: Modal closed when Close button was clicked.]]>
    </line>
    <line>
      <![CDATA[PASS: Modal closed when X button was clicked.]]>
    </line>
    <line>
      <![CDATA[PASS: Video player container is visible.]]>
    </line>
    <line>
      <![CDATA[DEFECT: Volume level could not be adjusted.]]>
    </line>
    <line>
      <![CDATA[PASS: Video muted and unmuted successfully.]]>
    </line>
    <line>
      <![CDATA[PASS: Video paused and resumed successfully.]]>
    </line>
    <line>
      <![CDATA[DEFECT: Video could not enter and exit fullscreen properly.]]>
    </line>
    <line>
      <![CDATA[PASS: Video is paused initially.]]>
    </line>
    <line>
      <![CDATA[PASS: Video paused successfully after play.]]>
    </line>
    <line>
      <![CDATA[PASS: Video progress changed after seek.]]>
    </line>
    <line>
      <![CDATA[PASS: Video started playing after clicking play button.]]>
    </line>
    <line>
      <![CDATA[PASS: Back navigation after logout does not restore session for user: priyankapriya]]>
    </line>
    <line>
      <![CDATA[PASS: Login link is visible after logout for user: priyankapriya]]>
    </line>
    <line>
      <![CDATA[PASS: Login successful before logout for user: priyankapriya]]>
    </line>
    <line>
      <![CDATA[PASS: Logout successful for user: priyankapriya]]>
    </line>
    <line>
      <![CDATA[PASS: Logout link becomes invisible after logout for user: priyankapriya]]>
    </line>
    <line>
      <![CDATA[PASS: Logout link is not visible before login.]]>
    </line>
    <line>
      <![CDATA[PASS: Logout link is visible after login for user: priyankapriya]]>
    </line>
    <line>
      <![CDATA[PASS: User session is cleared after logout for user: priyankapriya]]>
    </line>
    <line>
      <![CDATA[PASS: Logout functionality works successfully for user: priyankapriya]]>
    </line>
    <line>
      <![CDATA[PASS: Welcome text disappears after logout for user: priyankapriya]]>
    </line>
  </reporter-output>
  <suite started-at="2026-04-23T14:19:20 IST" name="Demoblaze Test Suite" finished-at="2026-04-23T14:47:00 IST" duration-ms="1659844">
    <groups>
    </groups>
    <test started-at="2026-04-23T14:19:20 IST" name="Demoblaze Tests" finished-at="2026-04-23T14:47:00 IST" duration-ms="1659844">
      <class name="com.tests.AboutUsTest">
        <test-method is-config="true" signature="setUp()[pri:0, instance:com.tests.AboutUsTest@3b79fd76]" started-at="2026-04-23T14:43:22 IST" name="setUp" finished-at="2026-04-23T14:43:25 IST" duration-ms="2845" status="PASS">
          <reporter-output>
          </reporter-output>
        </test-method> <!-- setUp -->
        <test-method signature="verifyAboutUsModalOpensWhenUserClicksNavbarLink()[pri:0, instance:com.tests.AboutUsTest@3b79fd76]" started-at="2026-04-23T14:43:25 IST" name="verifyAboutUsModalOpensWhenUserClicksNavbarLink" description="Verify About Us modal opens when user clicks navbar link" finished-at="2026-04-23T14:43:26 IST" duration-ms="905" status="PASS">
          <reporter-output>
            <line>
              <![CDATA[PASS: About Us modal opened when navbar link was clicked.]]>
            </line>
          </reporter-output>
        </test-method> <!-- verifyAboutUsModalOpensWhenUserClicksNavbarLink -->
        <test-method is-config="true" signature="tearDown()[pri:0, instance:com.tests.AboutUsTest@3b79fd76]" started-at="2026-04-23T14:43:26 IST" name="tearDown" finished-at="2026-04-23T14:43:26 IST" duration-ms="226" status="PASS">
          <reporter-output>
          </reporter-output>
        </test-method> <!-- tearDown -->
        <test-method is-config="true" signature="setUp()[pri:0, instance:com.tests.AboutUsTest@3b79fd76]" started-at="2026-04-23T14:43:26 IST" name="setUp" finished-at="2026-04-23T14:43:30 IST" duration-ms="4070" status="PASS">
          <reporter-output>
          </reporter-output>
        </test-method> <!-- setUp -->
        <test-method signature="verifyAboutUsModalTitleIsCorrect()[pri:0, instance:com.tests.AboutUsTest@3b79fd76]" started-at="2026-04-23T14:43:30 IST" name="verifyAboutUsModalTitleIsCorrect" description="Verify About Us modal title is correct" finished-at="2026-04-23T14:43:31 IST" duration-ms="812" status="PASS">
          <reporter-output>
            <line>
              <![CDATA[PASS: About Us modal title is correct.]]>
            </line>
          </reporter-output>
        </test-method> <!-- verifyAboutUsModalTitleIsCorrect -->
        <test-method is-config="true" signature="tearDown()[pri:0, instance:com.tests.AboutUsTest@3b79fd76]" started-at="2026-04-23T14:43:31 IST" name="tearDown" finished-at="2026-04-23T14:43:31 IST" duration-ms="239" status="PASS">
          <reporter-output>
          </reporter-output>
        </test-method> <!-- tearDown -->
        <test-method is-config="true" signature="setUp()[pri:0, instance:com.tests.AboutUsTest@3b79fd76]" started-at="2026-04-23T14:43:31 IST" name="setUp" finished-at="2026-04-23T14:43:34 IST" duration-ms="2825" status="PASS">
          <reporter-output>
          </reporter-output>
        </test-method> <!-- setUp -->
        <test-method signature="verifyBigPlayButtonIsVisible()[pri:0, instance:com.tests.AboutUsTest@3b79fd76]" started-at="2026-04-23T14:43:34 IST" name="verifyBigPlayButtonIsVisible" description="Verify big play button is visible on video player" finished-at="2026-04-23T14:43:35 IST" duration-ms="863" status="PASS">
          <reporter-output>
            <line>
              <![CDATA[PASS: Big play button is visible.]]>
            </line>
          </reporter-output>
        </test-method> <!-- verifyBigPlayButtonIsVisible -->
        <test-method is-config="true" signature="tearDown()[pri:0, instance:com.tests.AboutUsTest@3b79fd76]" started-at="2026-04-23T14:43:35 IST" name="tearDown" finished-at="2026-04-23T14:43:35 IST" duration-ms="254" status="PASS">
          <reporter-output>
          </reporter-output>
        </test-method> <!-- tearDown -->
        <test-method is-config="true" signature="setUp()[pri:0, instance:com.tests.AboutUsTest@3b79fd76]" started-at="2026-04-23T14:43:35 IST" name="setUp" finished-at="2026-04-23T14:43:38 IST" duration-ms="2454" status="PASS">
          <reporter-output>
          </reporter-output>
        </test-method> <!-- setUp -->
        <test-method signature="verifyCloseButtonAndXButtonAreVisible()[pri:0, instance:com.tests.AboutUsTest@3b79fd76]" started-at="2026-04-23T14:43:38 IST" name="verifyCloseButtonAndXButtonAreVisible" description="Verify Close button and X button are visible in About Us modal" finished-at="2026-04-23T14:43:39 IST" duration-ms="987" status="PASS">
          <reporter-output>
            <line>
              <![CDATA[PASS: Close button and X button are visible.]]>
            </line>
          </reporter-output>
        </test-method> <!-- verifyCloseButtonAndXButtonAreVisible -->
        <test-method is-config="true" signature="tearDown()[pri:0, instance:com.tests.AboutUsTest@3b79fd76]" started-at="2026-04-23T14:43:39 IST" name="tearDown" finished-at="2026-04-23T14:43:39 IST" duration-ms="585" status="PASS">
          <reporter-output>
          </reporter-output>
        </test-method> <!-- tearDown -->
        <test-method is-config="true" signature="setUp()[pri:0, instance:com.tests.AboutUsTest@3b79fd76]" started-at="2026-04-23T14:43:39 IST" name="setUp" finished-at="2026-04-23T14:43:42 IST" duration-ms="2626" status="PASS">
          <reporter-output>
          </reporter-output>
        </test-method> <!-- setUp -->
        <test-method signature="verifyModalClosesWhenCloseButtonIsClicked()[pri:0, instance:com.tests.AboutUsTest@3b79fd76]" started-at="2026-04-23T14:43:42 IST" name="verifyModalClosesWhenCloseButtonIsClicked" description="Verify About Us modal closes when Close button is clicked" finished-at="2026-04-23T14:43:43 IST" duration-ms="1533" status="PASS">
          <reporter-output>
            <line>
              <![CDATA[PASS: Modal closed when Close button was clicked.]]>
            </line>
          </reporter-output>
        </test-method> <!-- verifyModalClosesWhenCloseButtonIsClicked -->
        <test-method is-config="true" signature="tearDown()[pri:0, instance:com.tests.AboutUsTest@3b79fd76]" started-at="2026-04-23T14:43:43 IST" name="tearDown" finished-at="2026-04-23T14:43:44 IST" duration-ms="348" status="PASS">
          <reporter-output>
          </reporter-output>
        </test-method> <!-- tearDown -->
        <test-method is-config="true" signature="setUp()[pri:0, instance:com.tests.AboutUsTest@3b79fd76]" started-at="2026-04-23T14:43:44 IST" name="setUp" finished-at="2026-04-23T14:43:46 IST" duration-ms="2579" status="PASS">
          <reporter-output>
          </reporter-output>
        </test-method> <!-- setUp -->
        <test-method signature="verifyModalClosesWhenXButtonIsClicked()[pri:0, instance:com.tests.AboutUsTest@3b79fd76]" started-at="2026-04-23T14:43:46 IST" name="verifyModalClosesWhenXButtonIsClicked" description="Verify About Us modal closes when X button is clicked" finished-at="2026-04-23T14:43:48 IST" duration-ms="1745" status="PASS">
          <reporter-output>
            <line>
              <![CDATA[PASS: Modal closed when X button was clicked.]]>
            </line>
          </reporter-output>
        </test-method> <!-- verifyModalClosesWhenXButtonIsClicked -->
        <test-method is-config="true" signature="tearDown()[pri:0, instance:com.tests.AboutUsTest@3b79fd76]" started-at="2026-04-23T14:43:48 IST" name="tearDown" finished-at="2026-04-23T14:43:48 IST" duration-ms="393" status="PASS">
          <reporter-output>
          </reporter-output>
        </test-method> <!-- tearDown -->
        <test-method is-config="true" signature="setUp()[pri:0, instance:com.tests.AboutUsTest@3b79fd76]" started-at="2026-04-23T14:43:48 IST" name="setUp" finished-at="2026-04-23T14:43:51 IST" duration-ms="2829" status="PASS">
          <reporter-output>
          </reporter-output>
        </test-method> <!-- setUp -->
        <test-method signature="verifyModalContainsVideoPlayerContainer()[pri:0, instance:com.tests.AboutUsTest@3b79fd76]" started-at="2026-04-23T14:43:51 IST" name="verifyModalContainsVideoPlayerContainer" description="Verify About Us modal contains video player container" finished-at="2026-04-23T14:43:52 IST" duration-ms="950" status="PASS">
          <reporter-output>
            <line>
              <![CDATA[PASS: Video player container is visible.]]>
            </line>
          </reporter-output>
        </test-method> <!-- verifyModalContainsVideoPlayerContainer -->
        <test-method is-config="true" signature="tearDown()[pri:0, instance:com.tests.AboutUsTest@3b79fd76]" started-at="2026-04-23T14:43:52 IST" name="tearDown" finished-at="2026-04-23T14:43:52 IST" duration-ms="291" status="PASS">
          <reporter-output>
          </reporter-output>
        </test-method> <!-- tearDown -->
        <test-method is-config="true" signature="setUp()[pri:0, instance:com.tests.AboutUsTest@3b79fd76]" started-at="2026-04-23T14:43:52 IST" name="setUp" finished-at="2026-04-23T14:43:56 IST" duration-ms="3646" status="PASS">
          <reporter-output>
          </reporter-output>
        </test-method> <!-- setUp -->
        <test-method signature="verifyUserCanAdjustVolumeLevel()[pri:0, instance:com.tests.AboutUsTest@3b79fd76]" started-at="2026-04-23T14:43:56 IST" name="verifyUserCanAdjustVolumeLevel" description="Test if the user can adjust the volume level" finished-at="2026-04-23T14:44:02 IST" duration-ms="5968" status="PASS">
          <reporter-output>
            <line>
              <![CDATA[DEFECT: Volume level could not be adjusted.]]>
            </line>
          </reporter-output>
        </test-method> <!-- verifyUserCanAdjustVolumeLevel -->
        <test-method is-config="true" signature="tearDown()[pri:0, instance:com.tests.AboutUsTest@3b79fd76]" started-at="2026-04-23T14:44:02 IST" name="tearDown" finished-at="2026-04-23T14:44:02 IST" duration-ms="325" status="PASS">
          <reporter-output>
          </reporter-output>
        </test-method> <!-- tearDown -->
        <test-method is-config="true" signature="setUp()[pri:0, instance:com.tests.AboutUsTest@3b79fd76]" started-at="2026-04-23T14:44:02 IST" name="setUp" finished-at="2026-04-23T14:44:06 IST" duration-ms="3073" status="PASS">
          <reporter-output>
          </reporter-output>
        </test-method> <!-- setUp -->
        <test-method signature="verifyVideoCanBeMutedAndUnmuted()[pri:0, instance:com.tests.AboutUsTest@3b79fd76]" started-at="2026-04-23T14:44:06 IST" name="verifyVideoCanBeMutedAndUnmuted" description="Confirm that the video can be muted and unmuted by the user" finished-at="2026-04-23T14:44:07 IST" duration-ms="1649" status="PASS">
          <reporter-output>
            <line>
              <![CDATA[PASS: Video muted and unmuted successfully.]]>
            </line>
          </reporter-output>
        </test-method> <!-- verifyVideoCanBeMutedAndUnmuted -->
        <test-method is-config="true" signature="tearDown()[pri:0, instance:com.tests.AboutUsTest@3b79fd76]" started-at="2026-04-23T14:44:07 IST" name="tearDown" finished-at="2026-04-23T14:44:07 IST" duration-ms="332" status="PASS">
          <reporter-output>
          </reporter-output>
        </test-method> <!-- tearDown -->
        <test-method is-config="true" signature="setUp()[pri:0, instance:com.tests.AboutUsTest@3b79fd76]" started-at="2026-04-23T14:44:07 IST" name="setUp" finished-at="2026-04-23T14:44:10 IST" duration-ms="2390" status="PASS">
          <reporter-output>
          </reporter-output>
        </test-method> <!-- setUp -->
        <test-method signature="verifyVideoCanBePausedAndResumed()[pri:0, instance:com.tests.AboutUsTest@3b79fd76]" started-at="2026-04-23T14:44:10 IST" name="verifyVideoCanBePausedAndResumed" description="Validate that the video can be paused and resumed" finished-at="2026-04-23T14:44:12 IST" duration-ms="1767" status="PASS">
          <reporter-output>
            <line>
              <![CDATA[PASS: Video paused and resumed successfully.]]>
            </line>
          </reporter-output>
        </test-method> <!-- verifyVideoCanBePausedAndResumed -->
        <test-method is-config="true" signature="tearDown()[pri:0, instance:com.tests.AboutUsTest@3b79fd76]" started-at="2026-04-23T14:44:12 IST" name="tearDown" finished-at="2026-04-23T14:44:12 IST" duration-ms="325" status="PASS">
          <reporter-output>
          </reporter-output>
        </test-method> <!-- tearDown -->
        <test-method is-config="true" signature="setUp()[pri:0, instance:com.tests.AboutUsTest@3b79fd76]" started-at="2026-04-23T14:44:12 IST" name="setUp" finished-at="2026-04-23T14:44:14 IST" duration-ms="2501" status="PASS">
          <reporter-output>
          </reporter-output>
        </test-method> <!-- setUp -->
        <test-method signature="verifyVideoCanEnterAndExitFullscreen()[pri:0, instance:com.tests.AboutUsTest@3b79fd76]" started-at="2026-04-23T14:44:14 IST" name="verifyVideoCanEnterAndExitFullscreen" description="Verify video can enter and exit fullscreen" finished-at="2026-04-23T14:44:20 IST" duration-ms="5252" status="PASS">
          <reporter-output>
            <line>
              <![CDATA[DEFECT: Video could not enter and exit fullscreen properly.]]>
            </line>
          </reporter-output>
        </test-method> <!-- verifyVideoCanEnterAndExitFullscreen -->
        <test-method is-config="true" signature="tearDown()[pri:0, instance:com.tests.AboutUsTest@3b79fd76]" started-at="2026-04-23T14:44:20 IST" name="tearDown" finished-at="2026-04-23T14:44:20 IST" duration-ms="273" status="PASS">
          <reporter-output>
          </reporter-output>
        </test-method> <!-- tearDown -->
        <test-method is-config="true" signature="setUp()[pri:0, instance:com.tests.AboutUsTest@3b79fd76]" started-at="2026-04-23T14:44:20 IST" name="setUp" finished-at="2026-04-23T14:44:23 IST" duration-ms="2854" status="PASS">
          <reporter-output>
          </reporter-output>
        </test-method> <!-- setUp -->
        <test-method signature="verifyVideoIsPausedInitially()[pri:0, instance:com.tests.AboutUsTest@3b79fd76]" started-at="2026-04-23T14:44:23 IST" name="verifyVideoIsPausedInitially" description="Verify video is paused initially" finished-at="2026-04-23T14:44:24 IST" duration-ms="832" status="PASS">
          <reporter-output>
            <line>
              <![CDATA[PASS: Video is paused initially.]]>
            </line>
          </reporter-output>
        </test-method> <!-- verifyVideoIsPausedInitially -->
        <test-method is-config="true" signature="tearDown()[pri:0, instance:com.tests.AboutUsTest@3b79fd76]" started-at="2026-04-23T14:44:24 IST" name="tearDown" finished-at="2026-04-23T14:44:24 IST" duration-ms="221" status="PASS">
          <reporter-output>
          </reporter-output>
        </test-method> <!-- tearDown -->
        <test-method is-config="true" signature="setUp()[pri:0, instance:com.tests.AboutUsTest@3b79fd76]" started-at="2026-04-23T14:44:24 IST" name="setUp" finished-at="2026-04-23T14:44:27 IST" duration-ms="3131" status="PASS">
          <reporter-output>
          </reporter-output>
        </test-method> <!-- setUp -->
        <test-method signature="verifyVideoPausesAfterPlay()[pri:0, instance:com.tests.AboutUsTest@3b79fd76]" started-at="2026-04-23T14:44:27 IST" name="verifyVideoPausesAfterPlay" description="Verify video pauses after play" finished-at="2026-04-23T14:44:29 IST" duration-ms="1794" status="PASS">
          <reporter-output>
            <line>
              <![CDATA[PASS: Video paused successfully after play.]]>
            </line>
          </reporter-output>
        </test-method> <!-- verifyVideoPausesAfterPlay -->
        <test-method is-config="true" signature="tearDown()[pri:0, instance:com.tests.AboutUsTest@3b79fd76]" started-at="2026-04-23T14:44:29 IST" name="tearDown" finished-at="2026-04-23T14:44:29 IST" duration-ms="453" status="PASS">
          <reporter-output>
          </reporter-output>
        </test-method> <!-- tearDown -->
        <test-method is-config="true" signature="setUp()[pri:0, instance:com.tests.AboutUsTest@3b79fd76]" started-at="2026-04-23T14:44:29 IST" name="setUp" finished-at="2026-04-23T14:44:32 IST" duration-ms="2406" status="PASS">
          <reporter-output>
          </reporter-output>
        </test-method> <!-- setUp -->
        <test-method signature="verifyVideoSeeksToSpecificTime()[pri:0, instance:com.tests.AboutUsTest@3b79fd76]" started-at="2026-04-23T14:44:32 IST" name="verifyVideoSeeksToSpecificTime" description="Verify video seeks to a specific time" finished-at="2026-04-23T14:44:35 IST" duration-ms="3397" status="PASS">
          <reporter-output>
            <line>
              <![CDATA[PASS: Video progress changed after seek.]]>
            </line>
          </reporter-output>
        </test-method> <!-- verifyVideoSeeksToSpecificTime -->
        <test-method is-config="true" signature="tearDown()[pri:0, instance:com.tests.AboutUsTest@3b79fd76]" started-at="2026-04-23T14:44:35 IST" name="tearDown" finished-at="2026-04-23T14:44:35 IST" duration-ms="261" status="PASS">
          <reporter-output>
          </reporter-output>
        </test-method> <!-- tearDown -->
        <test-method is-config="true" signature="setUp()[pri:0, instance:com.tests.AboutUsTest@3b79fd76]" started-at="2026-04-23T14:44:35 IST" name="setUp" finished-at="2026-04-23T14:44:38 IST" duration-ms="2805" status="PASS">
          <reporter-output>
          </reporter-output>
        </test-method> <!-- setUp -->
        <test-method signature="verifyVideoStartsPlayingWhenPlayButtonIsClicked()[pri:0, instance:com.tests.AboutUsTest@3b79fd76]" started-at="2026-04-23T14:44:38 IST" name="verifyVideoStartsPlayingWhenPlayButtonIsClicked" description="Verify video starts playing when play button is clicked" finished-at="2026-04-23T14:44:39 IST" duration-ms="1200" status="PASS">
          <reporter-output>
            <line>
              <![CDATA[PASS: Video started playing after clicking play button.]]>
            </line>
          </reporter-output>
        </test-method> <!-- verifyVideoStartsPlayingWhenPlayButtonIsClicked -->
        <test-method is-config="true" signature="tearDown()[pri:0, instance:com.tests.AboutUsTest@3b79fd76]" started-at="2026-04-23T14:44:39 IST" name="tearDown" finished-at="2026-04-23T14:44:40 IST" duration-ms="254" status="PASS">
          <reporter-output>
          </reporter-output>
        </test-method> <!-- tearDown -->
      </class> <!-- com.tests.AboutUsTest -->
      <class name="com.tests.ContactTest">
        <test-method is-config="true" signature="setUp()[pri:0, instance:com.tests.ContactTest@7fc4780b]" started-at="2026-04-23T14:41:54 IST" name="setUp" finished-at="2026-04-23T14:41:57 IST" duration-ms="2782" status="PASS">
          <reporter-output>
          </reporter-output>
        </test-method> <!-- setUp -->
        <test-method signature="validateAlertTextForInvalidSubmission()[pri:0, instance:com.tests.ContactTest@7fc4780b]" started-at="2026-04-23T14:41:57 IST" name="validateAlertTextForInvalidSubmission" description="Validate alert message displayed for invalid Contact form submission" finished-at="2026-04-23T14:41:59 IST" duration-ms="1408" status="FAIL">
          <exception class="java.lang.AssertionError">
            <message>
              <![CDATA[Proper validation alert message should be displayed for invalid Contact form submission. expected [true] but found [false]]]>
            </message>
            <full-stacktrace>
              <![CDATA[java.lang.AssertionError: Proper validation alert message should be displayed for invalid Contact form submission. expected [true] but found [false]
at org.testng.Assert.fail(Assert.java:111)
at org.testng.Assert.failNotEquals(Assert.java:1578)
at org.testng.Assert.assertTrue(Assert.java:57)
at com.tests.ContactTest.validateAlertTextForInvalidSubmission(ContactTest.java:232)
at java.base/jdk.internal.reflect.DirectMethodHandleAccessor.invoke(DirectMethodHandleAccessor.java:103)
at java.base/java.lang.reflect.Method.invoke(Method.java:580)
at org.testng.internal.invokers.MethodInvocationHelper.invokeMethod(MethodInvocationHelper.java:141)
at org.testng.internal.invokers.TestInvoker.invokeMethod(TestInvoker.java:686)
at org.testng.internal.invokers.TestInvoker.invokeTestMethod(TestInvoker.java:230)
at org.testng.internal.invokers.MethodRunner.runInSequence(MethodRunner.java:63)
at org.testng.internal.invokers.TestInvoker$MethodInvocationAgent.invoke(TestInvoker.java:992)
at org.testng.internal.invokers.TestInvoker.invokeTestMethods(TestInvoker.java:203)
at org.testng.internal.invokers.TestMethodWorker.invokeTestMethods(TestMethodWorker.java:154)
at org.testng.internal.invokers.TestMethodWorker.run(TestMethodWorker.java:134)
at java.base/java.util.ArrayList.forEach(ArrayList.java:1596)
at org.testng.TestRunner.privateRun(TestRunner.java:739)
at org.testng.TestRunner.run(TestRunner.java:614)
at org.testng.SuiteRunner.runTest(SuiteRunner.java:421)
at org.testng.SuiteRunner$SuiteWorker.run(SuiteRunner.java:463)
at org.testng.internal.thread.ThreadUtil.lambda$execute$0(ThreadUtil.java:64)
at java.base/java.util.concurrent.FutureTask.run(FutureTask.java:317)
at java.base/java.util.concurrent.ThreadPoolExecutor.runWorker(ThreadPoolExecutor.java:1144)
at java.base/java.util.concurrent.ThreadPoolExecutor$Worker.run(ThreadPoolExecutor.java:642)
at java.base/java.lang.Thread.run(Thread.java:1583)
]]>
            </full-stacktrace>
          </exception> <!-- java.lang.AssertionError -->
          <reporter-output>
            <line>
              <![CDATA[DEFECT: Proper validation alert not displayed for invalid submission. Actual alert: Thanks for the message!!]]>
            </line>
          </reporter-output>
        </test-method> <!-- validateAlertTextForInvalidSubmission -->
        <test-method is-config="true" signature="tearDown()[pri:0, instance:com.tests.ContactTest@7fc4780b]" started-at="2026-04-23T14:41:59 IST" name="tearDown" finished-at="2026-04-23T14:42:00 IST" duration-ms="415" status="PASS">
          <reporter-output>
          </reporter-output>
        </test-method> <!-- tearDown -->
        <test-method is-config="true" signature="setUp()[pri:0, instance:com.tests.ContactTest@7fc4780b]" started-at="2026-04-23T14:42:00 IST" name="setUp" finished-at="2026-04-23T14:42:03 IST" duration-ms="3453" status="PASS">
          <reporter-output>
          </reporter-output>
        </test-method> <!-- setUp -->
        <test-method signature="validateContactModalTitle()[pri:0, instance:com.tests.ContactTest@7fc4780b]" started-at="2026-04-23T14:42:03 IST" name="validateContactModalTitle" description="Validate that the Contact modal title is displayed correctly" finished-at="2026-04-23T14:42:04 IST" duration-ms="917" status="FAIL">
          <exception class="java.lang.AssertionError">
            <message>
              <![CDATA[Modal title should be 'Contact us'. expected [Contact us] but found [New message]]]>
            </message>
            <full-stacktrace>
              <![CDATA[java.lang.AssertionError: Modal title should be 'Contact us'. expected [Contact us] but found [New message]
at org.testng.Assert.fail(Assert.java:111)
at org.testng.Assert.failNotEquals(Assert.java:1578)
at org.testng.Assert.assertEqualsImpl(Assert.java:150)
at org.testng.Assert.assertEquals(Assert.java:132)
at org.testng.Assert.assertEquals(Assert.java:656)
at com.tests.ContactTest.validateContactModalTitle(ContactTest.java:58)
at java.base/jdk.internal.reflect.DirectMethodHandleAccessor.invoke(DirectMethodHandleAccessor.java:103)
at java.base/java.lang.reflect.Method.invoke(Method.java:580)
at org.testng.internal.invokers.MethodInvocationHelper.invokeMethod(MethodInvocationHelper.java:141)
at org.testng.internal.invokers.TestInvoker.invokeMethod(TestInvoker.java:686)
at org.testng.internal.invokers.TestInvoker.invokeTestMethod(TestInvoker.java:230)
at org.testng.internal.invokers.MethodRunner.runInSequence(MethodRunner.java:63)
at org.testng.internal.invokers.TestInvoker$MethodInvocationAgent.invoke(TestInvoker.java:992)
at org.testng.internal.invokers.TestInvoker.invokeTestMethods(TestInvoker.java:203)
at org.testng.internal.invokers.TestMethodWorker.invokeTestMethods(TestMethodWorker.java:154)
at org.testng.internal.invokers.TestMethodWorker.run(TestMethodWorker.java:134)
at java.base/java.util.ArrayList.forEach(ArrayList.java:1596)
at org.testng.TestRunner.privateRun(TestRunner.java:739)
at org.testng.TestRunner.run(TestRunner.java:614)
at org.testng.SuiteRunner.runTest(SuiteRunner.java:421)
at org.testng.SuiteRunner$SuiteWorker.run(SuiteRunner.java:463)
at org.testng.internal.thread.ThreadUtil.lambda$execute$0(ThreadUtil.java:64)
at java.base/java.util.concurrent.FutureTask.run(FutureTask.java:317)
at java.base/java.util.concurrent.ThreadPoolExecutor.runWorker(ThreadPoolExecutor.java:1144)
at java.base/java.util.concurrent.ThreadPoolExecutor$Worker.run(ThreadPoolExecutor.java:642)
at java.base/java.lang.Thread.run(Thread.java:1583)
]]>
            </full-stacktrace>
          </exception> <!-- java.lang.AssertionError -->
          <reporter-output>
            <line>
              <![CDATA[DEFECT: Modal title mismatch. Expected: Contact us, Actual: New message]]>
            </line>
          </reporter-output>
        </test-method> <!-- validateContactModalTitle -->
        <test-method is-config="true" signature="tearDown()[pri:0, instance:com.tests.ContactTest@7fc4780b]" started-at="2026-04-23T14:42:04 IST" name="tearDown" finished-at="2026-04-23T14:42:04 IST" duration-ms="271" status="PASS">
          <reporter-output>
          </reporter-output>
        </test-method> <!-- tearDown -->
        <test-method is-config="true" signature="setUp()[pri:0, instance:com.tests.ContactTest@7fc4780b]" started-at="2026-04-23T14:42:04 IST" name="setUp" finished-at="2026-04-23T14:42:07 IST" duration-ms="2703" status="PASS">
          <reporter-output>
          </reporter-output>
        </test-method> <!-- setUp -->
        <test-method signature="validatePartialFormSubmission(java.lang.String,java.lang.String,java.lang.String,java.lang.String)[pri:0, instance:com.tests.ContactTest@7fc4780b]" started-at="2026-04-23T14:42:07 IST" name="validatePartialFormSubmission" description="Validate partial form submission with missing mandatory fields" data-provider="partialContactData" finished-at="2026-04-23T14:42:09 IST" duration-ms="1412" status="FAIL">
          <params>
            <param index="0">
              <value>
                <![CDATA[]]>
              </value>
            </param>
            <param index="1">
              <value>
                <![CDATA[]]>
              </value>
            </param>
            <param index="2">
              <value>
                <![CDATA[]]>
              </value>
            </param>
            <param index="3">
              <value>
                <![CDATA[Blank form]]>
              </value>
            </param>
          </params>
          <exception class="java.lang.AssertionError">
            <message>
              <![CDATA[Blank form should not be submitted. System should prevent submission or show validation. expected [null] but found [Thanks for the message!!]]]>
            </message>
            <full-stacktrace>
              <![CDATA[java.lang.AssertionError: Blank form should not be submitted. System should prevent submission or show validation. expected [null] but found [Thanks for the message!!]
at org.testng.Assert.fail(Assert.java:111)
at org.testng.Assert.failNotSame(Assert.java:1574)
at org.testng.Assert.assertNull(Assert.java:1507)
at com.tests.ContactTest.validatePartialFormSubmission(ContactTest.java:123)
at java.base/jdk.internal.reflect.DirectMethodHandleAccessor.invoke(DirectMethodHandleAccessor.java:103)
at java.base/java.lang.reflect.Method.invoke(Method.java:580)
at org.testng.internal.invokers.MethodInvocationHelper.invokeMethod(MethodInvocationHelper.java:141)
at org.testng.internal.invokers.TestInvoker.invokeMethod(TestInvoker.java:686)
at org.testng.internal.invokers.TestInvoker.invokeTestMethod(TestInvoker.java:230)
at org.testng.internal.invokers.MethodRunner.runInSequence(MethodRunner.java:63)
at org.testng.internal.invokers.TestInvoker$MethodInvocationAgent.invoke(TestInvoker.java:992)
at org.testng.internal.invokers.TestInvoker.invokeTestMethods(TestInvoker.java:203)
at org.testng.internal.invokers.TestMethodWorker.invokeTestMethods(TestMethodWorker.java:154)
at org.testng.internal.invokers.TestMethodWorker.run(TestMethodWorker.java:134)
at java.base/java.util.ArrayList.forEach(ArrayList.java:1596)
at org.testng.TestRunner.privateRun(TestRunner.java:739)
at org.testng.TestRunner.run(TestRunner.java:614)
at org.testng.SuiteRunner.runTest(SuiteRunner.java:421)
at org.testng.SuiteRunner$SuiteWorker.run(SuiteRunner.java:463)
at org.testng.internal.thread.ThreadUtil.lambda$execute$0(ThreadUtil.java:64)
at java.base/java.util.concurrent.FutureTask.run(FutureTask.java:317)
at java.base/java.util.concurrent.ThreadPoolExecutor.runWorker(ThreadPoolExecutor.java:1144)
at java.base/java.util.concurrent.ThreadPoolExecutor$Worker.run(ThreadPoolExecutor.java:642)
at java.base/java.lang.Thread.run(Thread.java:1583)
]]>
            </full-stacktrace>
          </exception> <!-- java.lang.AssertionError -->
          <reporter-output>
            <line>
              <![CDATA[DEFECT: Blank form submitted unexpectedly. Alert text: Thanks for the message!!]]>
            </line>
          </reporter-output>
        </test-method> <!-- validatePartialFormSubmission -->
        <test-method is-config="true" signature="tearDown()[pri:0, instance:com.tests.ContactTest@7fc4780b]" started-at="2026-04-23T14:42:09 IST" name="tearDown" finished-at="2026-04-23T14:42:10 IST" duration-ms="325" status="PASS">
          <reporter-output>
          </reporter-output>
        </test-method> <!-- tearDown -->
        <test-method is-config="true" signature="setUp()[pri:0, instance:com.tests.ContactTest@7fc4780b]" started-at="2026-04-23T14:42:10 IST" name="setUp" finished-at="2026-04-23T14:42:13 IST" duration-ms="3198" status="PASS">
          <reporter-output>
          </reporter-output>
        </test-method> <!-- setUp -->
        <test-method signature="validatePartialFormSubmission(java.lang.String,java.lang.String,java.lang.String,java.lang.String)[pri:0, instance:com.tests.ContactTest@7fc4780b]" started-at="2026-04-23T14:42:13 IST" name="validatePartialFormSubmission" description="Validate partial form submission with missing mandatory fields" data-provider="partialContactData" finished-at="2026-04-23T14:42:14 IST" duration-ms="1357" status="FAIL">
          <params>
            <param index="0">
              <value>
                <![CDATA[priyanka@gmail.com]]>
              </value>
            </param>
            <param index="1">
              <value>
                <![CDATA[]]>
              </value>
            </param>
            <param index="2">
              <value>
                <![CDATA[]]>
              </value>
            </param>
            <param index="3">
              <value>
                <![CDATA[Only email]]>
              </value>
            </param>
          </params>
          <exception class="java.lang.AssertionError">
            <message>
              <![CDATA[Only email should not be submitted. System should prevent submission or show validation. expected [null] but found [Thanks for the message!!]]]>
            </message>
            <full-stacktrace>
              <![CDATA[java.lang.AssertionError: Only email should not be submitted. System should prevent submission or show validation. expected [null] but found [Thanks for the message!!]
at org.testng.Assert.fail(Assert.java:111)
at org.testng.Assert.failNotSame(Assert.java:1574)
at org.testng.Assert.assertNull(Assert.java:1507)
at com.tests.ContactTest.validatePartialFormSubmission(ContactTest.java:123)
at java.base/jdk.internal.reflect.DirectMethodHandleAccessor.invoke(DirectMethodHandleAccessor.java:103)
at java.base/java.lang.reflect.Method.invoke(Method.java:580)
at org.testng.internal.invokers.MethodInvocationHelper.invokeMethod(MethodInvocationHelper.java:141)
at org.testng.internal.invokers.TestInvoker.invokeMethod(TestInvoker.java:686)
at org.testng.internal.invokers.TestInvoker.invokeTestMethod(TestInvoker.java:230)
at org.testng.internal.invokers.MethodRunner.runInSequence(MethodRunner.java:63)
at org.testng.internal.invokers.TestInvoker$MethodInvocationAgent.invoke(TestInvoker.java:992)
at org.testng.internal.invokers.TestInvoker.invokeTestMethods(TestInvoker.java:203)
at org.testng.internal.invokers.TestMethodWorker.invokeTestMethods(TestMethodWorker.java:154)
at org.testng.internal.invokers.TestMethodWorker.run(TestMethodWorker.java:134)
at java.base/java.util.ArrayList.forEach(ArrayList.java:1596)
at org.testng.TestRunner.privateRun(TestRunner.java:739)
at org.testng.TestRunner.run(TestRunner.java:614)
at org.testng.SuiteRunner.runTest(SuiteRunner.java:421)
at org.testng.SuiteRunner$SuiteWorker.run(SuiteRunner.java:463)
at org.testng.internal.thread.ThreadUtil.lambda$execute$0(ThreadUtil.java:64)
at java.base/java.util.concurrent.FutureTask.run(FutureTask.java:317)
at java.base/java.util.concurrent.ThreadPoolExecutor.runWorker(ThreadPoolExecutor.java:1144)
at java.base/java.util.concurrent.ThreadPoolExecutor$Worker.run(ThreadPoolExecutor.java:642)
at java.base/java.lang.Thread.run(Thread.java:1583)
]]>
            </full-stacktrace>
          </exception> <!-- java.lang.AssertionError -->
          <reporter-output>
            <line>
              <![CDATA[DEFECT: Only email submitted unexpectedly. Alert text: Thanks for the message!!]]>
            </line>
          </reporter-output>
        </test-method> <!-- validatePartialFormSubmission -->
        <test-method is-config="true" signature="tearDown()[pri:0, instance:com.tests.ContactTest@7fc4780b]" started-at="2026-04-23T14:42:15 IST" name="tearDown" finished-at="2026-04-23T14:42:15 IST" duration-ms="300" status="PASS">
          <reporter-output>
          </reporter-output>
        </test-method> <!-- tearDown -->
        <test-method is-config="true" signature="setUp()[pri:0, instance:com.tests.ContactTest@7fc4780b]" started-at="2026-04-23T14:42:15 IST" name="setUp" finished-at="2026-04-23T14:42:18 IST" duration-ms="2957" status="PASS">
          <reporter-output>
          </reporter-output>
        </test-method> <!-- setUp -->
        <test-method signature="validatePartialFormSubmission(java.lang.String,java.lang.String,java.lang.String,java.lang.String)[pri:0, instance:com.tests.ContactTest@7fc4780b]" started-at="2026-04-23T14:42:18 IST" name="validatePartialFormSubmission" description="Validate partial form submission with missing mandatory fields" data-provider="partialContactData" finished-at="2026-04-23T14:42:20 IST" duration-ms="1471" status="FAIL">
          <params>
            <param index="0">
              <value>
                <![CDATA[]]>
              </value>
            </param>
            <param index="1">
              <value>
                <![CDATA[Priyanka]]>
              </value>
            </param>
            <param index="2">
              <value>
                <![CDATA[]]>
              </value>
            </param>
            <param index="3">
              <value>
                <![CDATA[Only name]]>
              </value>
            </param>
          </params>
          <exception class="java.lang.AssertionError">
            <message>
              <![CDATA[Only name should not be submitted. System should prevent submission or show validation. expected [null] but found [Thanks for the message!!]]]>
            </message>
            <full-stacktrace>
              <![CDATA[java.lang.AssertionError: Only name should not be submitted. System should prevent submission or show validation. expected [null] but found [Thanks for the message!!]
at org.testng.Assert.fail(Assert.java:111)
at org.testng.Assert.failNotSame(Assert.java:1574)
at org.testng.Assert.assertNull(Assert.java:1507)
at com.tests.ContactTest.validatePartialFormSubmission(ContactTest.java:123)
at java.base/jdk.internal.reflect.DirectMethodHandleAccessor.invoke(DirectMethodHandleAccessor.java:103)
at java.base/java.lang.reflect.Method.invoke(Method.java:580)
at org.testng.internal.invokers.MethodInvocationHelper.invokeMethod(MethodInvocationHelper.java:141)
at org.testng.internal.invokers.TestInvoker.invokeMethod(TestInvoker.java:686)
at org.testng.internal.invokers.TestInvoker.invokeTestMethod(TestInvoker.java:230)
at org.testng.internal.invokers.MethodRunner.runInSequence(MethodRunner.java:63)
at org.testng.internal.invokers.TestInvoker$MethodInvocationAgent.invoke(TestInvoker.java:992)
at org.testng.internal.invokers.TestInvoker.invokeTestMethods(TestInvoker.java:203)
at org.testng.internal.invokers.TestMethodWorker.invokeTestMethods(TestMethodWorker.java:154)
at org.testng.internal.invokers.TestMethodWorker.run(TestMethodWorker.java:134)
at java.base/java.util.ArrayList.forEach(ArrayList.java:1596)
at org.testng.TestRunner.privateRun(TestRunner.java:739)
at org.testng.TestRunner.run(TestRunner.java:614)
at org.testng.SuiteRunner.runTest(SuiteRunner.java:421)
at org.testng.SuiteRunner$SuiteWorker.run(SuiteRunner.java:463)
at org.testng.internal.thread.ThreadUtil.lambda$execute$0(ThreadUtil.java:64)
at java.base/java.util.concurrent.FutureTask.run(FutureTask.java:317)
at java.base/java.util.concurrent.ThreadPoolExecutor.runWorker(ThreadPoolExecutor.java:1144)
at java.base/java.util.concurrent.ThreadPoolExecutor$Worker.run(ThreadPoolExecutor.java:642)
at java.base/java.lang.Thread.run(Thread.java:1583)
]]>
            </full-stacktrace>
          </exception> <!-- java.lang.AssertionError -->
          <reporter-output>
            <line>
              <![CDATA[DEFECT: Only name submitted unexpectedly. Alert text: Thanks for the message!!]]>
            </line>
          </reporter-output>
        </test-method> <!-- validatePartialFormSubmission -->
        <test-method is-config="true" signature="tearDown()[pri:0, instance:com.tests.ContactTest@7fc4780b]" started-at="2026-04-23T14:42:20 IST" name="tearDown" finished-at="2026-04-23T14:42:21 IST" duration-ms="346" status="PASS">
          <reporter-output>
          </reporter-output>
        </test-method> <!-- tearDown -->
        <test-method is-config="true" signature="setUp()[pri:0, instance:com.tests.ContactTest@7fc4780b]" started-at="2026-04-23T14:42:21 IST" name="setUp" finished-at="2026-04-23T14:42:23 IST" duration-ms="2742" status="PASS">
          <reporter-output>
          </reporter-output>
        </test-method> <!-- setUp -->
        <test-method signature="validatePartialFormSubmission(java.lang.String,java.lang.String,java.lang.String,java.lang.String)[pri:0, instance:com.tests.ContactTest@7fc4780b]" started-at="2026-04-23T14:42:23 IST" name="validatePartialFormSubmission" description="Validate partial form submission with missing mandatory fields" data-provider="partialContactData" finished-at="2026-04-23T14:42:25 IST" duration-ms="1408" status="FAIL">
          <params>
            <param index="0">
              <value>
                <![CDATA[]]>
              </value>
            </param>
            <param index="1">
              <value>
                <![CDATA[]]>
              </value>
            </param>
            <param index="2">
              <value>
                <![CDATA[Test message]]>
              </value>
            </param>
            <param index="3">
              <value>
                <![CDATA[Only message]]>
              </value>
            </param>
          </params>
          <exception class="java.lang.AssertionError">
            <message>
              <![CDATA[Only message should not be submitted. System should prevent submission or show validation. expected [null] but found [Thanks for the message!!]]]>
            </message>
            <full-stacktrace>
              <![CDATA[java.lang.AssertionError: Only message should not be submitted. System should prevent submission or show validation. expected [null] but found [Thanks for the message!!]
at org.testng.Assert.fail(Assert.java:111)
at org.testng.Assert.failNotSame(Assert.java:1574)
at org.testng.Assert.assertNull(Assert.java:1507)
at com.tests.ContactTest.validatePartialFormSubmission(ContactTest.java:123)
at java.base/jdk.internal.reflect.DirectMethodHandleAccessor.invoke(DirectMethodHandleAccessor.java:103)
at java.base/java.lang.reflect.Method.invoke(Method.java:580)
at org.testng.internal.invokers.MethodInvocationHelper.invokeMethod(MethodInvocationHelper.java:141)
at org.testng.internal.invokers.TestInvoker.invokeMethod(TestInvoker.java:686)
at org.testng.internal.invokers.TestInvoker.invokeTestMethod(TestInvoker.java:230)
at org.testng.internal.invokers.MethodRunner.runInSequence(MethodRunner.java:63)
at org.testng.internal.invokers.TestInvoker$MethodInvocationAgent.invoke(TestInvoker.java:992)
at org.testng.internal.invokers.TestInvoker.invokeTestMethods(TestInvoker.java:203)
at org.testng.internal.invokers.TestMethodWorker.invokeTestMethods(TestMethodWorker.java:154)
at org.testng.internal.invokers.TestMethodWorker.run(TestMethodWorker.java:134)
at java.base/java.util.ArrayList.forEach(ArrayList.java:1596)
at org.testng.TestRunner.privateRun(TestRunner.java:739)
at org.testng.TestRunner.run(TestRunner.java:614)
at org.testng.SuiteRunner.runTest(SuiteRunner.java:421)
at org.testng.SuiteRunner$SuiteWorker.run(SuiteRunner.java:463)
at org.testng.internal.thread.ThreadUtil.lambda$execute$0(ThreadUtil.java:64)
at java.base/java.util.concurrent.FutureTask.run(FutureTask.java:317)
at java.base/java.util.concurrent.ThreadPoolExecutor.runWorker(ThreadPoolExecutor.java:1144)
at java.base/java.util.concurrent.ThreadPoolExecutor$Worker.run(ThreadPoolExecutor.java:642)
at java.base/java.lang.Thread.run(Thread.java:1583)
]]>
            </full-stacktrace>
          </exception> <!-- java.lang.AssertionError -->
          <reporter-output>
            <line>
              <![CDATA[DEFECT: Only message submitted unexpectedly. Alert text: Thanks for the message!!]]>
            </line>
          </reporter-output>
        </test-method> <!-- validatePartialFormSubmission -->
        <test-method is-config="true" signature="tearDown()[pri:0, instance:com.tests.ContactTest@7fc4780b]" started-at="2026-04-23T14:42:26 IST" name="tearDown" finished-at="2026-04-23T14:42:26 IST" duration-ms="501" status="PASS">
          <reporter-output>
          </reporter-output>
        </test-method> <!-- tearDown -->
        <test-method is-config="true" signature="setUp()[pri:0, instance:com.tests.ContactTest@7fc4780b]" started-at="2026-04-23T14:42:26 IST" name="setUp" finished-at="2026-04-23T14:42:28 IST" duration-ms="2406" status="PASS">
          <reporter-output>
          </reporter-output>
        </test-method> <!-- setUp -->
        <test-method signature="validatePartialFormSubmission(java.lang.String,java.lang.String,java.lang.String,java.lang.String)[pri:0, instance:com.tests.ContactTest@7fc4780b]" started-at="2026-04-23T14:42:28 IST" name="validatePartialFormSubmission" description="Validate partial form submission with missing mandatory fields" data-provider="partialContactData" finished-at="2026-04-23T14:42:30 IST" duration-ms="1631" status="FAIL">
          <params>
            <param index="0">
              <value>
                <![CDATA[priyanka@gmail.com]]>
              </value>
            </param>
            <param index="1">
              <value>
                <![CDATA[Priyanka]]>
              </value>
            </param>
            <param index="2">
              <value>
                <![CDATA[]]>
              </value>
            </param>
            <param index="3">
              <value>
                <![CDATA[Email and name only]]>
              </value>
            </param>
          </params>
          <exception class="java.lang.AssertionError">
            <message>
              <![CDATA[Email and name only should not be submitted. System should prevent submission or show validation. expected [null] but found [Thanks for the message!!]]]>
            </message>
            <full-stacktrace>
              <![CDATA[java.lang.AssertionError: Email and name only should not be submitted. System should prevent submission or show validation. expected [null] but found [Thanks for the message!!]
at org.testng.Assert.fail(Assert.java:111)
at org.testng.Assert.failNotSame(Assert.java:1574)
at org.testng.Assert.assertNull(Assert.java:1507)
at com.tests.ContactTest.validatePartialFormSubmission(ContactTest.java:123)
at java.base/jdk.internal.reflect.DirectMethodHandleAccessor.invoke(DirectMethodHandleAccessor.java:103)
at java.base/java.lang.reflect.Method.invoke(Method.java:580)
at org.testng.internal.invokers.MethodInvocationHelper.invokeMethod(MethodInvocationHelper.java:141)
at org.testng.internal.invokers.TestInvoker.invokeMethod(TestInvoker.java:686)
at org.testng.internal.invokers.TestInvoker.invokeTestMethod(TestInvoker.java:230)
at org.testng.internal.invokers.MethodRunner.runInSequence(MethodRunner.java:63)
at org.testng.internal.invokers.TestInvoker$MethodInvocationAgent.invoke(TestInvoker.java:992)
at org.testng.internal.invokers.TestInvoker.invokeTestMethods(TestInvoker.java:203)
at org.testng.internal.invokers.TestMethodWorker.invokeTestMethods(TestMethodWorker.java:154)
at org.testng.internal.invokers.TestMethodWorker.run(TestMethodWorker.java:134)
at java.base/java.util.ArrayList.forEach(ArrayList.java:1596)
at org.testng.TestRunner.privateRun(TestRunner.java:739)
at org.testng.TestRunner.run(TestRunner.java:614)
at org.testng.SuiteRunner.runTest(SuiteRunner.java:421)
at org.testng.SuiteRunner$SuiteWorker.run(SuiteRunner.java:463)
at org.testng.internal.thread.ThreadUtil.lambda$execute$0(ThreadUtil.java:64)
at java.base/java.util.concurrent.FutureTask.run(FutureTask.java:317)
at java.base/java.util.concurrent.ThreadPoolExecutor.runWorker(ThreadPoolExecutor.java:1144)
at java.base/java.util.concurrent.ThreadPoolExecutor$Worker.run(ThreadPoolExecutor.java:642)
at java.base/java.lang.Thread.run(Thread.java:1583)
]]>
            </full-stacktrace>
          </exception> <!-- java.lang.AssertionError -->
          <reporter-output>
            <line>
              <![CDATA[DEFECT: Email and name only submitted unexpectedly. Alert text: Thanks for the message!!]]>
            </line>
          </reporter-output>
        </test-method> <!-- validatePartialFormSubmission -->
        <test-method is-config="true" signature="tearDown()[pri:0, instance:com.tests.ContactTest@7fc4780b]" started-at="2026-04-23T14:42:31 IST" name="tearDown" finished-at="2026-04-23T14:42:31 IST" duration-ms="484" status="PASS">
          <reporter-output>
          </reporter-output>
        </test-method> <!-- tearDown -->
        <test-method is-config="true" signature="setUp()[pri:0, instance:com.tests.ContactTest@7fc4780b]" started-at="2026-04-23T14:42:31 IST" name="setUp" finished-at="2026-04-23T14:42:35 IST" duration-ms="3999" status="PASS">
          <reporter-output>
          </reporter-output>
        </test-method> <!-- setUp -->
        <test-method signature="validatePartialFormSubmission(java.lang.String,java.lang.String,java.lang.String,java.lang.String)[pri:0, instance:com.tests.ContactTest@7fc4780b]" started-at="2026-04-23T14:42:35 IST" name="validatePartialFormSubmission" description="Validate partial form submission with missing mandatory fields" data-provider="partialContactData" finished-at="2026-04-23T14:42:37 IST" duration-ms="1441" status="FAIL">
          <params>
            <param index="0">
              <value>
                <![CDATA[priyanka@gmail.com]]>
              </value>
            </param>
            <param index="1">
              <value>
                <![CDATA[]]>
              </value>
            </param>
            <param index="2">
              <value>
                <![CDATA[Test message]]>
              </value>
            </param>
            <param index="3">
              <value>
                <![CDATA[Email and message only]]>
              </value>
            </param>
          </params>
          <exception class="java.lang.AssertionError">
            <message>
              <![CDATA[Email and message only should not be submitted. System should prevent submission or show validation. expected [null] but found [Thanks for the message!!]]]>
            </message>
            <full-stacktrace>
              <![CDATA[java.lang.AssertionError: Email and message only should not be submitted. System should prevent submission or show validation. expected [null] but found [Thanks for the message!!]
at org.testng.Assert.fail(Assert.java:111)
at org.testng.Assert.failNotSame(Assert.java:1574)
at org.testng.Assert.assertNull(Assert.java:1507)
at com.tests.ContactTest.validatePartialFormSubmission(ContactTest.java:123)
at java.base/jdk.internal.reflect.DirectMethodHandleAccessor.invoke(DirectMethodHandleAccessor.java:103)
at java.base/java.lang.reflect.Method.invoke(Method.java:580)
at org.testng.internal.invokers.MethodInvocationHelper.invokeMethod(MethodInvocationHelper.java:141)
at org.testng.internal.invokers.TestInvoker.invokeMethod(TestInvoker.java:686)
at org.testng.internal.invokers.TestInvoker.invokeTestMethod(TestInvoker.java:230)
at org.testng.internal.invokers.MethodRunner.runInSequence(MethodRunner.java:63)
at org.testng.internal.invokers.TestInvoker$MethodInvocationAgent.invoke(TestInvoker.java:992)
at org.testng.internal.invokers.TestInvoker.invokeTestMethods(TestInvoker.java:203)
at org.testng.internal.invokers.TestMethodWorker.invokeTestMethods(TestMethodWorker.java:154)
at org.testng.internal.invokers.TestMethodWorker.run(TestMethodWorker.java:134)
at java.base/java.util.ArrayList.forEach(ArrayList.java:1596)
at org.testng.TestRunner.privateRun(TestRunner.java:739)
at org.testng.TestRunner.run(TestRunner.java:614)
at org.testng.SuiteRunner.runTest(SuiteRunner.java:421)
at org.testng.SuiteRunner$SuiteWorker.run(SuiteRunner.java:463)
at org.testng.internal.thread.ThreadUtil.lambda$execute$0(ThreadUtil.java:64)
at java.base/java.util.concurrent.FutureTask.run(FutureTask.java:317)
at java.base/java.util.concurrent.ThreadPoolExecutor.runWorker(ThreadPoolExecutor.java:1144)
at java.base/java.util.concurrent.ThreadPoolExecutor$Worker.run(ThreadPoolExecutor.java:642)
at java.base/java.lang.Thread.run(Thread.java:1583)
]]>
            </full-stacktrace>
          </exception> <!-- java.lang.AssertionError -->
          <reporter-output>
            <line>
              <![CDATA[DEFECT: Email and message only submitted unexpectedly. Alert text: Thanks for the message!!]]>
            </line>
          </reporter-output>
        </test-method> <!-- validatePartialFormSubmission -->
        <test-method is-config="true" signature="tearDown()[pri:0, instance:com.tests.ContactTest@7fc4780b]" started-at="2026-04-23T14:42:38 IST" name="tearDown" finished-at="2026-04-23T14:42:38 IST" duration-ms="292" status="PASS">
          <reporter-output>
          </reporter-output>
        </test-method> <!-- tearDown -->
        <test-method is-config="true" signature="setUp()[pri:0, instance:com.tests.ContactTest@7fc4780b]" started-at="2026-04-23T14:42:38 IST" name="setUp" finished-at="2026-04-23T14:42:41 IST" duration-ms="2765" status="PASS">
          <reporter-output>
          </reporter-output>
        </test-method> <!-- setUp -->
        <test-method signature="validatePartialFormSubmission(java.lang.String,java.lang.String,java.lang.String,java.lang.String)[pri:0, instance:com.tests.ContactTest@7fc4780b]" started-at="2026-04-23T14:42:41 IST" name="validatePartialFormSubmission" description="Validate partial form submission with missing mandatory fields" data-provider="partialContactData" finished-at="2026-04-23T14:42:42 IST" duration-ms="1576" status="FAIL">
          <params>
            <param index="0">
              <value>
                <![CDATA[]]>
              </value>
            </param>
            <param index="1">
              <value>
                <![CDATA[Priyanka]]>
              </value>
            </param>
            <param index="2">
              <value>
                <![CDATA[Test message]]>
              </value>
            </param>
            <param index="3">
              <value>
                <![CDATA[Name and message only]]>
              </value>
            </param>
          </params>
          <exception class="java.lang.AssertionError">
            <message>
              <![CDATA[Name and message only should not be submitted. System should prevent submission or show validation. expected [null] but found [Thanks for the message!!]]]>
            </message>
            <full-stacktrace>
              <![CDATA[java.lang.AssertionError: Name and message only should not be submitted. System should prevent submission or show validation. expected [null] but found [Thanks for the message!!]
at org.testng.Assert.fail(Assert.java:111)
at org.testng.Assert.failNotSame(Assert.java:1574)
at org.testng.Assert.assertNull(Assert.java:1507)
at com.tests.ContactTest.validatePartialFormSubmission(ContactTest.java:123)
at java.base/jdk.internal.reflect.DirectMethodHandleAccessor.invoke(DirectMethodHandleAccessor.java:103)
at java.base/java.lang.reflect.Method.invoke(Method.java:580)
at org.testng.internal.invokers.MethodInvocationHelper.invokeMethod(MethodInvocationHelper.java:141)
at org.testng.internal.invokers.TestInvoker.invokeMethod(TestInvoker.java:686)
at org.testng.internal.invokers.TestInvoker.invokeTestMethod(TestInvoker.java:230)
at org.testng.internal.invokers.MethodRunner.runInSequence(MethodRunner.java:63)
at org.testng.internal.invokers.TestInvoker$MethodInvocationAgent.invoke(TestInvoker.java:992)
at org.testng.internal.invokers.TestInvoker.invokeTestMethods(TestInvoker.java:203)
at org.testng.internal.invokers.TestMethodWorker.invokeTestMethods(TestMethodWorker.java:154)
at org.testng.internal.invokers.TestMethodWorker.run(TestMethodWorker.java:134)
at java.base/java.util.ArrayList.forEach(ArrayList.java:1596)
at org.testng.TestRunner.privateRun(TestRunner.java:739)
at org.testng.TestRunner.run(TestRunner.java:614)
at org.testng.SuiteRunner.runTest(SuiteRunner.java:421)
at org.testng.SuiteRunner$SuiteWorker.run(SuiteRunner.java:463)
at org.testng.internal.thread.ThreadUtil.lambda$execute$0(ThreadUtil.java:64)
at java.base/java.util.concurrent.FutureTask.run(FutureTask.java:317)
at java.base/java.util.concurrent.ThreadPoolExecutor.runWorker(ThreadPoolExecutor.java:1144)
at java.base/java.util.concurrent.ThreadPoolExecutor$Worker.run(ThreadPoolExecutor.java:642)
at java.base/java.lang.Thread.run(Thread.java:1583)
]]>
            </full-stacktrace>
          </exception> <!-- java.lang.AssertionError -->
          <reporter-output>
            <line>
              <![CDATA[DEFECT: Name and message only submitted unexpectedly. Alert text: Thanks for the message!!]]>
            </line>
          </reporter-output>
        </test-method> <!-- validatePartialFormSubmission -->
        <test-method is-config="true" signature="tearDown()[pri:0, instance:com.tests.ContactTest@7fc4780b]" started-at="2026-04-23T14:42:43 IST" name="tearDown" finished-at="2026-04-23T14:42:43 IST" duration-ms="295" status="PASS">
          <reporter-output>
          </reporter-output>
        </test-method> <!-- tearDown -->
        <test-method is-config="true" signature="setUp()[pri:0, instance:com.tests.ContactTest@7fc4780b]" started-at="2026-04-23T14:42:43 IST" name="setUp" finished-at="2026-04-23T14:42:46 IST" duration-ms="2789" status="PASS">
          <reporter-output>
          </reporter-output>
        </test-method> <!-- setUp -->
        <test-method signature="verifyAllFieldsAndButtonsVisible()[pri:0, instance:com.tests.ContactTest@7fc4780b]" started-at="2026-04-23T14:42:46 IST" name="verifyAllFieldsAndButtonsVisible" description="Verify all input fields and action buttons are visible in the Contact modal" finished-at="2026-04-23T14:42:47 IST" duration-ms="1052" status="PASS">
          <reporter-output>
            <line>
              <![CDATA[PASS: All fields and action buttons are visible.]]>
            </line>
          </reporter-output>
        </test-method> <!-- verifyAllFieldsAndButtonsVisible -->
        <test-method is-config="true" signature="tearDown()[pri:0, instance:com.tests.ContactTest@7fc4780b]" started-at="2026-04-23T14:42:47 IST" name="tearDown" finished-at="2026-04-23T14:42:47 IST" duration-ms="329" status="PASS">
          <reporter-output>
          </reporter-output>
        </test-method> <!-- tearDown -->
[...]
at org.testng.TestRunner.run(TestRunner.java:614)
at org.testng.SuiteRunner.runTest(SuiteRunner.java:421)
at org.testng.SuiteRunner$SuiteWorker.run(SuiteRunner.java:463)
at org.testng.internal.thread.ThreadUtil.lambda$execute$0(ThreadUtil.java:64)
at java.base/java.util.concurrent.FutureTask.run(FutureTask.java:317)
at java.base/java.util.concurrent.ThreadPoolExecutor.runWorker(ThreadPoolExecutor.java:1144)
at java.base/java.util.concurrent.ThreadPoolExecutor$Worker.run(ThreadPoolExecutor.java:642)
at java.base/java.lang.Thread.run(Thread.java:1583)
]]>
            </full-stacktrace>
          </exception> <!-- java.lang.AssertionError -->
          <reporter-output>
            <line>
              <![CDATA[DEFECT: Order or purchase history option is not available for logged-in user.]]>
            </line>
          </reporter-output>
        </test-method> <!-- verifyLoggedInUserCanViewOrderOrPurchaseHistory -->
        <test-method is-config="true" signature="tearDown()[pri:0, instance:com.tests.LoginTest@15a04efb]" started-at="2026-04-23T14:20:08 IST" name="tearDown" finished-at="2026-04-23T14:20:08 IST" duration-ms="541" status="PASS">
          <reporter-output>
          </reporter-output>
        </test-method> <!-- tearDown -->
        <test-method is-config="true" signature="setUp()[pri:0, instance:com.tests.LoginTest@15a04efb]" started-at="2026-04-23T14:20:08 IST" name="setUp" finished-at="2026-04-23T14:20:12 IST" duration-ms="3201" status="PASS">
          <reporter-output>
          </reporter-output>
        </test-method> <!-- setUp -->
        <test-method signature="verifyLoggedInUserCanViewSavedPaymentOrBillingDetails(java.lang.String,java.lang.String)[pri:0, instance:com.tests.LoginTest@15a04efb]" started-at="2026-04-23T14:20:12 IST" name="verifyLoggedInUserCanViewSavedPaymentOrBillingDetails" description="Verify logged-in user can view saved payment or billing details." data-provider="validLoginData" finished-at="2026-04-23T14:20:15 IST" duration-ms="3899" status="FAIL">
          <params>
            <param index="0">
              <value>
                <![CDATA[priyankapriya]]>
              </value>
            </param>
            <param index="1">
              <value>
                <![CDATA[priya@123]]>
              </value>
            </param>
          </params>
          <exception class="java.lang.AssertionError">
            <message>
              <![CDATA[Saved payment or billing details option is missing. expected [true] but found [false]]]>
            </message>
            <full-stacktrace>
              <![CDATA[java.lang.AssertionError: Saved payment or billing details option is missing. expected [true] but found [false]
at org.testng.Assert.fail(Assert.java:111)
at org.testng.Assert.failNotEquals(Assert.java:1578)
at org.testng.Assert.assertTrue(Assert.java:57)
at com.tests.LoginTest.verifyLoggedInUserCanViewSavedPaymentOrBillingDetails(LoginTest.java:405)
at java.base/jdk.internal.reflect.DirectMethodHandleAccessor.invoke(DirectMethodHandleAccessor.java:103)
at java.base/java.lang.reflect.Method.invoke(Method.java:580)
at org.testng.internal.invokers.MethodInvocationHelper.invokeMethod(MethodInvocationHelper.java:141)
at org.testng.internal.invokers.TestInvoker.invokeMethod(TestInvoker.java:686)
at org.testng.internal.invokers.TestInvoker.invokeTestMethod(TestInvoker.java:230)
at org.testng.internal.invokers.MethodRunner.runInSequence(MethodRunner.java:63)
at org.testng.internal.invokers.TestInvoker$MethodInvocationAgent.invoke(TestInvoker.java:992)
at org.testng.internal.invokers.TestInvoker.invokeTestMethods(TestInvoker.java:203)
at org.testng.internal.invokers.TestMethodWorker.invokeTestMethods(TestMethodWorker.java:154)
at org.testng.internal.invokers.TestMethodWorker.run(TestMethodWorker.java:134)
at java.base/java.util.ArrayList.forEach(ArrayList.java:1596)
at org.testng.TestRunner.privateRun(TestRunner.java:739)
at org.testng.TestRunner.run(TestRunner.java:614)
at org.testng.SuiteRunner.runTest(SuiteRunner.java:421)
at org.testng.SuiteRunner$SuiteWorker.run(SuiteRunner.java:463)
at org.testng.internal.thread.ThreadUtil.lambda$execute$0(ThreadUtil.java:64)
at java.base/java.util.concurrent.FutureTask.run(FutureTask.java:317)
at java.base/java.util.concurrent.ThreadPoolExecutor.runWorker(ThreadPoolExecutor.java:1144)
at java.base/java.util.concurrent.ThreadPoolExecutor$Worker.run(ThreadPoolExecutor.java:642)
at java.base/java.lang.Thread.run(Thread.java:1583)
]]>
            </full-stacktrace>
          </exception> <!-- java.lang.AssertionError -->
          <reporter-output>
            <line>
              <![CDATA[DEFECT: Saved payment or billing details are not available for logged-in user.]]>
            </line>
          </reporter-output>
        </test-method> <!-- verifyLoggedInUserCanViewSavedPaymentOrBillingDetails -->
        <test-method is-config="true" signature="tearDown()[pri:0, instance:com.tests.LoginTest@15a04efb]" started-at="2026-04-23T14:20:16 IST" name="tearDown" finished-at="2026-04-23T14:20:16 IST" duration-ms="312" status="PASS">
          <reporter-output>
          </reporter-output>
        </test-method> <!-- tearDown -->
        <test-method is-config="true" signature="setUp()[pri:0, instance:com.tests.LoginTest@15a04efb]" started-at="2026-04-23T14:20:16 IST" name="setUp" finished-at="2026-04-23T14:20:19 IST" duration-ms="3190" status="PASS">
          <reporter-output>
          </reporter-output>
        </test-method> <!-- setUp -->
        <test-method signature="verifyLoginLinkIsDisplayedOnNavbar()[pri:0, instance:com.tests.LoginTest@15a04efb]" started-at="2026-04-23T14:20:19 IST" name="verifyLoginLinkIsDisplayedOnNavbar" description="Verify Login link is displayed on the navigation bar." finished-at="2026-04-23T14:20:19 IST" duration-ms="70" status="PASS">
          <reporter-output>
            <line>
              <![CDATA[PASS: Login link is displayed on the navigation bar.]]>
            </line>
          </reporter-output>
        </test-method> <!-- verifyLoginLinkIsDisplayedOnNavbar -->
        <test-method is-config="true" signature="tearDown()[pri:0, instance:com.tests.LoginTest@15a04efb]" started-at="2026-04-23T14:20:19 IST" name="tearDown" finished-at="2026-04-23T14:20:20 IST" duration-ms="485" status="PASS">
          <reporter-output>
          </reporter-output>
        </test-method> <!-- tearDown -->
        <test-method is-config="true" signature="setUp()[pri:0, instance:com.tests.LoginTest@15a04efb]" started-at="2026-04-23T14:20:20 IST" name="setUp" finished-at="2026-04-23T14:20:27 IST" duration-ms="6756" status="PASS">
          <reporter-output>
          </reporter-output>
        </test-method> <!-- setUp -->
        <test-method signature="verifyLoginModalContainsButtons()[pri:0, instance:com.tests.LoginTest@15a04efb]" started-at="2026-04-23T14:20:27 IST" name="verifyLoginModalContainsButtons" description="Verify the Login modal contains Close button, close icon, and Log in button." finished-at="2026-04-23T14:20:28 IST" duration-ms="1266" status="PASS">
          <reporter-output>
            <line>
              <![CDATA[PASS: Close button is displayed in Login modal.]]>
            </line>
            <line>
              <![CDATA[PASS: Close icon is displayed in Login modal.]]>
            </line>
            <line>
              <![CDATA[PASS: Log in button is displayed in Login modal.]]>
            </line>
          </reporter-output>
        </test-method> <!-- verifyLoginModalContainsButtons -->
        <test-method is-config="true" signature="tearDown()[pri:0, instance:com.tests.LoginTest@15a04efb]" started-at="2026-04-23T14:20:28 IST" name="tearDown" finished-at="2026-04-23T14:20:28 IST" duration-ms="470" status="PASS">
          <reporter-output>
          </reporter-output>
        </test-method> <!-- tearDown -->
        <test-method is-config="true" signature="setUp()[pri:0, instance:com.tests.LoginTest@15a04efb]" started-at="2026-04-23T14:20:28 IST" name="setUp" finished-at="2026-04-23T14:20:31 IST" duration-ms="3158" status="PASS">
          <reporter-output>
          </reporter-output>
        </test-method> <!-- setUp -->
        <test-method signature="verifyLoginModalContainsUsernameAndPasswordFields()[pri:0, instance:com.tests.LoginTest@15a04efb]" started-at="2026-04-23T14:20:31 IST" name="verifyLoginModalContainsUsernameAndPasswordFields" description="Verify the Login modal contains Username and Password input fields." finished-at="2026-04-23T14:20:33 IST" duration-ms="1060" status="PASS">
          <reporter-output>
            <line>
              <![CDATA[PASS: Username input field is displayed in Login modal.]]>
            </line>
            <line>
              <![CDATA[PASS: Password input field is displayed in Login modal.]]>
            </line>
          </reporter-output>
        </test-method> <!-- verifyLoginModalContainsUsernameAndPasswordFields -->
        <test-method is-config="true" signature="tearDown()[pri:0, instance:com.tests.LoginTest@15a04efb]" started-at="2026-04-23T14:20:33 IST" name="tearDown" finished-at="2026-04-23T14:20:33 IST" duration-ms="580" status="PASS">
          <reporter-output>
          </reporter-output>
        </test-method> <!-- tearDown -->
        <test-method is-config="true" signature="setUp()[pri:0, instance:com.tests.LoginTest@15a04efb]" started-at="2026-04-23T14:20:33 IST" name="setUp" finished-at="2026-04-23T14:20:36 IST" duration-ms="2884" status="PASS">
          <reporter-output>
          </reporter-output>
        </test-method> <!-- setUp -->
        <test-method signature="verifyLoginModalHeaderText()[pri:0, instance:com.tests.LoginTest@15a04efb]" started-at="2026-04-23T14:20:36 IST" name="verifyLoginModalHeaderText" description="Verify the Login modal header text." finished-at="2026-04-23T14:20:37 IST" duration-ms="922" status="PASS">
          <reporter-output>
            <line>
              <![CDATA[PASS: Login modal header text is correct: Log in]]>
            </line>
          </reporter-output>
        </test-method> <!-- verifyLoginModalHeaderText -->
        <test-method is-config="true" signature="tearDown()[pri:0, instance:com.tests.LoginTest@15a04efb]" started-at="2026-04-23T14:20:37 IST" name="tearDown" finished-at="2026-04-23T14:20:37 IST" duration-ms="297" status="PASS">
          <reporter-output>
          </reporter-output>
        </test-method> <!-- tearDown -->
        <test-method is-config="true" signature="setUp()[pri:0, instance:com.tests.LoginTest@15a04efb]" started-at="2026-04-23T14:20:37 IST" name="setUp" finished-at="2026-04-23T14:20:40 IST" duration-ms="2806" status="PASS">
          <reporter-output>
          </reporter-output>
        </test-method> <!-- setUp -->
        <test-method signature="verifyLoginSucceedsForEachValidUsernameAndPassword(java.lang.String,java.lang.String)[pri:0, instance:com.tests.LoginTest@15a04efb]" started-at="2026-04-23T14:20:40 IST" name="verifyLoginSucceedsForEachValidUsernameAndPassword" description="Verify login succeeds for each valid Username and Password combination from test data." data-provider="validLoginData" finished-at="2026-04-23T14:20:45 IST" duration-ms="4648" status="PASS">
          <params>
            <param index="0">
              <value>
                <![CDATA[priyankapriya]]>
              </value>
            </param>
            <param index="1">
              <value>
                <![CDATA[priya@123]]>
              </value>
            </param>
          </params>
          <reporter-output>
            <line>
              <![CDATA[PASS: Login succeeded for valid credentials. Username: priyankapriya]]>
            </line>
            <line>
              <![CDATA[PASS: Welcome text is displayed correctly after login for user: priyankapriya]]>
            </line>
            <line>
              <![CDATA[INFO: Logged out successfully.]]>
            </line>
          </reporter-output>
        </test-method> <!-- verifyLoginSucceedsForEachValidUsernameAndPassword -->
        <test-method is-config="true" signature="tearDown()[pri:0, instance:com.tests.LoginTest@15a04efb]" started-at="2026-04-23T14:20:45 IST" name="tearDown" finished-at="2026-04-23T14:20:45 IST" duration-ms="351" status="PASS">
          <reporter-output>
          </reporter-output>
        </test-method> <!-- tearDown -->
        <test-method is-config="true" signature="setUp()[pri:0, instance:com.tests.LoginTest@15a04efb]" started-at="2026-04-23T14:20:45 IST" name="setUp" finished-at="2026-04-23T14:20:48 IST" duration-ms="3388" status="PASS">
          <reporter-output>
          </reporter-output>
        </test-method> <!-- setUp -->
        <test-method signature="verifyPasswordFieldProvidesShowHideOption()[pri:0, instance:com.tests.LoginTest@15a04efb]" started-at="2026-04-23T14:20:48 IST" name="verifyPasswordFieldProvidesShowHideOption" description="Verify Password field provides show/hide password option." finished-at="2026-04-23T14:20:49 IST" duration-ms="877" status="FAIL">
          <exception class="java.lang.AssertionError">
            <message>
              <![CDATA[Show/Hide password option is missing. expected [true] but found [false]]]>
            </message>
            <full-stacktrace>
              <![CDATA[java.lang.AssertionError: Show/Hide password option is missing. expected [true] but found [false]
at org.testng.Assert.fail(Assert.java:111)
at org.testng.Assert.failNotEquals(Assert.java:1578)
at org.testng.Assert.assertTrue(Assert.java:57)
at com.tests.LoginTest.verifyPasswordFieldProvidesShowHideOption(LoginTest.java:423)
at java.base/jdk.internal.reflect.DirectMethodHandleAccessor.invoke(DirectMethodHandleAccessor.java:103)
at java.base/java.lang.reflect.Method.invoke(Method.java:580)
at org.testng.internal.invokers.MethodInvocationHelper.invokeMethod(MethodInvocationHelper.java:141)
at org.testng.internal.invokers.TestInvoker.invokeMethod(TestInvoker.java:686)
at org.testng.internal.invokers.TestInvoker.invokeTestMethod(TestInvoker.java:230)
at org.testng.internal.invokers.MethodRunner.runInSequence(MethodRunner.java:63)
at org.testng.internal.invokers.TestInvoker$MethodInvocationAgent.invoke(TestInvoker.java:992)
at org.testng.internal.invokers.TestInvoker.invokeTestMethods(TestInvoker.java:203)
at org.testng.internal.invokers.TestMethodWorker.invokeTestMethods(TestMethodWorker.java:154)
at org.testng.internal.invokers.TestMethodWorker.run(TestMethodWorker.java:134)
at java.base/java.util.ArrayList.forEach(ArrayList.java:1596)
at org.testng.TestRunner.privateRun(TestRunner.java:739)
at org.testng.TestRunner.run(TestRunner.java:614)
at org.testng.SuiteRunner.runTest(SuiteRunner.java:421)
at org.testng.SuiteRunner$SuiteWorker.run(SuiteRunner.java:463)
at org.testng.internal.thread.ThreadUtil.lambda$execute$0(ThreadUtil.java:64)
at java.base/java.util.concurrent.FutureTask.run(FutureTask.java:317)
at java.base/java.util.concurrent.ThreadPoolExecutor.runWorker(ThreadPoolExecutor.java:1144)
at java.base/java.util.concurrent.ThreadPoolExecutor$Worker.run(ThreadPoolExecutor.java:642)
at java.base/java.lang.Thread.run(Thread.java:1583)
]]>
            </full-stacktrace>
          </exception> <!-- java.lang.AssertionError -->
          <reporter-output>
            <line>
              <![CDATA[DEFECT: Show/Hide password option is not available in the Password field.]]>
            </line>
          </reporter-output>
        </test-method> <!-- verifyPasswordFieldProvidesShowHideOption -->
        <test-method is-config="true" signature="tearDown()[pri:0, instance:com.tests.LoginTest@15a04efb]" started-at="2026-04-23T14:20:50 IST" name="tearDown" finished-at="2026-04-23T14:20:50 IST" duration-ms="328" status="PASS">
          <reporter-output>
          </reporter-output>
        </test-method> <!-- tearDown -->
        <test-method is-config="true" signature="setUp()[pri:0, instance:com.tests.LoginTest@15a04efb]" started-at="2026-04-23T14:20:50 IST" name="setUp" finished-at="2026-04-23T14:20:53 IST" duration-ms="3251" status="PASS">
          <reporter-output>
          </reporter-output>
        </test-method> <!-- setUp -->
        <test-method signature="verifyUsernameAndPasswordLabels()[pri:0, instance:com.tests.LoginTest@15a04efb]" started-at="2026-04-23T14:20:53 IST" name="verifyUsernameAndPasswordLabels" description="Verify Username and Password labels are displayed correctly." finished-at="2026-04-23T14:20:54 IST" duration-ms="1028" status="PASS">
          <reporter-output>
            <line>
              <![CDATA[PASS: Username label is displayed correctly: Username:]]>
            </line>
            <line>
              <![CDATA[PASS: Password label is displayed correctly: Password:]]>
            </line>
          </reporter-output>
        </test-method> <!-- verifyUsernameAndPasswordLabels -->
        <test-method is-config="true" signature="tearDown()[pri:0, instance:com.tests.LoginTest@15a04efb]" started-at="2026-04-23T14:20:54 IST" name="tearDown" finished-at="2026-04-23T14:20:54 IST" duration-ms="271" status="PASS">
          <reporter-output>
          </reporter-output>
        </test-method> <!-- tearDown -->
        <test-method is-config="true" signature="setUp()[pri:0, instance:com.tests.LoginTest@15a04efb]" started-at="2026-04-23T14:20:54 IST" name="setUp" finished-at="2026-04-23T14:20:57 IST" duration-ms="2659" status="PASS">
          <reporter-output>
          </reporter-output>
        </test-method> <!-- setUp -->
        <test-method signature="verifyValidationWhenPasswordBlank()[pri:0, instance:com.tests.LoginTest@15a04efb]" started-at="2026-04-23T14:20:57 IST" name="verifyValidationWhenPasswordBlank" description="Verify validation behavior when Password is blank and Username is entered." finished-at="2026-04-23T14:20:58 IST" duration-ms="1248" status="PASS">
          <reporter-output>
            <line>
              <![CDATA[PASS: Correct validation alert displayed when Password is blank: Please fill out Username and Password.]]>
            </line>
          </reporter-output>
        </test-method> <!-- verifyValidationWhenPasswordBlank -->
        <test-method is-config="true" signature="tearDown()[pri:0, instance:com.tests.LoginTest@15a04efb]" started-at="2026-04-23T14:20:58 IST" name="tearDown" finished-at="2026-04-23T14:20:59 IST" duration-ms="386" status="PASS">
          <reporter-output>
          </reporter-output>
        </test-method> <!-- tearDown -->
        <test-method is-config="true" signature="setUp()[pri:0, instance:com.tests.LoginTest@15a04efb]" started-at="2026-04-23T14:20:59 IST" name="setUp" finished-at="2026-04-23T14:21:02 IST" duration-ms="3535" status="PASS">
          <reporter-output>
          </reporter-output>
        </test-method> <!-- setUp -->
        <test-method signature="verifyValidationWhenUsernameBlank()[pri:0, instance:com.tests.LoginTest@15a04efb]" started-at="2026-04-23T14:21:02 IST" name="verifyValidationWhenUsernameBlank" description="Verify validation behavior when Username is blank and Password is entered." finished-at="2026-04-23T14:21:04 IST" duration-ms="1221" status="PASS">
          <reporter-output>
            <line>
              <![CDATA[PASS: Correct validation alert displayed when Username is blank: Please fill out Username and Password.]]>
            </line>
          </reporter-output>
        </test-method> <!-- verifyValidationWhenUsernameBlank -->
        <test-method is-config="true" signature="tearDown()[pri:0, instance:com.tests.LoginTest@15a04efb]" started-at="2026-04-23T14:21:04 IST" name="tearDown" finished-at="2026-04-23T14:21:04 IST" duration-ms="467" status="PASS">
          <reporter-output>
          </reporter-output>
        </test-method> <!-- tearDown -->
      </class> <!-- com.tests.LoginTest -->
    </test> <!-- Demoblaze Tests -->
  </suite> <!-- Demoblaze Test Suite -->
</testng-results>
