<?xml version="1.0" encoding="UTF-8"?>
<!-- Generated by org.testng.reporters.JUnitReportReporter -->
<testsuite hostname="WorkBook" failures="6" tests="18" name="com.tests.SignupTest" time="85.263" errors="1" timestamp="2026-04-23T14:47:02 IST" skipped="0">
  <testcase classname="com.tests.SignupTest" name="verifyWeakCredentialsAreRejected" time="5.797">
    <failure message="Weak credentials were not rejected properly. Alert was: This user already exist. expected [true] but found [false]" type="java.lang.AssertionError">
      <![CDATA[java.lang.AssertionError: Weak credentials were not rejected properly. Alert was: This user already exist. expected [true] but found [false]
at org.testng.Assert.fail(Assert.java:111)
at org.testng.Assert.failNotEquals(Assert.java:1578)
at org.testng.Assert.assertTrue(Assert.java:57)
at com.tests.SignupTest.verifyWeakCredentialsAreRejected(SignupTest.java:247)
at java.base/jdk.internal.reflect.DirectMethodHandleAccessor.invoke(DirectMethodHandleAccessor.java:103)
at java.base/java.lang.reflect.Method.invoke(Method.java:580)
at org.testng.internal.invokers.MethodInvocationHelper.invokeMethod(MethodInvocationHelper.java:141)
at org.testng.internal.invokers.TestInvoker.invokeMethod(TestInvoker.java:686)
at org.testng.internal.invokers.TestInvoker.invokeTestMethod(TestInvoker.java:230)
at org.testng.internal.invokers.MethodRunner.runInSequence(MethodRunner.java:63)
at org.testng.internal.invokers.TestInvoker$MethodInvocationAgent.invoke(TestInvoker.java:992)
at org.testng.internal.invokers.TestInvoker.invokeTestMethods(TestInvoker.java:203)
at org.testng.internal.invokers.TestMethodWorker.invokeTestMethods(TestMethodWorker.java:154)
at org.testng.internal.invokers.TestMethodWorker.run(TestMethodWorker.java:134)
at java.base/java.util.ArrayList.forEach(ArrayList.java:1596)
at org.testng.TestRunner.privateRun(TestRunner.java:739)
at org.testng.TestRunner.run(TestRunner.java:614)
at org.testng.SuiteRunner.runTest(SuiteRunner.java:421)
at org.testng.SuiteRunner$SuiteWorker.run(SuiteRunner.java:463)
at org.testng.internal.thread.ThreadUtil.lambda$execute$0(ThreadUtil.java:64)
at java.base/java.util.concurrent.FutureTask.run(FutureTask.java:317)
at java.base/java.util.concurrent.ThreadPoolExecutor.runWorker(ThreadPoolExecutor.java:1144)
at java.base/java.util.concurrent.ThreadPoolExecutor$Worker.run(ThreadPoolExecutor.java:642)
at java.base/java.lang.Thread.run(Thread.java:1583)
]]>
    </failure>
    <system-out>
      <![CDATA[DEFECT: Weak credentials were accepted or not properly rejected. Username: test, Password: 123, Alert: This user already exist.]]>
    </system-out>
  </testcase> <!-- verifyWeakCredentialsAreRejected -->
  <testcase classname="com.tests.SignupTest" name="verifySignupWithValidNewUser" time="3.172">
    <error message="java.lang.RuntimeException: Failed to read Excel file: Sheet &#039;signup&#039; not found in src/test/resources/TestData.xlsx" type="java.lang.RuntimeException">
      <![CDATA[java.lang.RuntimeException: java.lang.RuntimeException: Failed to read Excel file: Sheet 'signup' not found in src/test/resources/TestData.xlsx
at org.testng.internal.invokers.MethodInvocationHelper.invokeMethodNoCheckedException(MethodInvocationHelper.java:58)
at org.testng.internal.invokers.MethodInvocationHelper.invokeDataProvider(MethodInvocationHelper.java:159)
at org.testng.internal.Parameters.handleParameters(Parameters.java:809)
at org.testng.internal.Parameters.handleParameters(Parameters.java:734)
at org.testng.internal.invokers.ParameterHandler.handleParameters(ParameterHandler.java:72)
at org.testng.internal.invokers.ParameterHandler.createParameters(ParameterHandler.java:51)
at org.testng.internal.invokers.TestInvoker$MethodInvocationAgent.invoke(TestInvoker.java:946)
at org.testng.internal.invokers.TestInvoker.invokeTestMethods(TestInvoker.java:203)
at org.testng.internal.invokers.TestMethodWorker.invokeTestMethods(TestMethodWorker.java:154)
at org.testng.internal.invokers.TestMethodWorker.run(TestMethodWorker.java:134)
at java.base/java.util.ArrayList.forEach(ArrayList.java:1596)
at org.testng.TestRunner.privateRun(TestRunner.java:739)
at org.testng.TestRunner.run(TestRunner.java:614)
at org.testng.SuiteRunner.runTest(SuiteRunner.java:421)
at org.testng.SuiteRunner$SuiteWorker.run(SuiteRunner.java:463)
at org.testng.internal.thread.ThreadUtil.lambda$execute$0(ThreadUtil.java:64)
at java.base/java.util.concurrent.FutureTask.run(FutureTask.java:317)
at java.base/java.util.concurrent.ThreadPoolExecutor.runWorker(ThreadPoolExecutor.java:1144)
at java.base/java.util.concurrent.ThreadPoolExecutor$Worker.run(ThreadPoolExecutor.java:642)
at java.base/java.lang.Thread.run(Thread.java:1583)
Caused by: java.lang.RuntimeException: Failed to read Excel file: Sheet 'signup' not found in src/test/resources/TestData.xlsx
at com.utils.ExcelUtil.getSheetData(ExcelUtil.java:48)
at com.tests.SignupTest.validSignupData(SignupTest.java:15)
at java.base/jdk.internal.reflect.DirectMethodHandleAccessor.invoke(DirectMethodHandleAccessor.java:103)
at java.base/java.lang.reflect.Method.invoke(Method.java:580)
at org.testng.internal.invokers.MethodInvocationHelper.invokeMethod(MethodInvocationHelper.java:141)
at org.testng.internal.invokers.MethodInvocationHelper.invokeMethod(MethodInvocationHelper.java:86)
at org.testng.internal.invokers.MethodInvocationHelper.invokeMethodNoCheckedException(MethodInvocationHelper.java:54)
... 19 more
Caused by: java.lang.RuntimeException: Sheet 'signup' not found in src/test/resources/TestData.xlsx
at com.utils.ExcelUtil.getSheetData(ExcelUtil.java:26)
... 25 more
]]>
    </error>
  </testcase> <!-- verifySignupWithValidNewUser -->
  <testcase classname="com.tests.SignupTest" name="verifySignupFormContainsEmailField" time="4.069">
    <system-out>
      <![CDATA[PASS: Signup form contains email field.]]>
    </system-out>
  </testcase> <!-- verifySignupFormContainsEmailField -->
  <testcase classname="com.tests.SignupTest" name="verifySignupWithExistingUser" time="6.037">
    <system-out>
      <![CDATA[PASS: Existing user signup was correctly rejected for user: priyankapriya. Alert: This user already exist.]]>
    </system-out>
  </testcase> <!-- verifySignupWithExistingUser -->
  <testcase classname="com.tests.SignupTest" name="verifySubmissionWithEmptyUsername" time="4.655">
    <system-out>
      <![CDATA[PASS: Correct validation alert displayed when username is empty: Please fill out Username and Password.]]>
    </system-out>
  </testcase> <!-- verifySubmissionWithEmptyUsername -->
  <testcase classname="com.tests.SignupTest" name="verifySignupModalDoesNotIncludeConfirmPasswordField" time="4.395">
    <failure message="Confirm Password field is missing in signup modal. expected [true] but found [false]" type="java.lang.AssertionError">
      <![CDATA[java.lang.AssertionError: Confirm Password field is missing in signup modal. expected [true] but found [false]
at org.testng.Assert.fail(Assert.java:111)
at org.testng.Assert.failNotEquals(Assert.java:1578)
at org.testng.Assert.assertTrue(Assert.java:57)
at com.tests.SignupTest.verifySignupModalDoesNotIncludeConfirmPasswordField(SignupTest.java:318)
at java.base/jdk.internal.reflect.DirectMethodHandleAccessor.invoke(DirectMethodHandleAccessor.java:103)
at java.base/java.lang.reflect.Method.invoke(Method.java:580)
at org.testng.internal.invokers.MethodInvocationHelper.invokeMethod(MethodInvocationHelper.java:141)
at org.testng.internal.invokers.TestInvoker.invokeMethod(TestInvoker.java:686)
at org.testng.internal.invokers.TestInvoker.invokeTestMethod(TestInvoker.java:230)
at org.testng.internal.invokers.MethodRunner.runInSequence(MethodRunner.java:63)
at org.testng.internal.invokers.TestInvoker$MethodInvocationAgent.invoke(TestInvoker.java:992)
at org.testng.internal.invokers.TestInvoker.invokeTestMethods(TestInvoker.java:203)
at org.testng.internal.invokers.TestMethodWorker.invokeTestMethods(TestMethodWorker.java:154)
at org.testng.internal.invokers.TestMethodWorker.run(TestMethodWorker.java:134)
at java.base/java.util.ArrayList.forEach(ArrayList.java:1596)
at org.testng.TestRunner.privateRun(TestRunner.java:739)
at org.testng.TestRunner.run(TestRunner.java:614)
at org.testng.SuiteRunner.runTest(SuiteRunner.java:421)
at org.testng.SuiteRunner$SuiteWorker.run(SuiteRunner.java:463)
at org.testng.internal.thread.ThreadUtil.lambda$execute$0(ThreadUtil.java:64)
at java.base/java.util.concurrent.FutureTask.run(FutureTask.java:317)
at java.base/java.util.concurrent.ThreadPoolExecutor.runWorker(ThreadPoolExecutor.java:1144)
at java.base/java.util.concurrent.ThreadPoolExecutor$Worker.run(ThreadPoolExecutor.java:642)
at java.base/java.lang.Thread.run(Thread.java:1583)
]]>
    </failure>
    <system-out>
      <![CDATA[DEFECT: Signup modal does not include a Confirm Password field.]]>
    </system-out>
  </testcase> <!-- verifySignupModalDoesNotIncludeConfirmPasswordField -->
  <testcase classname="com.tests.SignupTest" name="verifyWeakCredentialsAreRejected" time="6.324">
    <failure message="Weak credentials were not rejected properly. Alert was: This user already exist. expected [true] but found [false]" type="java.lang.AssertionError">
      <![CDATA[java.lang.AssertionError: Weak credentials were not rejected properly. Alert was: This user already exist. expected [true] but found [false]
at org.testng.Assert.fail(Assert.java:111)
at org.testng.Assert.failNotEquals(Assert.java:1578)
at org.testng.Assert.assertTrue(Assert.java:57)
at com.tests.SignupTest.verifyWeakCredentialsAreRejected(SignupTest.java:247)
at java.base/jdk.internal.reflect.DirectMethodHandleAccessor.invoke(DirectMethodHandleAccessor.java:103)
at java.base/java.lang.reflect.Method.invoke(Method.java:580)
at org.testng.internal.invokers.MethodInvocationHelper.invokeMethod(MethodInvocationHelper.java:141)
at org.testng.internal.invokers.TestInvoker.invokeMethod(TestInvoker.java:686)
at org.testng.internal.invokers.TestInvoker.invokeTestMethod(TestInvoker.java:230)
at org.testng.internal.invokers.MethodRunner.runInSequence(MethodRunner.java:63)
at org.testng.internal.invokers.TestInvoker$MethodInvocationAgent.invoke(TestInvoker.java:992)
at org.testng.internal.invokers.TestInvoker.invokeTestMethods(TestInvoker.java:203)
at org.testng.internal.invokers.TestMethodWorker.invokeTestMethods(TestMethodWorker.java:154)
at org.testng.internal.invokers.TestMethodWorker.run(TestMethodWorker.java:134)
at java.base/java.util.ArrayList.forEach(ArrayList.java:1596)
at org.testng.TestRunner.privateRun(TestRunner.java:739)
at org.testng.TestRunner.run(TestRunner.java:614)
at org.testng.SuiteRunner.runTest(SuiteRunner.java:421)
at org.testng.SuiteRunner$SuiteWorker.run(SuiteRunner.java:463)
at org.testng.internal.thread.ThreadUtil.lambda$execute$0(ThreadUtil.java:64)
at java.base/java.util.concurrent.FutureTask.run(FutureTask.java:317)
at java.base/java.util.concurrent.ThreadPoolExecutor.runWorker(ThreadPoolExecutor.java:1144)
at java.base/java.util.concurrent.ThreadPoolExecutor$Worker.run(ThreadPoolExecutor.java:642)
at java.base/java.lang.Thread.run(Thread.java:1583)
]]>
    </failure>
    <system-out>
      <![CDATA[DEFECT: Weak credentials were accepted or not properly rejected. Username: ab, Password: 12, Alert: This user already exist.]]>
    </system-out>
  </testcase> <!-- verifyWeakCredentialsAreRejected -->
  <testcase classname="com.tests.SignupTest" name="verifyUsernameAndPasswordFieldsArePresent" time="4.840">
    <system-out>
      <![CDATA[PASS: Username field is present in signup modal.
PASS: Password field is present in signup modal.]]>
    </system-out>
  </testcase> <!-- verifyUsernameAndPasswordFieldsArePresent -->
  <testcase classname="com.tests.SignupTest" name="verifySignupModalTitle" time="4.981">
    <system-out>
      <![CDATA[PASS: Signup modal title is correct: Sign up]]>
    </system-out>
  </testcase> <!-- verifySignupModalTitle -->
  <testcase classname="com.tests.SignupTest" name="verifySignUpLinkIsVisibleInNavbar" time="3.321">
    <system-out>
      <![CDATA[PASS: Sign up link is visible in navbar.]]>
    </system-out>
  </testcase> <!-- verifySignUpLinkIsVisibleInNavbar -->
  <testcase classname="com.tests.SignupTest" name="verifyPasswordFieldProvidesShowHideToggleOption" time="3.983">
    <failure message="Show/hide toggle option is missing in Password field. expected [true] but found [false]" type="java.lang.AssertionError">
      <![CDATA[java.lang.AssertionError: Show/hide toggle option is missing in Password field. expected [true] but found [false]
at org.testng.Assert.fail(Assert.java:111)
at org.testng.Assert.failNotEquals(Assert.java:1578)
at org.testng.Assert.assertTrue(Assert.java:57)
at com.tests.SignupTest.verifyPasswordFieldProvidesShowHideToggleOption(SignupTest.java:334)
at java.base/jdk.internal.reflect.DirectMethodHandleAccessor.invoke(DirectMethodHandleAccessor.java:103)
at java.base/java.lang.reflect.Method.invoke(Method.java:580)
at org.testng.internal.invokers.MethodInvocationHelper.invokeMethod(MethodInvocationHelper.java:141)
at org.testng.internal.invokers.TestInvoker.invokeMethod(TestInvoker.java:686)
at org.testng.internal.invokers.TestInvoker.invokeTestMethod(TestInvoker.java:230)
at org.testng.internal.invokers.MethodRunner.runInSequence(MethodRunner.java:63)
at org.testng.internal.invokers.TestInvoker$MethodInvocationAgent.invoke(TestInvoker.java:992)
at org.testng.internal.invokers.TestInvoker.invokeTestMethods(TestInvoker.java:203)
at org.testng.internal.invokers.TestMethodWorker.invokeTestMethods(TestMethodWorker.java:154)
at org.testng.internal.invokers.TestMethodWorker.run(TestMethodWorker.java:134)
at java.base/java.util.ArrayList.forEach(ArrayList.java:1596)
at org.testng.TestRunner.privateRun(TestRunner.java:739)
at org.testng.TestRunner.run(TestRunner.java:614)
at org.testng.SuiteRunner.runTest(SuiteRunner.java:421)
at org.testng.SuiteRunner$SuiteWorker.run(SuiteRunner.java:463)
at org.testng.internal.thread.ThreadUtil.lambda$execute$0(ThreadUtil.java:64)
at java.base/java.util.concurrent.FutureTask.run(FutureTask.java:317)
at java.base/java.util.concurrent.ThreadPoolExecutor.runWorker(ThreadPoolExecutor.java:1144)
at java.base/java.util.concurrent.ThreadPoolExecutor$Worker.run(ThreadPoolExecutor.java:642)
at java.base/java.lang.Thread.run(Thread.java:1583)
]]>
    </failure>
    <system-out>
      <![CDATA[DEFECT: Password field does not provide show/hide toggle option.]]>
    </system-out>
  </testcase> <!-- verifyPasswordFieldProvidesShowHideToggleOption -->
  <testcase classname="com.tests.SignupTest" name="verifyClickingSignUpOpensSignupModal" time="5.547">
    <system-out>
      <![CDATA[PASS: Clicking Sign up opens signup modal.]]>
    </system-out>
  </testcase> <!-- verifyClickingSignUpOpensSignupModal -->
  <testcase classname="com.tests.SignupTest" name="verifyButtonsAreVisibleInSignupModal" time="4.762">
    <system-out>
      <![CDATA[PASS: Close button is visible in signup modal.
PASS: Close icon is visible in signup modal.
PASS: Sign up button is visible in signup modal.]]>
    </system-out>
  </testcase> <!-- verifyButtonsAreVisibleInSignupModal -->
  <testcase classname="com.tests.SignupTest" name="verifyWeakCredentialsAreRejected" time="5.776">
    <failure message="Weak credentials were not rejected properly. Alert was: This user already exist. expected [true] but found [false]" type="java.lang.AssertionError">
      <![CDATA[java.lang.AssertionError: Weak credentials were not rejected properly. Alert was: This user already exist. expected [true] but found [false]
at org.testng.Assert.fail(Assert.java:111)
at org.testng.Assert.failNotEquals(Assert.java:1578)
at org.testng.Assert.assertTrue(Assert.java:57)
at com.tests.SignupTest.verifyWeakCredentialsAreRejected(SignupTest.java:247)
at java.base/jdk.internal.reflect.DirectMethodHandleAccessor.invoke(DirectMethodHandleAccessor.java:103)
at java.base/java.lang.reflect.Method.invoke(Method.java:580)
at org.testng.internal.invokers.MethodInvocationHelper.invokeMethod(MethodInvocationHelper.java:141)
at org.testng.internal.invokers.TestInvoker.invokeMethod(TestInvoker.java:686)
at org.testng.internal.invokers.TestInvoker.invokeTestMethod(TestInvoker.java:230)
at org.testng.internal.invokers.MethodRunner.runInSequence(MethodRunner.java:63)
at org.testng.internal.invokers.TestInvoker$MethodInvocationAgent.invoke(TestInvoker.java:992)
at org.testng.internal.invokers.TestInvoker.invokeTestMethods(TestInvoker.java:203)
at org.testng.internal.invokers.TestMethodWorker.invokeTestMethods(TestMethodWorker.java:154)
at org.testng.internal.invokers.TestMethodWorker.run(TestMethodWorker.java:134)
at java.base/java.util.ArrayList.forEach(ArrayList.java:1596)
at org.testng.TestRunner.privateRun(TestRunner.java:739)
at org.testng.TestRunner.run(TestRunner.java:614)
at org.testng.SuiteRunner.runTest(SuiteRunner.java:421)
at org.testng.SuiteRunner$SuiteWorker.run(SuiteRunner.java:463)
at org.testng.internal.thread.ThreadUtil.lambda$execute$0(ThreadUtil.java:64)
at java.base/java.util.concurrent.FutureTask.run(FutureTask.java:317)
at java.base/java.util.concurrent.ThreadPoolExecutor.runWorker(ThreadPoolExecutor.java:1144)
at java.base/java.util.concurrent.ThreadPoolExecutor$Worker.run(ThreadPoolExecutor.java:642)
at java.base/java.lang.Thread.run(Thread.java:1583)
]]>
    </failure>
    <system-out>
      <![CDATA[DEFECT: Weak credentials were accepted or not properly rejected. Username: a, Password: 1, Alert: This user already exist.]]>
    </system-out>
  </testcase> <!-- verifyWeakCredentialsAreRejected -->
  <testcase classname="com.tests.SignupTest" name="verifySubmissionWithEmptyPassword" time="5.125">
    <system-out>
      <![CDATA[PASS: Correct validation alert displayed when password is empty: Please fill out Username and Password.]]>
    </system-out>
  </testcase> <!-- verifySubmissionWithEmptyPassword -->
  <testcase classname="com.tests.SignupTest" name="verifyPasswordFieldLabel" time="4.613">
    <system-out>
      <![CDATA[PASS: Password field label is correct: Password:]]>
    </system-out>
  </testcase> <!-- verifyPasswordFieldLabel -->
  <testcase classname="com.tests.SignupTest" name="verifyDataIsClearedAfterClosingAndReopeningSignupModal" time="6.992">
    <failure message="Username field retained old value after reopening. expected [true] but found [false]" type="java.lang.AssertionError">
      <![CDATA[java.lang.AssertionError: Username field retained old value after reopening. expected [true] but found [false]
at org.testng.Assert.fail(Assert.java:111)
at org.testng.Assert.failNotEquals(Assert.java:1578)
at org.testng.Assert.assertTrue(Assert.java:57)
at com.tests.SignupTest.verifyDataIsClearedAfterClosingAndReopeningSignupModal(SignupTest.java:277)
at java.base/jdk.internal.reflect.DirectMethodHandleAccessor.invoke(DirectMethodHandleAccessor.java:103)
at java.base/java.lang.reflect.Method.invoke(Method.java:580)
at org.testng.internal.invokers.MethodInvocationHelper.invokeMethod(MethodInvocationHelper.java:141)
at org.testng.internal.invokers.TestInvoker.invokeMethod(TestInvoker.java:686)
at org.testng.internal.invokers.TestInvoker.invokeTestMethod(TestInvoker.java:230)
at org.testng.internal.invokers.MethodRunner.runInSequence(MethodRunner.java:63)
at org.testng.internal.invokers.TestInvoker$MethodInvocationAgent.invoke(TestInvoker.java:992)
at org.testng.internal.invokers.TestInvoker.invokeTestMethods(TestInvoker.java:203)
at org.testng.internal.invokers.TestMethodWorker.invokeTestMethods(TestMethodWorker.java:154)
at org.testng.internal.invokers.TestMethodWorker.run(TestMethodWorker.java:134)
at java.base/java.util.ArrayList.forEach(ArrayList.java:1596)
at org.testng.TestRunner.privateRun(TestRunner.java:739)
at org.testng.TestRunner.run(TestRunner.java:614)
at org.testng.SuiteRunner.runTest(SuiteRunner.java:421)
at org.testng.SuiteRunner$SuiteWorker.run(SuiteRunner.java:463)
at org.testng.internal.thread.ThreadUtil.lambda$execute$0(ThreadUtil.java:64)
at java.base/java.util.concurrent.FutureTask.run(FutureTask.java:317)
at java.base/java.util.concurrent.ThreadPoolExecutor.runWorker(ThreadPoolExecutor.java:1144)
at java.base/java.util.concurrent.ThreadPoolExecutor$Worker.run(ThreadPoolExecutor.java:642)
at java.base/java.lang.Thread.run(Thread.java:1583)
]]>
    </failure>
    <system-out>
      <![CDATA[DEFECT: Username field retained old value after reopening signup modal: priyankapriya
DEFECT: Password field retained old value after reopening signup modal: priya@123]]>
    </system-out>
  </testcase> <!-- verifyDataIsClearedAfterClosingAndReopeningSignupModal -->
  <testcase classname="com.tests.SignupTest" name="verifyUsernameFieldLabel" time="0.874">
    <system-out>
      <![CDATA[PASS: Username field label is correct: Username:]]>
    </system-out>
  </testcase> <!-- verifyUsernameFieldLabel -->
  <system-out>
    <![CDATA[PASS: Alert message text is displayed correctly: Please fill out Username and Password.
PASS: Clicking the Login link opens the Login modal.
DEFECT: Username field retained old value after reopening Login modal: priyankapriya
DEFECT: Password field retained old value after reopening Login modal: priya@123
DEFECT: Forgot Password option is not available for credential recovery.
DEFECT: Profile view option is not available for logged-in user.
DEFECT: Change password option is not available for logged-in user.
DEFECT: Order or purchase history option is not available for logged-in user.
DEFECT: Saved payment or billing details are not available for logged-in user.
PASS: Login link is displayed on the navigation bar.
PASS: Close button is displayed in Login modal.
PASS: Close icon is displayed in Login modal.
PASS: Log in button is displayed in Login modal.
PASS: Username input field is displayed in Login modal.
PASS: Password input field is displayed in Login modal.
PASS: Login modal header text is correct: Log in
PASS: Login succeeded for valid credentials. Username: priyankapriya
PASS: Welcome text is displayed correctly after login for user: priyankapriya
INFO: Logged out successfully.
DEFECT: Show/Hide password option is not available in the Password field.
PASS: Username label is displayed correctly: Username:
PASS: Password label is displayed correctly: Password:
PASS: Correct validation alert displayed when Password is blank: Please fill out Username and Password.
PASS: Correct validation alert displayed when Username is blank: Please fill out Username and Password.
PASS: Close button is visible in signup modal.
PASS: Close icon is visible in signup modal.
PASS: Sign up button is visible in signup modal.
PASS: Clicking Sign up opens signup modal.
DEFECT: Username field retained old value after reopening signup modal: priyankapriya
DEFECT: Password field retained old value after reopening signup modal: priya@123
PASS: Password field label is correct: Password:
DEFECT: Password field does not provide show/hide toggle option.
PASS: Sign up link is visible in navbar.
PASS: Signup form contains email field.
DEFECT: Signup modal does not include a Confirm Password field.
PASS: Signup modal title is correct: Sign up
PASS: Existing user signup was correctly rejected for user: priyankapriya. Alert: This user already exist.
PASS: Correct validation alert displayed when password is empty: Please fill out Username and Password.
PASS: Correct validation alert displayed when username is empty: Please fill out Username and Password.
PASS: Username field is present in signup modal.
PASS: Password field is present in signup modal.
PASS: Username field label is correct: Username:
DEFECT: Weak credentials were accepted or not properly rejected. Username: a, Password: 1, Alert: This user already exist.
DEFECT: Weak credentials were accepted or not properly rejected. Username: ab, Password: 12, Alert: This user already exist.
DEFECT: Weak credentials were accepted or not properly rejected. Username: test, Password: 123, Alert: This user already exist.
PASS: About modal opens successfully.
PASS: All product category links are visible.
PASS: Brand logo text is displayed correctly: PRODUCT STORE
PASS: Carousel contains exactly 3 slides.
PASS: Carousel Next button changes the active slide.
PASS: Carousel Previous button changes the active slide back.
PASS: Homepage carousel is visible on page load.
PASS: Clicking Cart navigates user to the cart page.
PASS: Clicking Home keeps user on home page and products are displayed.
PASS: Contact modal opens successfully.
PASS: Each category filter returns at least one product.
PASS: Laptops category displays products. Product count: 6
PASS: Logout link is not visible before login.
PASS: All main navigation bar links are visible on page load.
PASS: Monitors category displays products. Product count: 2
PASS: Page title contains STORE. Actual title: STORE
PASS: Phones category displays products. Product count: 9
PASS: Product cards are loaded and visible on the home page initially.
PASS: Phones, Laptops and Monitors category links are visible.
PASS: Clicking Next changes the product list.
PASS: Each category returns at least one product.
PASS: Laptops category displays products. Count: 6
PASS: Laptops category shows relevant laptop products.
PASS: Monitors category displays products. Count: 2
PASS: Monitors category shows relevant monitor products.
PASS: Next pagination button is visible.
PASS: Phones category displays products. Count: 7
PASS: Phones category shows relevant phone products.
PASS: Clicking Previous changes the product list after navigating Next.
PASS: Product cards are visible on initial load.
PASS: Product category section is visible.
PASS: Switching between categories updates the product list.
PASS: Add to cart button is displayed on product details page.
PASS: Add to cart success alert displayed: Product added
PASS: Clicked product matches details page product name: Samsung galaxy s6
PASS: Laptops category product details page opened successfully.
PASS: Monitors category product details page opened successfully.
PASS: Phones category product details page opened successfully.
PASS: Product description is displayed on product details page.
PASS: Product details page URL is correct: https://demoblaze.com/prod.html?idp_=1
PASS: Product image is displayed on product details page.
PASS: Product name is displayed on product details page.
PASS: Product price is displayed on product details page. Price: $360 *includes tax
PASS: Product details page opened successfully for product: Samsung galaxy s6
PASS: Cart contains the added product with correct title: Samsung galaxy s6
PASS: Cart table is displayed on cart page.
INFO: First product: Samsung galaxy s6 | Price: 360
INFO: Second product: Nokia lumia 1520 | Price: 820
INFO: Expected total: 1180
INFO: Actual total: 1180
PASS: Cart total is correct after adding multiple products.
PASS: Cart total is displayed after product is added. Total: 360
INFO: Product: Samsung galaxy s6
INFO: Same product row count in cart: 2
DEFECT: Duplicate product created multiple rows instead of updating quantity. Row count found: 2
PASS: Place Order button is displayed on cart page.
PASS: Place Order modal opens successfully.
PASS: Product added to cart successfully: Samsung galaxy s6
PASS: User deleted product from cart successfully.
PASS: User navigated to cart page successfully.
DEFECT: User can still open purchase flow without products in cart.
PASS: Precondition passed: product added to cart and cart page opened.
PASS: All Place Order input fields are displayed.
PASS: Precondition passed: product added to cart and cart page opened.
PASS: Card number label/details are displayed.
PASS: Precondition passed: product added to cart and cart page opened.
PASS: Cart is cleared after successful purchase.
PASS: Precondition passed: product added to cart and cart page opened.
PASS: Place Order modal opened successfully.
PASS: Precondition passed: product added to cart and cart page opened.
DEFECT: Close or Purchase button is not visible.
PASS: Precondition passed: product added to cart and cart page opened.
PASS: Confirmation popup contains purchase details.
PASS: Precondition passed: product added to cart and cart page opened.
PASS: Confirmation popup shows success details.
PASS: Precondition passed: product added to cart and cart page opened.
PASS: Date is displayed in confirmation popup.
PASS: Precondition passed: product added to cart and cart page opened.
PASS: Purchase details are not empty.
PASS: Precondition passed: product added to cart and cart page opened.
PASS: Precondition passed: product added to cart and cart page opened.
DEFECT: Place Order modal did not close using X icon.
PASS: Precondition passed: product added to cart and cart page opened.
PASS: Place Order modal title is correct.
PASS: Precondition passed: product added to cart and cart page opened.
PASS: Month field accepts numeric input.
PASS: Precondition passed: product added to cart and cart page opened.
PASS: User name is displayed correctly.
PASS: Precondition passed: product added to cart and cart page opened.
PASS: OK button is visible in confirmation popup.
PASS: OK button closes confirmation popup.
PASS: Precondition passed: product added to cart and cart page opened.
PASS: OK button is visible.
PASS: Precondition passed: product added to cart and cart page opened.
PASS: Place Order button is visible on Cart page.
PASS: Precondition passed: product added to cart and cart page opened.
PASS: Precondition passed: product added to cart and cart page opened.
PASS: Popup contains Date.
PASS: Precondition passed: product added to cart and cart page opened.
PASS: Popup contains Id.
PASS: Precondition passed: product added to cart and cart page opened.
PASS: Popup appears after successful purchase.
PASS: Precondition passed: product added to cart and cart page opened.
PASS: Purchase amount matches cart total.
PASS: Precondition passed: product added to cart and cart page opened.
PASS: Purchase confirmation popup is displayed.
PASS: Precondition passed: product added to cart and cart page opened.
PASS: Purchase details are present in confirmation popup.
PASS: Precondition passed: product added to cart and cart page opened.
PASS: Purchase succeeds with valid details.
PASS: Precondition passed: product added to cart and cart page opened.
PASS: Purchase success title is correct.
PASS: Precondition passed: product added to cart and cart page opened.
PASS: Purchase is blocked with all fields blank.
PASS: Precondition passed: product added to cart and cart page opened.
DEFECT: Purchase is allowed with alphabetic credit card value.
PASS: Precondition passed: product added to cart and cart page opened.
DEFECT: Purchase is allowed with invalid credit card format.
PASS: Precondition passed: product added to cart and cart page opened.
DEFECT: Purchase is allowed with very long input values.
PASS: Precondition passed: product added to cart and cart page opened.
DEFECT: Purchase is allowed with Name and Card only.
PASS: Precondition passed: product added to cart and cart page opened.
PASS: Purchase is blocked with only Name filled.
PASS: Precondition passed: product added to cart and cart page opened.
DEFECT: Purchase is allowed with special characters in Name field.
PASS: Precondition passed: product added to cart and cart page opened.
PASS: Precondition passed: product added to cart and cart page opened.
PASS: Total label/value is displayed in Place Order modal. Total: 360
PASS: Precondition passed: product added to cart and cart page opened.
PASS: Unique order ID/content generated for separate purchases.
PASS: Precondition passed: product added to cart and cart page opened.
PASS: User can type into all Place Order fields.
PASS: Precondition passed: product added to cart and cart page opened.
PASS: Year field accepts numeric input.
DEFECT: Proper validation alert not displayed for invalid submission. Actual alert: Thanks for the message!!
DEFECT: Modal title mismatch. Expected: Contact us, Actual: New message
DEFECT: Blank form submitted unexpectedly. Alert text: Thanks for the message!!
DEFECT: Only email submitted unexpectedly. Alert text: Thanks for the message!!
DEFECT: Only name submitted unexpectedly. Alert text: Thanks for the message!!
DEFECT: Only message submitted unexpectedly. Alert text: Thanks for the message!!
DEFECT: Email and name only submitted unexpectedly. Alert text: Thanks for the message!!
DEFECT: Email and message only submitted unexpectedly. Alert text: Thanks for the message!!
DEFECT: Name and message only submitted unexpectedly. Alert text: Thanks for the message!!
PASS: All fields and action buttons are visible.
PASS: Contact modal opens successfully.
DEFECT: Empty form submitted. Alert text: Thanks for the message!!
DEFECT: Fields are not cleared after reopening modal. Email='priyanka@gmail.com', Name='Priyanka', Message='Field clear test'
DEFECT: Invalid email format submitted unexpectedly. Alert text: Thanks for the message!!
DEFECT: Overlength message submitted unexpectedly. Alert text: Thanks for the message!!
PASS: Valid Contact form submitted successfully. Alert: Thanks for the message!!
PASS: About Us modal opened when navbar link was clicked.
PASS: About Us modal title is correct.
PASS: Big play button is visible.
PASS: Close button and X button are visible.
PASS: Modal closed when Close button was clicked.
PASS: Modal closed when X button was clicked.
PASS: Video player container is visible.
DEFECT: Volume level could not be adjusted.
PASS: Video muted and unmuted successfully.
PASS: Video paused and resumed successfully.
DEFECT: Video could not enter and exit fullscreen properly.
PASS: Video is paused initially.
PASS: Video paused successfully after play.
PASS: Video progress changed after seek.
PASS: Video started playing after clicking play button.
PASS: Back navigation after logout does not restore session for user: priyankapriya
PASS: Login link is visible after logout for user: priyankapriya
PASS: Login successful before logout for user: priyankapriya
PASS: Logout successful for user: priyankapriya
PASS: Logout link becomes invisible after logout for user: priyankapriya
PASS: Logout link is not visible before login.
PASS: Logout link is visible after login for user: priyankapriya
PASS: User session is cleared after logout for user: priyankapriya
PASS: Logout functionality works successfully for user: priyankapriya
PASS: Welcome text disappears after logout for user: priyankapriya]]>
  </system-out>
</testsuite> <!-- com.tests.SignupTest -->
