<?xml version="1.0" encoding="UTF-8"?>
<!-- Generated by org.testng.reporters.JUnitReportReporter -->
<testsuite hostname="WorkBook" failures="8" tests="38" name="com.tests.PlaceOrderTest" time="521.949" errors="2" timestamp="2026-04-23T14:47:02 IST" skipped="0">
  <testcase classname="com.tests.PlaceOrderTest" name="verifyCardDisplayed" time="10.774">
    <system-out>
      <![CDATA[PASS: Card number label/details are displayed.]]>
    </system-out>
  </testcase> <!-- verifyCardDisplayed -->
  <testcase classname="com.tests.PlaceOrderTest" name="verifyClickingPlaceOrderOpensTheOrderModal" time="9.074">
    <system-out>
      <![CDATA[PASS: Place Order modal opened successfully.]]>
    </system-out>
  </testcase> <!-- verifyClickingPlaceOrderOpensTheOrderModal -->
  <testcase classname="com.tests.PlaceOrderTest" name="verifyPurchaseSucceedsWhenAllValidDetailsAreEntered" time="11.888">
    <system-out>
      <![CDATA[PASS: Purchase succeeds with valid details.]]>
    </system-out>
  </testcase> <!-- verifyPurchaseSucceedsWhenAllValidDetailsAreEntered -->
  <testcase classname="com.tests.PlaceOrderTest" name="verifyCloseAndPurchaseButtonsAreVisible" time="29.489">
    <failure message="Close and Purchase buttons should be visible. expected [true] but found [false]" type="java.lang.AssertionError">
      <![CDATA[java.lang.AssertionError: Close and Purchase buttons should be visible. expected [true] but found [false]
at org.testng.Assert.fail(Assert.java:111)
at org.testng.Assert.failNotEquals(Assert.java:1578)
at org.testng.Assert.assertTrue(Assert.java:57)
at com.tests.PlaceOrderTest.verifyCloseAndPurchaseButtonsAreVisible(PlaceOrderTest.java:113)
at java.base/jdk.internal.reflect.DirectMethodHandleAccessor.invoke(DirectMethodHandleAccessor.java:103)
at java.base/java.lang.reflect.Method.invoke(Method.java:580)
at org.testng.internal.invokers.MethodInvocationHelper.invokeMethod(MethodInvocationHelper.java:141)
at org.testng.internal.invokers.TestInvoker.invokeMethod(TestInvoker.java:686)
at org.testng.internal.invokers.TestInvoker.invokeTestMethod(TestInvoker.java:230)
at org.testng.internal.invokers.MethodRunner.runInSequence(MethodRunner.java:63)
at org.testng.internal.invokers.TestInvoker$MethodInvocationAgent.invoke(TestInvoker.java:992)
at org.testng.internal.invokers.TestInvoker.invokeTestMethods(TestInvoker.java:203)
at org.testng.internal.invokers.TestMethodWorker.invokeTestMethods(TestMethodWorker.java:154)
at org.testng.internal.invokers.TestMethodWorker.run(TestMethodWorker.java:134)
at java.base/java.util.ArrayList.forEach(ArrayList.java:1596)
at org.testng.TestRunner.privateRun(TestRunner.java:739)
at org.testng.TestRunner.run(TestRunner.java:614)
at org.testng.SuiteRunner.runTest(SuiteRunner.java:421)
at org.testng.SuiteRunner$SuiteWorker.run(SuiteRunner.java:463)
at org.testng.internal.thread.ThreadUtil.lambda$execute$0(ThreadUtil.java:64)
at java.base/java.util.concurrent.FutureTask.run(FutureTask.java:317)
at java.base/java.util.concurrent.ThreadPoolExecutor.runWorker(ThreadPoolExecutor.java:1144)
at java.base/java.util.concurrent.ThreadPoolExecutor$Worker.run(ThreadPoolExecutor.java:642)
at java.base/java.lang.Thread.run(Thread.java:1583)
]]>
    </failure>
    <system-out>
      <![CDATA[DEFECT: Close or Purchase button is not visible.]]>
    </system-out>
  </testcase> <!-- verifyCloseAndPurchaseButtonsAreVisible -->
  <testcase classname="com.tests.PlaceOrderTest" name="verifyPopupContainsAmount" time="26.564">
    <error message="Expected condition failed: waiting for visibility of element located by By.id: orderModal (tried for 15 second(s) with 500 milliseconds interval)
Build info: version: &#039;4.21.0&#039;, revision: &#039;79ed462ef4&#039;
System info: os.name: &#039;Windows 10&#039;, os.arch: &#039;amd64&#039;, os.version: &#039;10.0&#039;, java.version: &#039;21.0.10&#039;
Driver info: org.openqa.selenium.chrome.ChromeDriver
Capabilities {acceptInsecureCerts: false, browserName: chrome, browserVersion: 147.0.7727.102, chrome: {chromedriverVersion: 147.0.7727.117 (474cc805edd..., userDataDir: C:\Users\User\AppData\Local...}, fedcm:accounts: true, goog:chromeOptions: {debuggerAddress: localhost:61184}, goog:processID: 58800, networkConnectionEnabled: false, pageLoadStrategy: normal, platformName: windows, proxy: Proxy(), se:cdp: ws://localhost:61184/devtoo..., se:cdpVersion: 147.0.7727.102, setWindowRect: true, strictFileInteractability: false, timeouts: {implicit: 0, pageLoad: 300000, script: 30000}, unhandledPromptBehavior: dismiss and notify, webauthn:extension:credBlob: true, webauthn:extension:largeBlob: true, webauthn:extension:minPinLength: true, webauthn:extension:prf: true, webauthn:virtualAuthenticators: true}
Session ID: 71c785b06e3dcff3a079eb5fea3f4e0a" type="org.openqa.selenium.TimeoutException">
      <![CDATA[org.openqa.selenium.TimeoutException: Expected condition failed: waiting for visibility of element located by By.id: orderModal (tried for 15 second(s) with 500 milliseconds interval)
Build info: version: '4.21.0', revision: '79ed462ef4'
System info: os.name: 'Windows 10', os.arch: 'amd64', os.version: '10.0', java.version: '21.0.10'
Driver info: org.openqa.selenium.chrome.ChromeDriver
Capabilities {acceptInsecureCerts: false, browserName: chrome, browserVersion: 147.0.7727.102, chrome: {chromedriverVersion: 147.0.7727.117 (474cc805edd..., userDataDir: C:\Users\User\AppData\Local...}, fedcm:accounts: true, goog:chromeOptions: {debuggerAddress: localhost:61184}, goog:processID: 58800, networkConnectionEnabled: false, pageLoadStrategy: normal, platformName: windows, proxy: Proxy(), se:cdp: ws://localhost:61184/devtoo..., se:cdpVersion: 147.0.7727.102, setWindowRect: true, strictFileInteractability: false, timeouts: {implicit: 0, pageLoad: 300000, script: 30000}, unhandledPromptBehavior: dismiss and notify, webauthn:extension:credBlob: true, webauthn:extension:largeBlob: true, webauthn:extension:minPinLength: true, webauthn:extension:prf: true, webauthn:virtualAuthenticators: true}
Session ID: 71c785b06e3dcff3a079eb5fea3f4e0a
at org.openqa.selenium.support.ui.WebDriverWait.timeoutException(WebDriverWait.java:84)
at org.openqa.selenium.support.ui.FluentWait.until(FluentWait.java:228)
at com.pages.PlaceOrderPage.clickPlaceOrder(PlaceOrderPage.java:127)
at com.tests.PlaceOrderTest.verifyPopupContainsAmount(PlaceOrderTest.java:616)
at java.base/jdk.internal.reflect.DirectMethodHandleAccessor.invoke(DirectMethodHandleAccessor.java:103)
at java.base/java.lang.reflect.Method.invoke(Method.java:580)
at org.testng.internal.invokers.MethodInvocationHelper.invokeMethod(MethodInvocationHelper.java:141)
at org.testng.internal.invokers.TestInvoker.invokeMethod(TestInvoker.java:686)
at org.testng.internal.invokers.TestInvoker.invokeTestMethod(TestInvoker.java:230)
at org.testng.internal.invokers.MethodRunner.runInSequence(MethodRunner.java:63)
at org.testng.internal.invokers.TestInvoker$MethodInvocationAgent.invoke(TestInvoker.java:992)
at org.testng.internal.invokers.TestInvoker.invokeTestMethods(TestInvoker.java:203)
at org.testng.internal.invokers.TestMethodWorker.invokeTestMethods(TestMethodWorker.java:154)
at org.testng.internal.invokers.TestMethodWorker.run(TestMethodWorker.java:134)
at java.base/java.util.ArrayList.forEach(ArrayList.java:1596)
at org.testng.TestRunner.privateRun(TestRunner.java:739)
at org.testng.TestRunner.run(TestRunner.java:614)
at org.testng.SuiteRunner.runTest(SuiteRunner.java:421)
at org.testng.SuiteRunner$SuiteWorker.run(SuiteRunner.java:463)
at org.testng.internal.thread.ThreadUtil.lambda$execute$0(ThreadUtil.java:64)
at java.base/java.util.concurrent.FutureTask.run(FutureTask.java:317)
at java.base/java.util.concurrent.ThreadPoolExecutor.runWorker(ThreadPoolExecutor.java:1144)
at java.base/java.util.concurrent.ThreadPoolExecutor$Worker.run(ThreadPoolExecutor.java:642)
at java.base/java.lang.Thread.run(Thread.java:1583)
]]>
    </error>
  </testcase> <!-- verifyPopupContainsAmount -->
  <testcase classname="com.tests.PlaceOrderTest" name="verifyPopupContainsId" time="11.140">
    <system-out>
      <![CDATA[PASS: Popup contains Id.]]>
    </system-out>
  </testcase> <!-- verifyPopupContainsId -->
  <testcase classname="com.tests.PlaceOrderTest" name="verifyModalClosesUsingXIcon" time="10.436">
    <failure message="Place Order modal should close using X icon. expected [true] but found [false]" type="java.lang.AssertionError">
      <![CDATA[java.lang.AssertionError: Place Order modal should close using X icon. expected [true] but found [false]
at org.testng.Assert.fail(Assert.java:111)
at org.testng.Assert.failNotEquals(Assert.java:1578)
at org.testng.Assert.assertTrue(Assert.java:57)
at com.tests.PlaceOrderTest.verifyModalClosesUsingXIcon(PlaceOrderTest.java:161)
at java.base/jdk.internal.reflect.DirectMethodHandleAccessor.invoke(DirectMethodHandleAccessor.java:103)
at java.base/java.lang.reflect.Method.invoke(Method.java:580)
at org.testng.internal.invokers.MethodInvocationHelper.invokeMethod(MethodInvocationHelper.java:141)
at org.testng.internal.invokers.TestInvoker.invokeMethod(TestInvoker.java:686)
at org.testng.internal.invokers.TestInvoker.invokeTestMethod(TestInvoker.java:230)
at org.testng.internal.invokers.MethodRunner.runInSequence(MethodRunner.java:63)
at org.testng.internal.invokers.TestInvoker$MethodInvocationAgent.invoke(TestInvoker.java:992)
at org.testng.internal.invokers.TestInvoker.invokeTestMethods(TestInvoker.java:203)
at org.testng.internal.invokers.TestMethodWorker.invokeTestMethods(TestMethodWorker.java:154)
at org.testng.internal.invokers.TestMethodWorker.run(TestMethodWorker.java:134)
at java.base/java.util.ArrayList.forEach(ArrayList.java:1596)
at org.testng.TestRunner.privateRun(TestRunner.java:739)
at org.testng.TestRunner.run(TestRunner.java:614)
at org.testng.SuiteRunner.runTest(SuiteRunner.java:421)
at org.testng.SuiteRunner$SuiteWorker.run(SuiteRunner.java:463)
at org.testng.internal.thread.ThreadUtil.lambda$execute$0(ThreadUtil.java:64)
at java.base/java.util.concurrent.FutureTask.run(FutureTask.java:317)
at java.base/java.util.concurrent.ThreadPoolExecutor.runWorker(ThreadPoolExecutor.java:1144)
at java.base/java.util.concurrent.ThreadPoolExecutor$Worker.run(ThreadPoolExecutor.java:642)
at java.base/java.lang.Thread.run(Thread.java:1583)
]]>
    </failure>
    <system-out>
      <![CDATA[DEFECT: Place Order modal did not close using X icon.]]>
    </system-out>
  </testcase> <!-- verifyModalClosesUsingXIcon -->
  <testcase classname="com.tests.PlaceOrderTest" name="verifyUserCanTypeIntoAllPlaceOrderFields" time="10.112">
    <system-out>
      <![CDATA[PASS: User can type into all Place Order fields.]]>
    </system-out>
  </testcase> <!-- verifyUserCanTypeIntoAllPlaceOrderFields -->
  <testcase classname="com.tests.PlaceOrderTest" name="verifyConfirmationPopupContainsPurchaseDetails" time="10.752">
    <system-out>
      <![CDATA[PASS: Confirmation popup contains purchase details.]]>
    </system-out>
  </testcase> <!-- verifyConfirmationPopupContainsPurchaseDetails -->
  <testcase classname="com.tests.PlaceOrderTest" name="verifyPopupContainsDate" time="12.027">
    <system-out>
      <![CDATA[PASS: Popup contains Date.]]>
    </system-out>
  </testcase> <!-- verifyPopupContainsDate -->
  <testcase classname="com.tests.PlaceOrderTest" name="verifyAllInputFieldsAreDisplayedInPlaceOrderModal" time="10.311">
    <system-out>
      <![CDATA[PASS: All Place Order input fields are displayed.]]>
    </system-out>
  </testcase> <!-- verifyAllInputFieldsAreDisplayedInPlaceOrderModal -->
  <testcase classname="com.tests.PlaceOrderTest" name="verifyPurchaseWithLongInputValuesInAllFields" time="17.737">
    <failure message="Purchase should not be allowed with overly long input values. expected [false] but found [true]" type="java.lang.AssertionError">
      <![CDATA[java.lang.AssertionError: Purchase should not be allowed with overly long input values. expected [false] but found [true]
at org.testng.Assert.fail(Assert.java:111)
at org.testng.Assert.failNotEquals(Assert.java:1578)
at org.testng.Assert.assertFalse(Assert.java:79)
at com.tests.PlaceOrderTest.verifyPurchaseWithLongInputValuesInAllFields(PlaceOrderTest.java:357)
at java.base/jdk.internal.reflect.DirectMethodHandleAccessor.invoke(DirectMethodHandleAccessor.java:103)
at java.base/java.lang.reflect.Method.invoke(Method.java:580)
at org.testng.internal.invokers.MethodInvocationHelper.invokeMethod(MethodInvocationHelper.java:141)
at org.testng.internal.invokers.TestInvoker.invokeMethod(TestInvoker.java:686)
at org.testng.internal.invokers.TestInvoker.invokeTestMethod(TestInvoker.java:230)
at org.testng.internal.invokers.MethodRunner.runInSequence(MethodRunner.java:63)
at org.testng.internal.invokers.TestInvoker$MethodInvocationAgent.invoke(TestInvoker.java:992)
at org.testng.internal.invokers.TestInvoker.invokeTestMethods(TestInvoker.java:203)
at org.testng.internal.invokers.TestMethodWorker.invokeTestMethods(TestMethodWorker.java:154)
at org.testng.internal.invokers.TestMethodWorker.run(TestMethodWorker.java:134)
at java.base/java.util.ArrayList.forEach(ArrayList.java:1596)
at org.testng.TestRunner.privateRun(TestRunner.java:739)
at org.testng.TestRunner.run(TestRunner.java:614)
at org.testng.SuiteRunner.runTest(SuiteRunner.java:421)
at org.testng.SuiteRunner$SuiteWorker.run(SuiteRunner.java:463)
at org.testng.internal.thread.ThreadUtil.lambda$execute$0(ThreadUtil.java:64)
at java.base/java.util.concurrent.FutureTask.run(FutureTask.java:317)
at java.base/java.util.concurrent.ThreadPoolExecutor.runWorker(ThreadPoolExecutor.java:1144)
at java.base/java.util.concurrent.ThreadPoolExecutor$Worker.run(ThreadPoolExecutor.java:642)
at java.base/java.lang.Thread.run(Thread.java:1583)
]]>
    </failure>
    <system-out>
      <![CDATA[DEFECT: Purchase is allowed with very long input values.]]>
    </system-out>
  </testcase> <!-- verifyPurchaseWithLongInputValuesInAllFields -->
  <testcase classname="com.tests.PlaceOrderTest" name="verifyDetailsNotEmpty" time="10.562">
    <system-out>
      <![CDATA[PASS: Purchase details are not empty.]]>
    </system-out>
  </testcase> <!-- verifyDetailsNotEmpty -->
  <testcase classname="com.tests.PlaceOrderTest" name="verifyPurchaseWithAlphabeticCreditCardValue" time="12.720">
    <failure message="Purchase should not be allowed with alphabetic credit card value. expected [false] but found [true]" type="java.lang.AssertionError">
      <![CDATA[java.lang.AssertionError: Purchase should not be allowed with alphabetic credit card value. expected [false] but found [true]
at org.testng.Assert.fail(Assert.java:111)
at org.testng.Assert.failNotEquals(Assert.java:1578)
at org.testng.Assert.assertFalse(Assert.java:79)
at com.tests.PlaceOrderTest.verifyPurchaseWithAlphabeticCreditCardValue(PlaceOrderTest.java:327)
at java.base/jdk.internal.reflect.DirectMethodHandleAccessor.invoke(DirectMethodHandleAccessor.java:103)
at java.base/java.lang.reflect.Method.invoke(Method.java:580)
at org.testng.internal.invokers.MethodInvocationHelper.invokeMethod(MethodInvocationHelper.java:141)
at org.testng.internal.invokers.TestInvoker.invokeMethod(TestInvoker.java:686)
at org.testng.internal.invokers.TestInvoker.invokeTestMethod(TestInvoker.java:230)
at org.testng.internal.invokers.MethodRunner.runInSequence(MethodRunner.java:63)
at org.testng.internal.invokers.TestInvoker$MethodInvocationAgent.invoke(TestInvoker.java:992)
at org.testng.internal.invokers.TestInvoker.invokeTestMethods(TestInvoker.java:203)
at org.testng.internal.invokers.TestMethodWorker.invokeTestMethods(TestMethodWorker.java:154)
at org.testng.internal.invokers.TestMethodWorker.run(TestMethodWorker.java:134)
at java.base/java.util.ArrayList.forEach(ArrayList.java:1596)
at org.testng.TestRunner.privateRun(TestRunner.java:739)
at org.testng.TestRunner.run(TestRunner.java:614)
at org.testng.SuiteRunner.runTest(SuiteRunner.java:421)
at org.testng.SuiteRunner$SuiteWorker.run(SuiteRunner.java:463)
at org.testng.internal.thread.ThreadUtil.lambda$execute$0(ThreadUtil.java:64)
at java.base/java.util.concurrent.FutureTask.run(FutureTask.java:317)
at java.base/java.util.concurrent.ThreadPoolExecutor.runWorker(ThreadPoolExecutor.java:1144)
at java.base/java.util.concurrent.ThreadPoolExecutor$Worker.run(ThreadPoolExecutor.java:642)
at java.base/java.lang.Thread.run(Thread.java:1583)
]]>
    </failure>
    <system-out>
      <![CDATA[DEFECT: Purchase is allowed with alphabetic credit card value.]]>
    </system-out>
  </testcase> <!-- verifyPurchaseWithAlphabeticCreditCardValue -->
  <testcase classname="com.tests.PlaceOrderTest" name="verifyPurchaseWithOnlyNameFilled" time="8.811">
    <system-out>
      <![CDATA[PASS: Purchase is blocked with only Name filled.]]>
    </system-out>
  </testcase> <!-- verifyPurchaseWithOnlyNameFilled -->
  <testcase classname="com.tests.PlaceOrderTest" name="verifyModalClosesUsingCloseButton" time="24.631">
    <error message="Expected condition failed: waiting for element to be clickable: By.xpath: //button[text()=&#039;Close&#039;] (tried for 15 second(s) with 500 milliseconds interval)
Build info: version: &#039;4.21.0&#039;, revision: &#039;79ed462ef4&#039;
System info: os.name: &#039;Windows 10&#039;, os.arch: &#039;amd64&#039;, os.version: &#039;10.0&#039;, java.version: &#039;21.0.10&#039;
Driver info: org.openqa.selenium.chrome.ChromeDriver
Capabilities {acceptInsecureCerts: false, browserName: chrome, browserVersion: 147.0.7727.102, chrome: {chromedriverVersion: 147.0.7727.117 (474cc805edd..., userDataDir: C:\Users\User\AppData\Local...}, fedcm:accounts: true, goog:chromeOptions: {debuggerAddress: localhost:60964}, goog:processID: 55592, networkConnectionEnabled: false, pageLoadStrategy: normal, platformName: windows, proxy: Proxy(), se:cdp: ws://localhost:60964/devtoo..., se:cdpVersion: 147.0.7727.102, setWindowRect: true, strictFileInteractability: false, timeouts: {implicit: 0, pageLoad: 300000, script: 30000}, unhandledPromptBehavior: dismiss and notify, webauthn:extension:credBlob: true, webauthn:extension:largeBlob: true, webauthn:extension:minPinLength: true, webauthn:extension:prf: true, webauthn:virtualAuthenticators: true}
Session ID: 137bf1871e7b39653a68cc4764d1d3ad" type="org.openqa.selenium.TimeoutException">
      <![CDATA[org.openqa.selenium.TimeoutException: Expected condition failed: waiting for element to be clickable: By.xpath: //button[text()='Close'] (tried for 15 second(s) with 500 milliseconds interval)
Build info: version: '4.21.0', revision: '79ed462ef4'
System info: os.name: 'Windows 10', os.arch: 'amd64', os.version: '10.0', java.version: '21.0.10'
Driver info: org.openqa.selenium.chrome.ChromeDriver
Capabilities {acceptInsecureCerts: false, browserName: chrome, browserVersion: 147.0.7727.102, chrome: {chromedriverVersion: 147.0.7727.117 (474cc805edd..., userDataDir: C:\Users\User\AppData\Local...}, fedcm:accounts: true, goog:chromeOptions: {debuggerAddress: localhost:60964}, goog:processID: 55592, networkConnectionEnabled: false, pageLoadStrategy: normal, platformName: windows, proxy: Proxy(), se:cdp: ws://localhost:60964/devtoo..., se:cdpVersion: 147.0.7727.102, setWindowRect: true, strictFileInteractability: false, timeouts: {implicit: 0, pageLoad: 300000, script: 30000}, unhandledPromptBehavior: dismiss and notify, webauthn:extension:credBlob: true, webauthn:extension:largeBlob: true, webauthn:extension:minPinLength: true, webauthn:extension:prf: true, webauthn:virtualAuthenticators: true}
Session ID: 137bf1871e7b39653a68cc4764d1d3ad
at org.openqa.selenium.support.ui.WebDriverWait.timeoutException(WebDriverWait.java:84)
at org.openqa.selenium.support.ui.FluentWait.until(FluentWait.java:228)
at com.pages.PlaceOrderPage.clickCloseButton(PlaceOrderPage.java:157)
at com.tests.PlaceOrderTest.verifyModalClosesUsingCloseButton(PlaceOrderTest.java:137)
at java.base/jdk.internal.reflect.DirectMethodHandleAccessor.invoke(DirectMethodHandleAccessor.java:103)
at java.base/java.lang.reflect.Method.invoke(Method.java:580)
at org.testng.internal.invokers.MethodInvocationHelper.invokeMethod(MethodInvocationHelper.java:141)
at org.testng.internal.invokers.TestInvoker.invokeMethod(TestInvoker.java:686)
at org.testng.internal.invokers.TestInvoker.invokeTestMethod(TestInvoker.java:230)
at org.testng.internal.invokers.MethodRunner.runInSequence(MethodRunner.java:63)
at org.testng.internal.invokers.TestInvoker$MethodInvocationAgent.invoke(TestInvoker.java:992)
at org.testng.internal.invokers.TestInvoker.invokeTestMethods(TestInvoker.java:203)
at org.testng.internal.invokers.TestMethodWorker.invokeTestMethods(TestMethodWorker.java:154)
at org.testng.internal.invokers.TestMethodWorker.run(TestMethodWorker.java:134)
at java.base/java.util.ArrayList.forEach(ArrayList.java:1596)
at org.testng.TestRunner.privateRun(TestRunner.java:739)
at org.testng.TestRunner.run(TestRunner.java:614)
at org.testng.SuiteRunner.runTest(SuiteRunner.java:421)
at org.testng.SuiteRunner$SuiteWorker.run(SuiteRunner.java:463)
at org.testng.internal.thread.ThreadUtil.lambda$execute$0(ThreadUtil.java:64)
at java.base/java.util.concurrent.FutureTask.run(FutureTask.java:317)
at java.base/java.util.concurrent.ThreadPoolExecutor.runWorker(ThreadPoolExecutor.java:1144)
at java.base/java.util.concurrent.ThreadPoolExecutor$Worker.run(ThreadPoolExecutor.java:642)
at java.base/java.lang.Thread.run(Thread.java:1583)
]]>
    </error>
  </testcase> <!-- verifyModalClosesUsingCloseButton -->
  <testcase classname="com.tests.PlaceOrderTest" name="verifyPurchaseConfirmationPopupDisplayed" time="12.239">
    <system-out>
      <![CDATA[PASS: Purchase confirmation popup is displayed.]]>
    </system-out>
  </testcase> <!-- verifyPurchaseConfirmationPopupDisplayed -->
  <testcase classname="com.tests.PlaceOrderTest" name="verifyPopupOnlyAfterSuccess" time="14.228">
    <system-out>
      <![CDATA[PASS: Popup appears after successful purchase.]]>
    </system-out>
  </testcase> <!-- verifyPopupOnlyAfterSuccess -->
  <testcase classname="com.tests.PlaceOrderTest" name="verifyPurchaseWithInvalidCreditCardFormat" time="15.134">
    <failure message="Purchase should not be allowed with invalid credit card format. expected [false] but found [true]" type="java.lang.AssertionError">
      <![CDATA[java.lang.AssertionError: Purchase should not be allowed with invalid credit card format. expected [false] but found [true]
at org.testng.Assert.fail(Assert.java:111)
at org.testng.Assert.failNotEquals(Assert.java:1578)
at org.testng.Assert.assertFalse(Assert.java:79)
at com.tests.PlaceOrderTest.verifyPurchaseWithInvalidCreditCardFormat(PlaceOrderTest.java:313)
at java.base/jdk.internal.reflect.DirectMethodHandleAccessor.invoke(DirectMethodHandleAccessor.java:103)
at java.base/java.lang.reflect.Method.invoke(Method.java:580)
at org.testng.internal.invokers.MethodInvocationHelper.invokeMethod(MethodInvocationHelper.java:141)
at org.testng.internal.invokers.TestInvoker.invokeMethod(TestInvoker.java:686)
at org.testng.internal.invokers.TestInvoker.invokeTestMethod(TestInvoker.java:230)
at org.testng.internal.invokers.MethodRunner.runInSequence(MethodRunner.java:63)
at org.testng.internal.invokers.TestInvoker$MethodInvocationAgent.invoke(TestInvoker.java:992)
at org.testng.internal.invokers.TestInvoker.invokeTestMethods(TestInvoker.java:203)
at org.testng.internal.invokers.TestMethodWorker.invokeTestMethods(TestMethodWorker.java:154)
at org.testng.internal.invokers.TestMethodWorker.run(TestMethodWorker.java:134)
at java.base/java.util.ArrayList.forEach(ArrayList.java:1596)
at org.testng.TestRunner.privateRun(TestRunner.java:739)
at org.testng.TestRunner.run(TestRunner.java:614)
at org.testng.SuiteRunner.runTest(SuiteRunner.java:421)
at org.testng.SuiteRunner$SuiteWorker.run(SuiteRunner.java:463)
at org.testng.internal.thread.ThreadUtil.lambda$execute$0(ThreadUtil.java:64)
at java.base/java.util.concurrent.FutureTask.run(FutureTask.java:317)
at java.base/java.util.concurrent.ThreadPoolExecutor.runWorker(ThreadPoolExecutor.java:1144)
at java.base/java.util.concurrent.ThreadPoolExecutor$Worker.run(ThreadPoolExecutor.java:642)
at java.base/java.lang.Thread.run(Thread.java:1583)
]]>
    </failure>
    <system-out>
      <![CDATA[DEFECT: Purchase is allowed with invalid credit card format.]]>
    </system-out>
  </testcase> <!-- verifyPurchaseWithInvalidCreditCardFormat -->
  <testcase classname="com.tests.PlaceOrderTest" name="verifyDateDisplayed" time="11.972">
    <system-out>
      <![CDATA[PASS: Date is displayed in confirmation popup.]]>
    </system-out>
  </testcase> <!-- verifyDateDisplayed -->
  <testcase classname="com.tests.PlaceOrderTest" name="verifyModalTitleIsPlaceOrder" time="10.951">
    <system-out>
      <![CDATA[PASS: Place Order modal title is correct.]]>
    </system-out>
  </testcase> <!-- verifyModalTitleIsPlaceOrder -->
  <testcase classname="com.tests.PlaceOrderTest" name="verifyPurchaseDetailsPresent" time="13.811">
    <system-out>
      <![CDATA[PASS: Purchase details are present in confirmation popup.]]>
    </system-out>
  </testcase> <!-- verifyPurchaseDetailsPresent -->
  <testcase classname="com.tests.PlaceOrderTest" name="verifyPurchaseSuccessTitle" time="13.362">
    <system-out>
      <![CDATA[PASS: Purchase success title is correct.]]>
    </system-out>
  </testcase> <!-- verifyPurchaseSuccessTitle -->
  <testcase classname="com.tests.PlaceOrderTest" name="verifyMonthFieldAcceptsNumericInput" time="8.897">
    <system-out>
      <![CDATA[PASS: Month field accepts numeric input.]]>
    </system-out>
  </testcase> <!-- verifyMonthFieldAcceptsNumericInput -->
  <testcase classname="com.tests.PlaceOrderTest" name="verifyOkButtonVisible" time="11.243">
    <system-out>
      <![CDATA[PASS: OK button is visible.]]>
    </system-out>
  </testcase> <!-- verifyOkButtonVisible -->
  <testcase classname="com.tests.PlaceOrderTest" name="verifyPurchaseWithNameAndCardOnly" time="9.635">
    <failure message="Purchase should not be allowed with Name and Card only. expected [false] but found [true]" type="java.lang.AssertionError">
      <![CDATA[java.lang.AssertionError: Purchase should not be allowed with Name and Card only. expected [false] but found [true]
at org.testng.Assert.fail(Assert.java:111)
at org.testng.Assert.failNotEquals(Assert.java:1578)
at org.testng.Assert.assertFalse(Assert.java:79)
at com.tests.PlaceOrderTest.verifyPurchaseWithNameAndCardOnly(PlaceOrderTest.java:299)
at java.base/jdk.internal.reflect.DirectMethodHandleAccessor.invoke(DirectMethodHandleAccessor.java:103)
at java.base/java.lang.reflect.Method.invoke(Method.java:580)
at org.testng.internal.invokers.MethodInvocationHelper.invokeMethod(MethodInvocationHelper.java:141)
at org.testng.internal.invokers.TestInvoker.invokeMethod(TestInvoker.java:686)
at org.testng.internal.invokers.TestInvoker.invokeTestMethod(TestInvoker.java:230)
at org.testng.internal.invokers.MethodRunner.runInSequence(MethodRunner.java:63)
at org.testng.internal.invokers.TestInvoker$MethodInvocationAgent.invoke(TestInvoker.java:992)
at org.testng.internal.invokers.TestInvoker.invokeTestMethods(TestInvoker.java:203)
at org.testng.internal.invokers.TestMethodWorker.invokeTestMethods(TestMethodWorker.java:154)
at org.testng.internal.invokers.TestMethodWorker.run(TestMethodWorker.java:134)
at java.base/java.util.ArrayList.forEach(ArrayList.java:1596)
at org.testng.TestRunner.privateRun(TestRunner.java:739)
at org.testng.TestRunner.run(TestRunner.java:614)
at org.testng.SuiteRunner.runTest(SuiteRunner.java:421)
at org.testng.SuiteRunner$SuiteWorker.run(SuiteRunner.java:463)
at org.testng.internal.thread.ThreadUtil.lambda$execute$0(ThreadUtil.java:64)
at java.base/java.util.concurrent.FutureTask.run(FutureTask.java:317)
at java.base/java.util.concurrent.ThreadPoolExecutor.runWorker(ThreadPoolExecutor.java:1144)
at java.base/java.util.concurrent.ThreadPoolExecutor$Worker.run(ThreadPoolExecutor.java:642)
at java.base/java.lang.Thread.run(Thread.java:1583)
]]>
    </failure>
    <system-out>
      <![CDATA[DEFECT: Purchase is allowed with Name and Card only.]]>
    </system-out>
  </testcase> <!-- verifyPurchaseWithNameAndCardOnly -->
  <testcase classname="com.tests.PlaceOrderTest" name="verifyUniqueOrderId" time="17.650">
    <system-out>
      <![CDATA[PASS: Unique order ID/content generated for separate purchases.]]>
    </system-out>
  </testcase> <!-- verifyUniqueOrderId -->
  <testcase classname="com.tests.PlaceOrderTest" name="verifyPurchaseAmountCorrect" time="13.533">
    <system-out>
      <![CDATA[PASS: Purchase amount matches cart total.]]>
    </system-out>
  </testcase> <!-- verifyPurchaseAmountCorrect -->
  <testcase classname="com.tests.PlaceOrderTest" name="verifyYearFieldAcceptsNumericInput" time="13.138">
    <system-out>
      <![CDATA[PASS: Year field accepts numeric input.]]>
    </system-out>
  </testcase> <!-- verifyYearFieldAcceptsNumericInput -->
  <testcase classname="com.tests.PlaceOrderTest" name="verifyPurchaseWithoutCartItems" time="22.699">
    <failure message="Cart could not be cleared. expected [true] but found [false]" type="java.lang.AssertionError">
      <![CDATA[java.lang.AssertionError: Cart could not be cleared. expected [true] but found [false]
at org.testng.Assert.fail(Assert.java:111)
at org.testng.Assert.failNotEquals(Assert.java:1578)
at org.testng.Assert.assertTrue(Assert.java:57)
at com.tests.PlaceOrderTest.verifyPurchaseWithoutCartItems(PlaceOrderTest.java:586)
at java.base/jdk.internal.reflect.DirectMethodHandleAccessor.invoke(DirectMethodHandleAccessor.java:103)
at java.base/java.lang.reflect.Method.invoke(Method.java:580)
at org.testng.internal.invokers.MethodInvocationHelper.invokeMethod(MethodInvocationHelper.java:141)
at org.testng.internal.invokers.TestInvoker.invokeMethod(TestInvoker.java:686)
at org.testng.internal.invokers.TestInvoker.invokeTestMethod(TestInvoker.java:230)
at org.testng.internal.invokers.MethodRunner.runInSequence(MethodRunner.java:63)
at org.testng.internal.invokers.TestInvoker$MethodInvocationAgent.invoke(TestInvoker.java:992)
at org.testng.internal.invokers.TestInvoker.invokeTestMethods(TestInvoker.java:203)
at org.testng.internal.invokers.TestMethodWorker.invokeTestMethods(TestMethodWorker.java:154)
at org.testng.internal.invokers.TestMethodWorker.run(TestMethodWorker.java:134)
at java.base/java.util.ArrayList.forEach(ArrayList.java:1596)
at org.testng.TestRunner.privateRun(TestRunner.java:739)
at org.testng.TestRunner.run(TestRunner.java:614)
at org.testng.SuiteRunner.runTest(SuiteRunner.java:421)
at org.testng.SuiteRunner$SuiteWorker.run(SuiteRunner.java:463)
at org.testng.internal.thread.ThreadUtil.lambda$execute$0(ThreadUtil.java:64)
at java.base/java.util.concurrent.FutureTask.run(FutureTask.java:317)
at java.base/java.util.concurrent.ThreadPoolExecutor.runWorker(ThreadPoolExecutor.java:1144)
at java.base/java.util.concurrent.ThreadPoolExecutor$Worker.run(ThreadPoolExecutor.java:642)
at java.base/java.lang.Thread.run(Thread.java:1583)
]]>
    </failure>
  </testcase> <!-- verifyPurchaseWithoutCartItems -->
  <testcase classname="com.tests.PlaceOrderTest" name="verifyPlaceOrderButtonIsVisibleOnCartPage" time="10.727">
    <system-out>
      <![CDATA[PASS: Place Order button is visible on Cart page.]]>
    </system-out>
  </testcase> <!-- verifyPlaceOrderButtonIsVisibleOnCartPage -->
  <testcase classname="com.tests.PlaceOrderTest" name="verifyOkButtonInConfirmationPopupClosesThePopup" time="26.697">
    <system-out>
      <![CDATA[PASS: OK button is visible in confirmation popup.
PASS: OK button closes confirmation popup.]]>
    </system-out>
  </testcase> <!-- verifyOkButtonInConfirmationPopupClosesThePopup -->
  <testcase classname="com.tests.PlaceOrderTest" name="verifyConfirmationPopupShowsSuccessMessageAfterValidPurchase" time="11.701">
    <system-out>
      <![CDATA[PASS: Confirmation popup shows success details.]]>
    </system-out>
  </testcase> <!-- verifyConfirmationPopupShowsSuccessMessageAfterValidPurchase -->
  <testcase classname="com.tests.PlaceOrderTest" name="verifyNameDisplayed" time="11.590">
    <system-out>
      <![CDATA[PASS: User name is displayed correctly.]]>
    </system-out>
  </testcase> <!-- verifyNameDisplayed -->
  <testcase classname="com.tests.PlaceOrderTest" name="verifyPurchaseWithAllFieldsBlank" time="10.951">
    <system-out>
      <![CDATA[PASS: Purchase is blocked with all fields blank.]]>
    </system-out>
  </testcase> <!-- verifyPurchaseWithAllFieldsBlank -->
  <testcase classname="com.tests.PlaceOrderTest" name="verifyPurchaseWithSpecialCharactersInNameField" time="12.374">
    <failure message="Purchase should not be allowed with special characters in Name field. expected [false] but found [true]" type="java.lang.AssertionError">
      <![CDATA[java.lang.AssertionError: Purchase should not be allowed with special characters in Name field. expected [false] but found [true]
at org.testng.Assert.fail(Assert.java:111)
at org.testng.Assert.failNotEquals(Assert.java:1578)
at org.testng.Assert.assertFalse(Assert.java:79)
at com.tests.PlaceOrderTest.verifyPurchaseWithSpecialCharactersInNameField(PlaceOrderTest.java:341)
at java.base/jdk.internal.reflect.DirectMethodHandleAccessor.invoke(DirectMethodHandleAccessor.java:103)
at java.base/java.lang.reflect.Method.invoke(Method.java:580)
at org.testng.internal.invokers.MethodInvocationHelper.invokeMethod(MethodInvocationHelper.java:141)
at org.testng.internal.invokers.TestInvoker.invokeMethod(TestInvoker.java:686)
at org.testng.internal.invokers.TestInvoker.invokeTestMethod(TestInvoker.java:230)
at org.testng.internal.invokers.MethodRunner.runInSequence(MethodRunner.java:63)
at org.testng.internal.invokers.TestInvoker$MethodInvocationAgent.invoke(TestInvoker.java:992)
at org.testng.internal.invokers.TestInvoker.invokeTestMethods(TestInvoker.java:203)
at org.testng.internal.invokers.TestMethodWorker.invokeTestMethods(TestMethodWorker.java:154)
at org.testng.internal.invokers.TestMethodWorker.run(TestMethodWorker.java:134)
at java.base/java.util.ArrayList.forEach(ArrayList.java:1596)
at org.testng.TestRunner.privateRun(TestRunner.java:739)
at org.testng.TestRunner.run(TestRunner.java:614)
at org.testng.SuiteRunner.runTest(SuiteRunner.java:421)
at org.testng.SuiteRunner$SuiteWorker.run(SuiteRunner.java:463)
at org.testng.internal.thread.ThreadUtil.lambda$execute$0(ThreadUtil.java:64)
at java.base/java.util.concurrent.FutureTask.run(FutureTask.java:317)
at java.base/java.util.concurrent.ThreadPoolExecutor.runWorker(ThreadPoolExecutor.java:1144)
at java.base/java.util.concurrent.ThreadPoolExecutor$Worker.run(ThreadPoolExecutor.java:642)
at java.base/java.lang.Thread.run(Thread.java:1583)
]]>
    </failure>
    <system-out>
      <![CDATA[DEFECT: Purchase is allowed with special characters in Name field.]]>
    </system-out>
  </testcase> <!-- verifyPurchaseWithSpecialCharactersInNameField -->
  <testcase classname="com.tests.PlaceOrderTest" name="verifyCartIsClearedAfterSuccessfulPurchase" time="13.170">
    <system-out>
      <![CDATA[PASS: Cart is cleared after successful purchase.]]>
    </system-out>
  </testcase> <!-- verifyCartIsClearedAfterSuccessfulPurchase -->
  <testcase classname="com.tests.PlaceOrderTest" name="verifyTotalLabelIsDisplayedInPlaceOrderModal" time="9.219">
    <system-out>
      <![CDATA[PASS: Total label/value is displayed in Place Order modal. Total: 360]]>
    </system-out>
  </testcase> <!-- verifyTotalLabelIsDisplayedInPlaceOrderModal -->
  <system-out>
    <![CDATA[PASS: Alert message text is displayed correctly: Please fill out Username and Password.
PASS: Clicking the Login link opens the Login modal.
DEFECT: Username field retained old value after reopening Login modal: priyankapriya
DEFECT: Password field retained old value after reopening Login modal: priya@123
DEFECT: Forgot Password option is not available for credential recovery.
DEFECT: Profile view option is not available for logged-in user.
DEFECT: Change password option is not available for logged-in user.
DEFECT: Order or purchase history option is not available for logged-in user.
DEFECT: Saved payment or billing details are not available for logged-in user.
PASS: Login link is displayed on the navigation bar.
PASS: Close button is displayed in Login modal.
PASS: Close icon is displayed in Login modal.
PASS: Log in button is displayed in Login modal.
PASS: Username input field is displayed in Login modal.
PASS: Password input field is displayed in Login modal.
PASS: Login modal header text is correct: Log in
PASS: Login succeeded for valid credentials. Username: priyankapriya
PASS: Welcome text is displayed correctly after login for user: priyankapriya
INFO: Logged out successfully.
DEFECT: Show/Hide password option is not available in the Password field.
PASS: Username label is displayed correctly: Username:
PASS: Password label is displayed correctly: Password:
PASS: Correct validation alert displayed when Password is blank: Please fill out Username and Password.
PASS: Correct validation alert displayed when Username is blank: Please fill out Username and Password.
PASS: Close button is visible in signup modal.
PASS: Close icon is visible in signup modal.
PASS: Sign up button is visible in signup modal.
PASS: Clicking Sign up opens signup modal.
DEFECT: Username field retained old value after reopening signup modal: priyankapriya
DEFECT: Password field retained old value after reopening signup modal: priya@123
PASS: Password field label is correct: Password:
DEFECT: Password field does not provide show/hide toggle option.
PASS: Sign up link is visible in navbar.
PASS: Signup form contains email field.
DEFECT: Signup modal does not include a Confirm Password field.
PASS: Signup modal title is correct: Sign up
PASS: Existing user signup was correctly rejected for user: priyankapriya. Alert: This user already exist.
PASS: Correct validation alert displayed when password is empty: Please fill out Username and Password.
PASS: Correct validation alert displayed when username is empty: Please fill out Username and Password.
PASS: Username field is present in signup modal.
PASS: Password field is present in signup modal.
PASS: Username field label is correct: Username:
DEFECT: Weak credentials were accepted or not properly rejected. Username: a, Password: 1, Alert: This user already exist.
DEFECT: Weak credentials were accepted or not properly rejected. Username: ab, Password: 12, Alert: This user already exist.
DEFECT: Weak credentials were accepted or not properly rejected. Username: test, Password: 123, Alert: This user already exist.
PASS: About modal opens successfully.
PASS: All product category links are visible.
PASS: Brand logo text is displayed correctly: PRODUCT STORE
PASS: Carousel contains exactly 3 slides.
PASS: Carousel Next button changes the active slide.
PASS: Carousel Previous button changes the active slide back.
PASS: Homepage carousel is visible on page load.
PASS: Clicking Cart navigates user to the cart page.
PASS: Clicking Home keeps user on home page and products are displayed.
PASS: Contact modal opens successfully.
PASS: Each category filter returns at least one product.
PASS: Laptops category displays products. Product count: 6
PASS: Logout link is not visible before login.
PASS: All main navigation bar links are visible on page load.
PASS: Monitors category displays products. Product count: 2
PASS: Page title contains STORE. Actual title: STORE
PASS: Phones category displays products. Product count: 9
PASS: Product cards are loaded and visible on the home page initially.
PASS: Phones, Laptops and Monitors category links are visible.
PASS: Clicking Next changes the product list.
PASS: Each category returns at least one product.
PASS: Laptops category displays products. Count: 6
PASS: Laptops category shows relevant laptop products.
PASS: Monitors category displays products. Count: 2
PASS: Monitors category shows relevant monitor products.
PASS: Next pagination button is visible.
PASS: Phones category displays products. Count: 7
PASS: Phones category shows relevant phone products.
PASS: Clicking Previous changes the product list after navigating Next.
PASS: Product cards are visible on initial load.
PASS: Product category section is visible.
PASS: Switching between categories updates the product list.
PASS: Add to cart button is displayed on product details page.
PASS: Add to cart success alert displayed: Product added
PASS: Clicked product matches details page product name: Samsung galaxy s6
PASS: Laptops category product details page opened successfully.
PASS: Monitors category product details page opened successfully.
PASS: Phones category product details page opened successfully.
PASS: Product description is displayed on product details page.
PASS: Product details page URL is correct: https://demoblaze.com/prod.html?idp_=1
PASS: Product image is displayed on product details page.
PASS: Product name is displayed on product details page.
PASS: Product price is displayed on product details page. Price: $360 *includes tax
PASS: Product details page opened successfully for product: Samsung galaxy s6
PASS: Cart contains the added product with correct title: Samsung galaxy s6
PASS: Cart table is displayed on cart page.
INFO: First product: Samsung galaxy s6 | Price: 360
INFO: Second product: Nokia lumia 1520 | Price: 820
INFO: Expected total: 1180
INFO: Actual total: 1180
PASS: Cart total is correct after adding multiple products.
PASS: Cart total is displayed after product is added. Total: 360
INFO: Product: Samsung galaxy s6
INFO: Same product row count in cart: 2
DEFECT: Duplicate product created multiple rows instead of updating quantity. Row count found: 2
PASS: Place Order button is displayed on cart page.
PASS: Place Order modal opens successfully.
PASS: Product added to cart successfully: Samsung galaxy s6
PASS: User deleted product from cart successfully.
PASS: User navigated to cart page successfully.
DEFECT: User can still open purchase flow without products in cart.
PASS: Precondition passed: product added to cart and cart page opened.
PASS: All Place Order input fields are displayed.
PASS: Precondition passed: product added to cart and cart page opened.
PASS: Card number label/details are displayed.
PASS: Precondition passed: product added to cart and cart page opened.
PASS: Cart is cleared after successful purchase.
PASS: Precondition passed: product added to cart and cart page opened.
PASS: Place Order modal opened successfully.
PASS: Precondition passed: product added to cart and cart page opened.
DEFECT: Close or Purchase button is not visible.
PASS: Precondition passed: product added to cart and cart page opened.
PASS: Confirmation popup contains purchase details.
PASS: Precondition passed: product added to cart and cart page opened.
PASS: Confirmation popup shows success details.
PASS: Precondition passed: product added to cart and cart page opened.
PASS: Date is displayed in confirmation popup.
PASS: Precondition passed: product added to cart and cart page opened.
PASS: Purchase details are not empty.
PASS: Precondition passed: product added to cart and cart page opened.
PASS: Precondition passed: product added to cart and cart page opened.
DEFECT: Place Order modal did not close using X icon.
PASS: Precondition passed: product added to cart and cart page opened.
PASS: Place Order modal title is correct.
PASS: Precondition passed: product added to cart and cart page opened.
PASS: Month field accepts numeric input.
PASS: Precondition passed: product added to cart and cart page opened.
PASS: User name is displayed correctly.
PASS: Precondition passed: product added to cart and cart page opened.
PASS: OK button is visible in confirmation popup.
PASS: OK button closes confirmation popup.
PASS: Precondition passed: product added to cart and cart page opened.
PASS: OK button is visible.
PASS: Precondition passed: product added to cart and cart page opened.
PASS: Place Order button is visible on Cart page.
PASS: Precondition passed: product added to cart and cart page opened.
PASS: Precondition passed: product added to cart and cart page opened.
PASS: Popup contains Date.
PASS: Precondition passed: product added to cart and cart page opened.
PASS: Popup contains Id.
PASS: Precondition passed: product added to cart and cart page opened.
PASS: Popup appears after successful purchase.
PASS: Precondition passed: product added to cart and cart page opened.
PASS: Purchase amount matches cart total.
PASS: Precondition passed: product added to cart and cart page opened.
PASS: Purchase confirmation popup is displayed.
PASS: Precondition passed: product added to cart and cart page opened.
PASS: Purchase details are present in confirmation popup.
PASS: Precondition passed: product added to cart and cart page opened.
PASS: Purchase succeeds with valid details.
PASS: Precondition passed: product added to cart and cart page opened.
PASS: Purchase success title is correct.
PASS: Precondition passed: product added to cart and cart page opened.
PASS: Purchase is blocked with all fields blank.
PASS: Precondition passed: product added to cart and cart page opened.
DEFECT: Purchase is allowed with alphabetic credit card value.
PASS: Precondition passed: product added to cart and cart page opened.
DEFECT: Purchase is allowed with invalid credit card format.
PASS: Precondition passed: product added to cart and cart page opened.
DEFECT: Purchase is allowed with very long input values.
PASS: Precondition passed: product added to cart and cart page opened.
DEFECT: Purchase is allowed with Name and Card only.
PASS: Precondition passed: product added to cart and cart page opened.
PASS: Purchase is blocked with only Name filled.
PASS: Precondition passed: product added to cart and cart page opened.
DEFECT: Purchase is allowed with special characters in Name field.
PASS: Precondition passed: product added to cart and cart page opened.
PASS: Precondition passed: product added to cart and cart page opened.
PASS: Total label/value is displayed in Place Order modal. Total: 360
PASS: Precondition passed: product added to cart and cart page opened.
PASS: Unique order ID/content generated for separate purchases.
PASS: Precondition passed: product added to cart and cart page opened.
PASS: User can type into all Place Order fields.
PASS: Precondition passed: product added to cart and cart page opened.
PASS: Year field accepts numeric input.
DEFECT: Proper validation alert not displayed for invalid submission. Actual alert: Thanks for the message!!
DEFECT: Modal title mismatch. Expected: Contact us, Actual: New message
DEFECT: Blank form submitted unexpectedly. Alert text: Thanks for the message!!
DEFECT: Only email submitted unexpectedly. Alert text: Thanks for the message!!
DEFECT: Only name submitted unexpectedly. Alert text: Thanks for the message!!
DEFECT: Only message submitted unexpectedly. Alert text: Thanks for the message!!
DEFECT: Email and name only submitted unexpectedly. Alert text: Thanks for the message!!
DEFECT: Email and message only submitted unexpectedly. Alert text: Thanks for the message!!
DEFECT: Name and message only submitted unexpectedly. Alert text: Thanks for the message!!
PASS: All fields and action buttons are visible.
PASS: Contact modal opens successfully.
DEFECT: Empty form submitted. Alert text: Thanks for the message!!
DEFECT: Fields are not cleared after reopening modal. Email='priyanka@gmail.com', Name='Priyanka', Message='Field clear test'
DEFECT: Invalid email format submitted unexpectedly. Alert text: Thanks for the message!!
DEFECT: Overlength message submitted unexpectedly. Alert text: Thanks for the message!!
PASS: Valid Contact form submitted successfully. Alert: Thanks for the message!!
PASS: About Us modal opened when navbar link was clicked.
PASS: About Us modal title is correct.
PASS: Big play button is visible.
PASS: Close button and X button are visible.
PASS: Modal closed when Close button was clicked.
PASS: Modal closed when X button was clicked.
PASS: Video player container is visible.
DEFECT: Volume level could not be adjusted.
PASS: Video muted and unmuted successfully.
PASS: Video paused and resumed successfully.
DEFECT: Video could not enter and exit fullscreen properly.
PASS: Video is paused initially.
PASS: Video paused successfully after play.
PASS: Video progress changed after seek.
PASS: Video started playing after clicking play button.
PASS: Back navigation after logout does not restore session for user: priyankapriya
PASS: Login link is visible after logout for user: priyankapriya
PASS: Login successful before logout for user: priyankapriya
PASS: Logout successful for user: priyankapriya
PASS: Logout link becomes invisible after logout for user: priyankapriya
PASS: Logout link is not visible before login.
PASS: Logout link is visible after login for user: priyankapriya
PASS: User session is cleared after logout for user: priyankapriya
PASS: Logout functionality works successfully for user: priyankapriya
PASS: Welcome text disappears after logout for user: priyankapriya]]>
  </system-out>
</testsuite> <!-- com.tests.PlaceOrderTest -->
